[0.038s] Invoking command in '/home/ubuntu/environment/aws-robomaker-mini-pupper-application/simulation_ws/build/champ_gazebo': CMAKE_PREFIX_PATH=/home/ubuntu/environment/aws-robomaker-mini-pupper-application/simulation_ws/install/champ_msgs:/home/ubuntu/environment/aws-robomaker-mini-pupper-application/simulation_ws/install/champ:${CMAKE_PREFIX_PATH} PKG_CONFIG_PATH=/home/ubuntu/environment/aws-robomaker-mini-pupper-application/simulation_ws/install/champ_msgs/lib/x86_64-linux-gnu/pkgconfig:/home/ubuntu/environment/aws-robomaker-mini-pupper-application/simulation_ws/install/champ_msgs/lib/pkgconfig:/home/ubuntu/environment/aws-robomaker-mini-pupper-application/simulation_ws/install/champ/lib/x86_64-linux-gnu/pkgconfig:/home/ubuntu/environment/aws-robomaker-mini-pupper-application/simulation_ws/install/champ/lib/pkgconfig:${PKG_CONFIG_PATH} PYTHONPATH=/home/ubuntu/environment/aws-robomaker-mini-pupper-application/simulation_ws/install/champ_msgs/lib/python2.7/dist-packages:${PYTHONPATH} ROS_PACKAGE_PATH=/home/ubuntu/environment/aws-robomaker-mini-pupper-application/simulation_ws/install/champ_msgs/share:/home/ubuntu/environment/aws-robomaker-mini-pupper-application/simulation_ws/install/champ/share:${ROS_PACKAGE_PATH} /usr/bin/cmake /home/ubuntu/environment/aws-robomaker-mini-pupper-application/simulation_ws/src/champ/champ_gazebo -Wno-dev -DCATKIN_INSTALL_INTO_PREFIX_ROOT=0 -DCMAKE_INSTALL_PREFIX=/home/ubuntu/environment/aws-robomaker-mini-pupper-application/simulation_ws/install/champ_gazebo
[0.108s] -- The C compiler identification is GNU 7.5.0
[0.175s] -- The CXX compiler identification is GNU 7.5.0
[0.181s] -- Check for working C compiler: /usr/bin/cc
[0.261s] -- Check for working C compiler: /usr/bin/cc -- works
[0.262s] -- Detecting C compiler ABI info
[0.355s] -- Detecting C compiler ABI info - done
[0.365s] -- Detecting C compile features
[0.592s] -- Detecting C compile features - done
[0.596s] -- Check for working CXX compiler: /usr/bin/c++
[0.683s] -- Check for working CXX compiler: /usr/bin/c++ -- works
[0.683s] -- Detecting CXX compiler ABI info
[0.775s] -- Detecting CXX compiler ABI info - done
[0.784s] -- Detecting CXX compile features
[1.208s] -- Detecting CXX compile features - done
[1.218s] -- Found PkgConfig: /usr/bin/pkg-config (found version "0.29.1") 
[1.222s] -- Checking for module 'bullet>=2.82'
[1.239s] --   Found bullet, version 2.87
[1.287s] -- Found Simbody: /usr/include/simbody  
[1.568s] -- Looking for pthread.h
[1.653s] -- Looking for pthread.h - found
[1.654s] -- Looking for pthread_create
[1.742s] -- Looking for pthread_create - not found
[1.742s] -- Looking for pthread_create in pthreads
[1.829s] -- Looking for pthread_create in pthreads - not found
[1.829s] -- Looking for pthread_create in pthread
[1.911s] -- Looking for pthread_create in pthread - found
[1.913s] -- Found Threads: TRUE  
[1.955s] -- Boost version: 1.65.1
[1.955s] -- Found the following Boost libraries:
[1.955s] --   thread
[1.955s] --   system
[1.956s] --   filesystem
[1.956s] --   program_options
[1.956s] --   regex
[1.956s] --   iostreams
[1.956s] --   date_time
[1.956s] --   chrono
[1.957s] --   atomic
[3.223s] -- Found Protobuf: /usr/lib/x86_64-linux-gnu/libprotobuf.so;-lpthread (found version "3.0.0") 
[3.254s] -- Boost version: 1.65.1
[3.259s] -- Looking for OGRE...
[3.261s] -- OGRE_PREFIX_WATCH changed.
[3.279s] -- Checking for module 'OGRE'
[3.302s] --   Found OGRE, version 1.9.0
[3.377s] -- Found Ogre Ghadamon (1.9.0)
[3.504s] -- Found OGRE: optimized;/usr/lib/x86_64-linux-gnu/libOgreMain.so;debug;/usr/lib/x86_64-linux-gnu/libOgreMain.so
[3.589s] -- Looking for OGRE_Paging...
[3.597s] -- Found OGRE_Paging: optimized;/usr/lib/x86_64-linux-gnu/libOgrePaging.so;debug;/usr/lib/x86_64-linux-gnu/libOgrePaging.so
[3.598s] -- Looking for OGRE_Terrain...
[3.605s] -- Found OGRE_Terrain: optimized;/usr/lib/x86_64-linux-gnu/libOgreTerrain.so;debug;/usr/lib/x86_64-linux-gnu/libOgreTerrain.so
[3.605s] -- Looking for OGRE_Property...
[3.612s] -- Found OGRE_Property: optimized;/usr/lib/x86_64-linux-gnu/libOgreProperty.so;debug;/usr/lib/x86_64-linux-gnu/libOgreProperty.so
[3.612s] -- Looking for OGRE_RTShaderSystem...
[3.619s] -- Found OGRE_RTShaderSystem: optimized;/usr/lib/x86_64-linux-gnu/libOgreRTShaderSystem.so;debug;/usr/lib/x86_64-linux-gnu/libOgreRTShaderSystem.so
[3.620s] -- Looking for OGRE_Volume...
[3.626s] -- Found OGRE_Volume: optimized;/usr/lib/x86_64-linux-gnu/libOgreVolume.so;debug;/usr/lib/x86_64-linux-gnu/libOgreVolume.so
[3.627s] -- Looking for OGRE_Overlay...
[3.634s] -- Found OGRE_Overlay: optimized;/usr/lib/x86_64-linux-gnu/libOgreOverlay.so;debug;/usr/lib/x86_64-linux-gnu/libOgreOverlay.so
[3.818s] -- Found Protobuf: /usr/lib/x86_64-linux-gnu/libprotobuf.so;-lpthread;-lpthread (found suitable version "3.0.0", minimum required is "2.3.0") 
[3.831s] -- Config-file not installed for ZeroMQ -- checking for pkg-config
[3.838s] -- Checking for module 'libzmq >= 4'
[3.875s] --   Found libzmq , version 4.2.5
[3.935s] -- Found ZeroMQ: TRUE (Required is at least version "4") 
[3.945s] -- Checking for module 'uuid'
[3.969s] --   Found uuid, version 2.31.1
[4.028s] -- Found UUID: TRUE  
[4.048s] -- Checking for module 'tinyxml2'
[4.071s] --   Found tinyxml2, version 6.0.0
[4.129s] -- Looking for dlfcn.h - found
[4.130s] -- Looking for libdl - found
[4.132s] -- Found DL: TRUE  
[4.134s] -- FreeImage.pc not found, we will search for FreeImage_INCLUDE_DIRS and FreeImage_LIBRARIES
[4.261s] -- Checking for module 'gts'
[4.287s] --   Found gts, version 0.7.6
[4.361s] -- Found GTS: TRUE  
[4.368s] -- Checking for module 'libswscale'
[4.389s] --   Found libswscale, version 4.8.100
[4.432s] -- Found SWSCALE: TRUE  
[4.438s] -- Checking for module 'libavdevice >= 56.4.100'
[4.456s] --   Found libavdevice , version 57.10.100
[4.501s] -- Found AVDEVICE: TRUE (Required is at least version "56.4.100") 
[4.505s] -- Checking for module 'libavformat'
[4.519s] --   Found libavformat, version 57.83.100
[4.564s] -- Found AVFORMAT: TRUE  
[4.568s] -- Checking for module 'libavcodec'
[4.582s] --   Found libavcodec, version 57.107.100
[4.622s] -- Found AVCODEC: TRUE  
[4.627s] -- Checking for module 'libavutil'
[4.640s] --   Found libavutil, version 55.78.100
[4.680s] -- Found AVUTIL: TRUE  
[4.688s] -- Found CURL: /usr/lib/x86_64-linux-gnu/libcurl.so (found version "7.58.0") 
[4.696s] -- Checking for module 'jsoncpp'
[4.710s] --   Found jsoncpp, version 1.7.4
[4.747s] -- Found JSONCPP: TRUE  
[4.759s] -- Checking for module 'yaml-0.1'
[4.772s] --   Found yaml-0.1, version 0.1.7
[4.809s] -- Found YAML: TRUE  
[4.814s] -- Checking for module 'libzip'
[4.827s] --   Found libzip, version 1.1.2
[4.865s] -- Found ZIP: TRUE  
[4.867s] -- Using CATKIN_DEVEL_PREFIX: /home/ubuntu/environment/aws-robomaker-mini-pupper-application/simulation_ws/build/champ_gazebo/devel
[4.868s] -- Using CMAKE_PREFIX_PATH: /home/ubuntu/environment/aws-robomaker-mini-pupper-application/simulation_ws/install/champ_msgs;/home/ubuntu/environment/aws-robomaker-mini-pupper-application/simulation_ws/install/champ;/opt/ros/melodic
[4.868s] -- This workspace overlays: /home/ubuntu/environment/aws-robomaker-mini-pupper-application/simulation_ws/install/champ_msgs;/home/ubuntu/environment/aws-robomaker-mini-pupper-application/simulation_ws/install/champ;/opt/ros/melodic
[4.883s] -- Found PythonInterp: /usr/bin/python2 (found suitable version "2.7.17", minimum required is "2") 
[4.883s] -- Using PYTHON_EXECUTABLE: /usr/bin/python2
[4.883s] -- Using Debian Python package layout
[4.884s] -- Using empy: /usr/bin/empy
[5.150s] -- Using CATKIN_ENABLE_TESTING: ON
[5.151s] -- Call enable_testing()
[5.153s] -- Using CATKIN_TEST_RESULTS_DIR: /home/ubuntu/environment/aws-robomaker-mini-pupper-application/simulation_ws/build/champ_gazebo/test_results
[5.167s] -- Found gtest sources under '/usr/src/googletest': gtests will be built
[5.167s] -- Found gmock sources under '/usr/src/googletest': gmock will be built
[5.183s] -- Found PythonInterp: /usr/bin/python2 (found version "2.7.17") 
[5.190s] -- Using Python nosetests: /usr/bin/nosetests-2.7
[5.233s] -- catkin 0.7.29
[5.233s] -- BUILD_SHARED_LIBS is on
[5.616s] -- Configuring done
[10.977s] -- Generating done
[11.008s] -- Build files have been written to: /home/ubuntu/environment/aws-robomaker-mini-pupper-application/simulation_ws/build/champ_gazebo
[11.023s] Invoked command in '/home/ubuntu/environment/aws-robomaker-mini-pupper-application/simulation_ws/build/champ_gazebo' returned '0': CMAKE_PREFIX_PATH=/home/ubuntu/environment/aws-robomaker-mini-pupper-application/simulation_ws/install/champ_msgs:/home/ubuntu/environment/aws-robomaker-mini-pupper-application/simulation_ws/install/champ:${CMAKE_PREFIX_PATH} PKG_CONFIG_PATH=/home/ubuntu/environment/aws-robomaker-mini-pupper-application/simulation_ws/install/champ_msgs/lib/x86_64-linux-gnu/pkgconfig:/home/ubuntu/environment/aws-robomaker-mini-pupper-application/simulation_ws/install/champ_msgs/lib/pkgconfig:/home/ubuntu/environment/aws-robomaker-mini-pupper-application/simulation_ws/install/champ/lib/x86_64-linux-gnu/pkgconfig:/home/ubuntu/environment/aws-robomaker-mini-pupper-application/simulation_ws/install/champ/lib/pkgconfig:${PKG_CONFIG_PATH} PYTHONPATH=/home/ubuntu/environment/aws-robomaker-mini-pupper-application/simulation_ws/install/champ_msgs/lib/python2.7/dist-packages:${PYTHONPATH} ROS_PACKAGE_PATH=/home/ubuntu/environment/aws-robomaker-mini-pupper-application/simulation_ws/install/champ_msgs/share:/home/ubuntu/environment/aws-robomaker-mini-pupper-application/simulation_ws/install/champ/share:${ROS_PACKAGE_PATH} /usr/bin/cmake /home/ubuntu/environment/aws-robomaker-mini-pupper-application/simulation_ws/src/champ/champ_gazebo -Wno-dev -DCATKIN_INSTALL_INTO_PREFIX_ROOT=0 -DCMAKE_INSTALL_PREFIX=/home/ubuntu/environment/aws-robomaker-mini-pupper-application/simulation_ws/install/champ_gazebo
[11.025s] Invoking command in '/home/ubuntu/environment/aws-robomaker-mini-pupper-application/simulation_ws/build/champ_gazebo': CMAKE_PREFIX_PATH=/home/ubuntu/environment/aws-robomaker-mini-pupper-application/simulation_ws/install/champ_msgs:/home/ubuntu/environment/aws-robomaker-mini-pupper-application/simulation_ws/install/champ:${CMAKE_PREFIX_PATH} PKG_CONFIG_PATH=/home/ubuntu/environment/aws-robomaker-mini-pupper-application/simulation_ws/install/champ_msgs/lib/x86_64-linux-gnu/pkgconfig:/home/ubuntu/environment/aws-robomaker-mini-pupper-application/simulation_ws/install/champ_msgs/lib/pkgconfig:/home/ubuntu/environment/aws-robomaker-mini-pupper-application/simulation_ws/install/champ/lib/x86_64-linux-gnu/pkgconfig:/home/ubuntu/environment/aws-robomaker-mini-pupper-application/simulation_ws/install/champ/lib/pkgconfig:${PKG_CONFIG_PATH} PYTHONPATH=/home/ubuntu/environment/aws-robomaker-mini-pupper-application/simulation_ws/install/champ_msgs/lib/python2.7/dist-packages:${PYTHONPATH} ROS_PACKAGE_PATH=/home/ubuntu/environment/aws-robomaker-mini-pupper-application/simulation_ws/install/champ_msgs/share:/home/ubuntu/environment/aws-robomaker-mini-pupper-application/simulation_ws/install/champ/share:${ROS_PACKAGE_PATH} /usr/bin/cmake --build /home/ubuntu/environment/aws-robomaker-mini-pupper-application/simulation_ws/build/champ_gazebo -- -j4 -l4
[11.228s] [35m[1mScanning dependencies of target std_msgs_generate_messages_eus[0m
[11.229s] [35m[1mScanning dependencies of target rosgraph_msgs_generate_messages_nodejs[0m
[11.241s] [35m[1mScanning dependencies of target roscpp_generate_messages_cpp[0m
[11.242s] [35m[1mScanning dependencies of target rosgraph_msgs_generate_messages_py[0m
[11.248s] [  0%] Built target rosgraph_msgs_generate_messages_nodejs
[11.266s] [35m[1mScanning dependencies of target rosgraph_msgs_generate_messages_lisp[0m
[11.278s] [  0%] Built target std_msgs_generate_messages_eus
[11.294s] [  0%] Built target rosgraph_msgs_generate_messages_py
[11.295s] [  0%] Built target rosgraph_msgs_generate_messages_lisp
[11.300s] [  0%] Built target roscpp_generate_messages_cpp
[11.319s] [35m[1mScanning dependencies of target rosgraph_msgs_generate_messages_eus[0m
[11.336s] [35m[1mScanning dependencies of target roscpp_generate_messages_py[0m
[11.361s] [  0%] Built target roscpp_generate_messages_py
[11.361s] [35m[1mScanning dependencies of target champ_msgs_generate_messages_lisp[0m
[11.378s] [35m[1mScanning dependencies of target rosgraph_msgs_generate_messages_cpp[0m
[11.385s] [  0%] Built target rosgraph_msgs_generate_messages_eus
[11.402s] [  0%] Built target champ_msgs_generate_messages_lisp
[11.421s] [35m[1mScanning dependencies of target std_msgs_generate_messages_py[0m
[11.438s] [35m[1mScanning dependencies of target champ_msgs_generate_messages_nodejs[0m
[11.468s] [  0%] Built target rosgraph_msgs_generate_messages_cpp
[11.469s] [35m[1mScanning dependencies of target geometry_msgs_generate_messages_eus[0m
[11.475s] [  0%] Built target std_msgs_generate_messages_py
[11.480s] [  0%] Built target champ_msgs_generate_messages_nodejs
[11.534s] [35m[1mScanning dependencies of target roscpp_generate_messages_nodejs[0m
[11.540s] [  0%] Built target geometry_msgs_generate_messages_eus
[11.547s] [35m[1mScanning dependencies of target roscpp_generate_messages_lisp[0m
[11.560s] [35m[1mScanning dependencies of target roscpp_generate_messages_eus[0m
[11.572s] [  0%] Built target roscpp_generate_messages_lisp
[11.594s] [35m[1mScanning dependencies of target std_msgs_generate_messages_cpp[0m
[11.595s] [  0%] Built target roscpp_generate_messages_nodejs
[11.616s] [  0%] Built target roscpp_generate_messages_eus
[11.646s] [35m[1mScanning dependencies of target champ_msgs_generate_messages_eus[0m
[11.656s] [35m[1mScanning dependencies of target geometry_msgs_generate_messages_nodejs[0m
[11.656s] [  0%] Built target std_msgs_generate_messages_cpp
[11.691s] [  0%] Built target geometry_msgs_generate_messages_nodejs
[11.708s] [35m[1mScanning dependencies of target std_msgs_generate_messages_lisp[0m
[11.724s] [35m[1mScanning dependencies of target std_msgs_generate_messages_nodejs[0m
[11.727s] [  0%] Built target champ_msgs_generate_messages_eus
[11.757s] [35m[1mScanning dependencies of target champ_msgs_generate_messages_cpp[0m
[11.760s] [  0%] Built target std_msgs_generate_messages_lisp
[11.789s] [35m[1mScanning dependencies of target champ_msgs_generate_messages_py[0m
[11.796s] [  0%] Built target std_msgs_generate_messages_nodejs
[11.827s] [  0%] Built target champ_msgs_generate_messages_cpp
[11.830s] [35m[1mScanning dependencies of target geometry_msgs_generate_messages_lisp[0m
[11.833s] [35m[1mScanning dependencies of target geometry_msgs_generate_messages_cpp[0m
[11.862s] [  0%] Built target geometry_msgs_generate_messages_lisp
[11.878s] [  0%] Built target champ_msgs_generate_messages_py
[11.883s] [  0%] Built target geometry_msgs_generate_messages_cpp
[11.894s] [35m[1mScanning dependencies of target geometry_msgs_generate_messages_py[0m
[11.962s] [  0%] Built target geometry_msgs_generate_messages_py
[12.030s] [35m[1mScanning dependencies of target contact_sensor[0m
[13.778s] [ 50%] [32mBuilding CXX object CMakeFiles/contact_sensor.dir/src/contact_sensor.cpp.o[0m
[24.034s] [100%] [32m[1mLinking CXX executable devel/lib/champ_gazebo/contact_sensor[0m
[40.486s] [100%] Built target contact_sensor
[40.498s] Invoked command in '/home/ubuntu/environment/aws-robomaker-mini-pupper-application/simulation_ws/build/champ_gazebo' returned '0': CMAKE_PREFIX_PATH=/home/ubuntu/environment/aws-robomaker-mini-pupper-application/simulation_ws/install/champ_msgs:/home/ubuntu/environment/aws-robomaker-mini-pupper-application/simulation_ws/install/champ:${CMAKE_PREFIX_PATH} PKG_CONFIG_PATH=/home/ubuntu/environment/aws-robomaker-mini-pupper-application/simulation_ws/install/champ_msgs/lib/x86_64-linux-gnu/pkgconfig:/home/ubuntu/environment/aws-robomaker-mini-pupper-application/simulation_ws/install/champ_msgs/lib/pkgconfig:/home/ubuntu/environment/aws-robomaker-mini-pupper-application/simulation_ws/install/champ/lib/x86_64-linux-gnu/pkgconfig:/home/ubuntu/environment/aws-robomaker-mini-pupper-application/simulation_ws/install/champ/lib/pkgconfig:${PKG_CONFIG_PATH} PYTHONPATH=/home/ubuntu/environment/aws-robomaker-mini-pupper-application/simulation_ws/install/champ_msgs/lib/python2.7/dist-packages:${PYTHONPATH} ROS_PACKAGE_PATH=/home/ubuntu/environment/aws-robomaker-mini-pupper-application/simulation_ws/install/champ_msgs/share:/home/ubuntu/environment/aws-robomaker-mini-pupper-application/simulation_ws/install/champ/share:${ROS_PACKAGE_PATH} /usr/bin/cmake --build /home/ubuntu/environment/aws-robomaker-mini-pupper-application/simulation_ws/build/champ_gazebo -- -j4 -l4
[40.545s] Invoking command in '/home/ubuntu/environment/aws-robomaker-mini-pupper-application/simulation_ws/build/champ_gazebo': CMAKE_PREFIX_PATH=/home/ubuntu/environment/aws-robomaker-mini-pupper-application/simulation_ws/install/champ_msgs:/home/ubuntu/environment/aws-robomaker-mini-pupper-application/simulation_ws/install/champ:${CMAKE_PREFIX_PATH} PKG_CONFIG_PATH=/home/ubuntu/environment/aws-robomaker-mini-pupper-application/simulation_ws/install/champ_msgs/lib/x86_64-linux-gnu/pkgconfig:/home/ubuntu/environment/aws-robomaker-mini-pupper-application/simulation_ws/install/champ_msgs/lib/pkgconfig:/home/ubuntu/environment/aws-robomaker-mini-pupper-application/simulation_ws/install/champ/lib/x86_64-linux-gnu/pkgconfig:/home/ubuntu/environment/aws-robomaker-mini-pupper-application/simulation_ws/install/champ/lib/pkgconfig:${PKG_CONFIG_PATH} PYTHONPATH=/home/ubuntu/environment/aws-robomaker-mini-pupper-application/simulation_ws/install/champ_msgs/lib/python2.7/dist-packages:${PYTHONPATH} ROS_PACKAGE_PATH=/home/ubuntu/environment/aws-robomaker-mini-pupper-application/simulation_ws/install/champ_msgs/share:/home/ubuntu/environment/aws-robomaker-mini-pupper-application/simulation_ws/install/champ/share:${ROS_PACKAGE_PATH} /usr/bin/cmake --build /home/ubuntu/environment/aws-robomaker-mini-pupper-application/simulation_ws/build/champ_gazebo --target tests -- -j4 -l4
[40.604s] [35m[1mScanning dependencies of target tests[0m
[40.614s] Built target tests
[40.625s] Invoked command in '/home/ubuntu/environment/aws-robomaker-mini-pupper-application/simulation_ws/build/champ_gazebo' returned '0': CMAKE_PREFIX_PATH=/home/ubuntu/environment/aws-robomaker-mini-pupper-application/simulation_ws/install/champ_msgs:/home/ubuntu/environment/aws-robomaker-mini-pupper-application/simulation_ws/install/champ:${CMAKE_PREFIX_PATH} PKG_CONFIG_PATH=/home/ubuntu/environment/aws-robomaker-mini-pupper-application/simulation_ws/install/champ_msgs/lib/x86_64-linux-gnu/pkgconfig:/home/ubuntu/environment/aws-robomaker-mini-pupper-application/simulation_ws/install/champ_msgs/lib/pkgconfig:/home/ubuntu/environment/aws-robomaker-mini-pupper-application/simulation_ws/install/champ/lib/x86_64-linux-gnu/pkgconfig:/home/ubuntu/environment/aws-robomaker-mini-pupper-application/simulation_ws/install/champ/lib/pkgconfig:${PKG_CONFIG_PATH} PYTHONPATH=/home/ubuntu/environment/aws-robomaker-mini-pupper-application/simulation_ws/install/champ_msgs/lib/python2.7/dist-packages:${PYTHONPATH} ROS_PACKAGE_PATH=/home/ubuntu/environment/aws-robomaker-mini-pupper-application/simulation_ws/install/champ_msgs/share:/home/ubuntu/environment/aws-robomaker-mini-pupper-application/simulation_ws/install/champ/share:${ROS_PACKAGE_PATH} /usr/bin/cmake --build /home/ubuntu/environment/aws-robomaker-mini-pupper-application/simulation_ws/build/champ_gazebo --target tests -- -j4 -l4
[40.672s] Invoking command in '/home/ubuntu/environment/aws-robomaker-mini-pupper-application/simulation_ws/build/champ_gazebo': CMAKE_PREFIX_PATH=/home/ubuntu/environment/aws-robomaker-mini-pupper-application/simulation_ws/install/champ_msgs:/home/ubuntu/environment/aws-robomaker-mini-pupper-application/simulation_ws/install/champ:${CMAKE_PREFIX_PATH} PKG_CONFIG_PATH=/home/ubuntu/environment/aws-robomaker-mini-pupper-application/simulation_ws/install/champ_msgs/lib/x86_64-linux-gnu/pkgconfig:/home/ubuntu/environment/aws-robomaker-mini-pupper-application/simulation_ws/install/champ_msgs/lib/pkgconfig:/home/ubuntu/environment/aws-robomaker-mini-pupper-application/simulation_ws/install/champ/lib/x86_64-linux-gnu/pkgconfig:/home/ubuntu/environment/aws-robomaker-mini-pupper-application/simulation_ws/install/champ/lib/pkgconfig:${PKG_CONFIG_PATH} PYTHONPATH=/home/ubuntu/environment/aws-robomaker-mini-pupper-application/simulation_ws/install/champ_msgs/lib/python2.7/dist-packages:${PYTHONPATH} ROS_PACKAGE_PATH=/home/ubuntu/environment/aws-robomaker-mini-pupper-application/simulation_ws/install/champ_msgs/share:/home/ubuntu/environment/aws-robomaker-mini-pupper-application/simulation_ws/install/champ/share:${ROS_PACKAGE_PATH} /usr/bin/cmake --build /home/ubuntu/environment/aws-robomaker-mini-pupper-application/simulation_ws/build/champ_gazebo --target install -- -j4 -l4
[40.738s] [  0%] Built target roscpp_generate_messages_cpp
[40.738s] [  0%] Built target rosgraph_msgs_generate_messages_py
[40.739s] [  0%] Built target rosgraph_msgs_generate_messages_nodejs
[40.740s] [  0%] Built target std_msgs_generate_messages_eus
[40.769s] [  0%] Built target rosgraph_msgs_generate_messages_eus
[40.769s] [  0%] Built target rosgraph_msgs_generate_messages_lisp
[40.770s] [  0%] Built target rosgraph_msgs_generate_messages_cpp
[40.772s] [  0%] Built target champ_msgs_generate_messages_lisp
[40.797s] [  0%] Built target roscpp_generate_messages_py
[40.802s] [  0%] Built target std_msgs_generate_messages_py
[40.802s] [  0%] Built target champ_msgs_generate_messages_nodejs
[40.811s] [  0%] Built target geometry_msgs_generate_messages_eus
[40.827s] [  0%] Built target roscpp_generate_messages_nodejs
[40.834s] [  0%] Built target roscpp_generate_messages_eus
[40.834s] [  0%] Built target roscpp_generate_messages_lisp
[40.843s] [  0%] Built target std_msgs_generate_messages_cpp
[40.860s] [  0%] Built target geometry_msgs_generate_messages_nodejs
[40.864s] [  0%] Built target champ_msgs_generate_messages_eus
[40.865s] [  0%] Built target std_msgs_generate_messages_lisp
[40.876s] [  0%] Built target std_msgs_generate_messages_nodejs
[40.887s] [  0%] Built target champ_msgs_generate_messages_cpp
[40.895s] [  0%] Built target champ_msgs_generate_messages_py
[40.898s] [  0%] Built target geometry_msgs_generate_messages_cpp
[40.904s] [  0%] Built target geometry_msgs_generate_messages_lisp
[40.913s] [  0%] Built target geometry_msgs_generate_messages_py
[40.946s] [100%] Built target contact_sensor
[40.966s] [36mInstall the project...[0m
[40.974s] -- Install configuration: ""
[40.974s] -- Installing: /home/ubuntu/environment/aws-robomaker-mini-pupper-application/simulation_ws/install/champ_gazebo/lib/pkgconfig/champ_gazebo.pc
[40.975s] -- Installing: /home/ubuntu/environment/aws-robomaker-mini-pupper-application/simulation_ws/install/champ_gazebo/share/champ_gazebo/cmake/champ_gazeboConfig.cmake
[40.975s] -- Installing: /home/ubuntu/environment/aws-robomaker-mini-pupper-application/simulation_ws/install/champ_gazebo/share/champ_gazebo/cmake/champ_gazeboConfig-version.cmake
[40.975s] -- Installing: /home/ubuntu/environment/aws-robomaker-mini-pupper-application/simulation_ws/install/champ_gazebo/share/champ_gazebo/package.xml
[40.975s] -- Installing: /home/ubuntu/environment/aws-robomaker-mini-pupper-application/simulation_ws/install/champ_gazebo/lib/champ_gazebo/imu_sensor.py
[40.976s] -- Installing: /home/ubuntu/environment/aws-robomaker-mini-pupper-application/simulation_ws/install/champ_gazebo/lib/champ_gazebo/odometry_tf.py
[40.977s] -- Installing: /home/ubuntu/environment/aws-robomaker-mini-pupper-application/simulation_ws/install/champ_gazebo/lib/champ_gazebo/odometry.py
[40.978s] -- Installing: /home/ubuntu/environment/aws-robomaker-mini-pupper-application/simulation_ws/install/champ_gazebo/lib/champ_gazebo/contact_sensor
[40.979s] -- Set runtime path of "/home/ubuntu/environment/aws-robomaker-mini-pupper-application/simulation_ws/install/champ_gazebo/lib/champ_gazebo/contact_sensor" to ""
[40.979s] -- Installing: /home/ubuntu/environment/aws-robomaker-mini-pupper-application/simulation_ws/install/champ_gazebo/share/champ_gazebo/launch
[40.979s] -- Installing: /home/ubuntu/environment/aws-robomaker-mini-pupper-application/simulation_ws/install/champ_gazebo/share/champ_gazebo/launch/spawn_robot.launch
[40.980s] -- Installing: /home/ubuntu/environment/aws-robomaker-mini-pupper-application/simulation_ws/install/champ_gazebo/share/champ_gazebo/launch/spawn_world.launch
[40.981s] -- Installing: /home/ubuntu/environment/aws-robomaker-mini-pupper-application/simulation_ws/install/champ_gazebo/share/champ_gazebo/launch/gazebo.launch
[40.981s] -- Installing: /home/ubuntu/environment/aws-robomaker-mini-pupper-application/simulation_ws/install/champ_gazebo/share/champ_gazebo/config
[40.982s] -- Installing: /home/ubuntu/environment/aws-robomaker-mini-pupper-application/simulation_ws/install/champ_gazebo/share/champ_gazebo/config/ros_control.yaml
[40.982s] -- Installing: /home/ubuntu/environment/aws-robomaker-mini-pupper-application/simulation_ws/install/champ_gazebo/share/champ_gazebo/worlds
[40.982s] -- Installing: /home/ubuntu/environment/aws-robomaker-mini-pupper-application/simulation_ws/install/champ_gazebo/share/champ_gazebo/worlds/default.world
[40.983s] -- Installing: /home/ubuntu/environment/aws-robomaker-mini-pupper-application/simulation_ws/install/champ_gazebo/share/champ_gazebo/worlds/outdoor.world
[40.988s] Invoked command in '/home/ubuntu/environment/aws-robomaker-mini-pupper-application/simulation_ws/build/champ_gazebo' returned '0': CMAKE_PREFIX_PATH=/home/ubuntu/environment/aws-robomaker-mini-pupper-application/simulation_ws/install/champ_msgs:/home/ubuntu/environment/aws-robomaker-mini-pupper-application/simulation_ws/install/champ:${CMAKE_PREFIX_PATH} PKG_CONFIG_PATH=/home/ubuntu/environment/aws-robomaker-mini-pupper-application/simulation_ws/install/champ_msgs/lib/x86_64-linux-gnu/pkgconfig:/home/ubuntu/environment/aws-robomaker-mini-pupper-application/simulation_ws/install/champ_msgs/lib/pkgconfig:/home/ubuntu/environment/aws-robomaker-mini-pupper-application/simulation_ws/install/champ/lib/x86_64-linux-gnu/pkgconfig:/home/ubuntu/environment/aws-robomaker-mini-pupper-application/simulation_ws/install/champ/lib/pkgconfig:${PKG_CONFIG_PATH} PYTHONPATH=/home/ubuntu/environment/aws-robomaker-mini-pupper-application/simulation_ws/install/champ_msgs/lib/python2.7/dist-packages:${PYTHONPATH} ROS_PACKAGE_PATH=/home/ubuntu/environment/aws-robomaker-mini-pupper-application/simulation_ws/install/champ_msgs/share:/home/ubuntu/environment/aws-robomaker-mini-pupper-application/simulation_ws/install/champ/share:${ROS_PACKAGE_PATH} /usr/bin/cmake --build /home/ubuntu/environment/aws-robomaker-mini-pupper-application/simulation_ws/build/champ_gazebo --target install -- -j4 -l4
