[0.070s] Invoking command in '/home/ubuntu/environment/aws-robomaker-mini-pupper-application/simulation_ws/build/champ_config': CMAKE_PREFIX_PATH=/home/ubuntu/environment/aws-robomaker-mini-pupper-application/simulation_ws/install/champ_base:/home/ubuntu/environment/aws-robomaker-mini-pupper-application/simulation_ws/install/champ_msgs:/home/ubuntu/environment/aws-robomaker-mini-pupper-application/simulation_ws/install/champ:${CMAKE_PREFIX_PATH} LD_LIBRARY_PATH=/home/ubuntu/environment/aws-robomaker-mini-pupper-application/simulation_ws/install/champ_base/lib:${LD_LIBRARY_PATH} PKG_CONFIG_PATH=/home/ubuntu/environment/aws-robomaker-mini-pupper-application/simulation_ws/install/champ_base/lib/x86_64-linux-gnu/pkgconfig:/home/ubuntu/environment/aws-robomaker-mini-pupper-application/simulation_ws/install/champ_base/lib/pkgconfig:/home/ubuntu/environment/aws-robomaker-mini-pupper-application/simulation_ws/install/champ_msgs/lib/x86_64-linux-gnu/pkgconfig:/home/ubuntu/environment/aws-robomaker-mini-pupper-application/simulation_ws/install/champ_msgs/lib/pkgconfig:/home/ubuntu/environment/aws-robomaker-mini-pupper-application/simulation_ws/install/champ/lib/x86_64-linux-gnu/pkgconfig:/home/ubuntu/environment/aws-robomaker-mini-pupper-application/simulation_ws/install/champ/lib/pkgconfig:${PKG_CONFIG_PATH} PYTHONPATH=/home/ubuntu/environment/aws-robomaker-mini-pupper-application/simulation_ws/install/champ_msgs/lib/python2.7/dist-packages:${PYTHONPATH} ROS_PACKAGE_PATH=/home/ubuntu/environment/aws-robomaker-mini-pupper-application/simulation_ws/install/champ_base/share:/home/ubuntu/environment/aws-robomaker-mini-pupper-application/simulation_ws/install/champ_msgs/share:/home/ubuntu/environment/aws-robomaker-mini-pupper-application/simulation_ws/install/champ/share:${ROS_PACKAGE_PATH} /usr/bin/cmake /home/ubuntu/environment/aws-robomaker-mini-pupper-application/simulation_ws/src/champ/champ_config -Wno-dev -DCATKIN_INSTALL_INTO_PREFIX_ROOT=0 -DCMAKE_INSTALL_PREFIX=/home/ubuntu/environment/aws-robomaker-mini-pupper-application/simulation_ws/install/champ_config
[0.181s] -- The C compiler identification is GNU 7.5.0
[0.270s] -- The CXX compiler identification is GNU 7.5.0
[0.278s] -- Check for working C compiler: /usr/bin/cc
[0.378s] -- Check for working C compiler: /usr/bin/cc -- works
[0.379s] -- Detecting C compiler ABI info
[0.488s] -- Detecting C compiler ABI info - done
[0.507s] -- Detecting C compile features
[0.829s] -- Detecting C compile features - done
[0.835s] -- Check for working CXX compiler: /usr/bin/c++
[0.959s] -- Check for working CXX compiler: /usr/bin/c++ -- works
[0.959s] -- Detecting CXX compiler ABI info
[1.083s] -- Detecting CXX compiler ABI info - done
[1.099s] -- Detecting CXX compile features
[1.658s] -- Detecting CXX compile features - done
[1.661s] -- Using CATKIN_DEVEL_PREFIX: /home/ubuntu/environment/aws-robomaker-mini-pupper-application/simulation_ws/build/champ_config/devel
[1.662s] -- Using CMAKE_PREFIX_PATH: /home/ubuntu/environment/aws-robomaker-mini-pupper-application/simulation_ws/install/champ_base;/home/ubuntu/environment/aws-robomaker-mini-pupper-application/simulation_ws/install/champ_msgs;/home/ubuntu/environment/aws-robomaker-mini-pupper-application/simulation_ws/install/champ;/opt/ros/melodic
[1.662s] -- This workspace overlays: /home/ubuntu/environment/aws-robomaker-mini-pupper-application/simulation_ws/install/champ_base;/home/ubuntu/environment/aws-robomaker-mini-pupper-application/simulation_ws/install/champ_msgs;/home/ubuntu/environment/aws-robomaker-mini-pupper-application/simulation_ws/install/champ;/opt/ros/melodic
[1.685s] -- Found PythonInterp: /usr/bin/python2 (found suitable version "2.7.17", minimum required is "2") 
[1.685s] -- Using PYTHON_EXECUTABLE: /usr/bin/python2
[1.686s] -- Using Debian Python package layout
[1.687s] -- Using empy: /usr/bin/empy
[1.949s] -- Using CATKIN_ENABLE_TESTING: ON
[1.949s] -- Call enable_testing()
[1.953s] -- Using CATKIN_TEST_RESULTS_DIR: /home/ubuntu/environment/aws-robomaker-mini-pupper-application/simulation_ws/build/champ_config/test_results
[1.984s] -- Found gtest sources under '/usr/src/googletest': gtests will be built
[1.984s] -- Found gmock sources under '/usr/src/googletest': gmock will be built
[2.015s] -- Found PythonInterp: /usr/bin/python2 (found version "2.7.17") 
[2.015s] -- Looking for pthread.h
[2.125s] -- Looking for pthread.h - found
[2.126s] -- Looking for pthread_create
[2.243s] -- Looking for pthread_create - not found
[2.244s] -- Looking for pthread_create in pthreads
[2.334s] -- Looking for pthread_create in pthreads - not found
[2.335s] -- Looking for pthread_create in pthread
[2.440s] -- Looking for pthread_create in pthread - found
[2.442s] -- Found Threads: TRUE  
[2.450s] -- Using Python nosetests: /usr/bin/nosetests-2.7
[2.521s] -- catkin 0.7.29
[2.521s] -- BUILD_SHARED_LIBS is on
[2.856s] -- Configuring done
[2.866s] -- Generating done
[2.871s] -- Build files have been written to: /home/ubuntu/environment/aws-robomaker-mini-pupper-application/simulation_ws/build/champ_config
[2.875s] Invoked command in '/home/ubuntu/environment/aws-robomaker-mini-pupper-application/simulation_ws/build/champ_config' returned '0': CMAKE_PREFIX_PATH=/home/ubuntu/environment/aws-robomaker-mini-pupper-application/simulation_ws/install/champ_base:/home/ubuntu/environment/aws-robomaker-mini-pupper-application/simulation_ws/install/champ_msgs:/home/ubuntu/environment/aws-robomaker-mini-pupper-application/simulation_ws/install/champ:${CMAKE_PREFIX_PATH} LD_LIBRARY_PATH=/home/ubuntu/environment/aws-robomaker-mini-pupper-application/simulation_ws/install/champ_base/lib:${LD_LIBRARY_PATH} PKG_CONFIG_PATH=/home/ubuntu/environment/aws-robomaker-mini-pupper-application/simulation_ws/install/champ_base/lib/x86_64-linux-gnu/pkgconfig:/home/ubuntu/environment/aws-robomaker-mini-pupper-application/simulation_ws/install/champ_base/lib/pkgconfig:/home/ubuntu/environment/aws-robomaker-mini-pupper-application/simulation_ws/install/champ_msgs/lib/x86_64-linux-gnu/pkgconfig:/home/ubuntu/environment/aws-robomaker-mini-pupper-application/simulation_ws/install/champ_msgs/lib/pkgconfig:/home/ubuntu/environment/aws-robomaker-mini-pupper-application/simulation_ws/install/champ/lib/x86_64-linux-gnu/pkgconfig:/home/ubuntu/environment/aws-robomaker-mini-pupper-application/simulation_ws/install/champ/lib/pkgconfig:${PKG_CONFIG_PATH} PYTHONPATH=/home/ubuntu/environment/aws-robomaker-mini-pupper-application/simulation_ws/install/champ_msgs/lib/python2.7/dist-packages:${PYTHONPATH} ROS_PACKAGE_PATH=/home/ubuntu/environment/aws-robomaker-mini-pupper-application/simulation_ws/install/champ_base/share:/home/ubuntu/environment/aws-robomaker-mini-pupper-application/simulation_ws/install/champ_msgs/share:/home/ubuntu/environment/aws-robomaker-mini-pupper-application/simulation_ws/install/champ/share:${ROS_PACKAGE_PATH} /usr/bin/cmake /home/ubuntu/environment/aws-robomaker-mini-pupper-application/simulation_ws/src/champ/champ_config -Wno-dev -DCATKIN_INSTALL_INTO_PREFIX_ROOT=0 -DCMAKE_INSTALL_PREFIX=/home/ubuntu/environment/aws-robomaker-mini-pupper-application/simulation_ws/install/champ_config
[2.881s] Invoking command in '/home/ubuntu/environment/aws-robomaker-mini-pupper-application/simulation_ws/build/champ_config': CMAKE_PREFIX_PATH=/home/ubuntu/environment/aws-robomaker-mini-pupper-application/simulation_ws/install/champ_base:/home/ubuntu/environment/aws-robomaker-mini-pupper-application/simulation_ws/install/champ_msgs:/home/ubuntu/environment/aws-robomaker-mini-pupper-application/simulation_ws/install/champ:${CMAKE_PREFIX_PATH} LD_LIBRARY_PATH=/home/ubuntu/environment/aws-robomaker-mini-pupper-application/simulation_ws/install/champ_base/lib:${LD_LIBRARY_PATH} PKG_CONFIG_PATH=/home/ubuntu/environment/aws-robomaker-mini-pupper-application/simulation_ws/install/champ_base/lib/x86_64-linux-gnu/pkgconfig:/home/ubuntu/environment/aws-robomaker-mini-pupper-application/simulation_ws/install/champ_base/lib/pkgconfig:/home/ubuntu/environment/aws-robomaker-mini-pupper-application/simulation_ws/install/champ_msgs/lib/x86_64-linux-gnu/pkgconfig:/home/ubuntu/environment/aws-robomaker-mini-pupper-application/simulation_ws/install/champ_msgs/lib/pkgconfig:/home/ubuntu/environment/aws-robomaker-mini-pupper-application/simulation_ws/install/champ/lib/x86_64-linux-gnu/pkgconfig:/home/ubuntu/environment/aws-robomaker-mini-pupper-application/simulation_ws/install/champ/lib/pkgconfig:${PKG_CONFIG_PATH} PYTHONPATH=/home/ubuntu/environment/aws-robomaker-mini-pupper-application/simulation_ws/install/champ_msgs/lib/python2.7/dist-packages:${PYTHONPATH} ROS_PACKAGE_PATH=/home/ubuntu/environment/aws-robomaker-mini-pupper-application/simulation_ws/install/champ_base/share:/home/ubuntu/environment/aws-robomaker-mini-pupper-application/simulation_ws/install/champ_msgs/share:/home/ubuntu/environment/aws-robomaker-mini-pupper-application/simulation_ws/install/champ/share:${ROS_PACKAGE_PATH} /usr/bin/cmake --build /home/ubuntu/environment/aws-robomaker-mini-pupper-application/simulation_ws/build/champ_config -- -j4 -l4
[2.943s] Invoked command in '/home/ubuntu/environment/aws-robomaker-mini-pupper-application/simulation_ws/build/champ_config' returned '0': CMAKE_PREFIX_PATH=/home/ubuntu/environment/aws-robomaker-mini-pupper-application/simulation_ws/install/champ_base:/home/ubuntu/environment/aws-robomaker-mini-pupper-application/simulation_ws/install/champ_msgs:/home/ubuntu/environment/aws-robomaker-mini-pupper-application/simulation_ws/install/champ:${CMAKE_PREFIX_PATH} LD_LIBRARY_PATH=/home/ubuntu/environment/aws-robomaker-mini-pupper-application/simulation_ws/install/champ_base/lib:${LD_LIBRARY_PATH} PKG_CONFIG_PATH=/home/ubuntu/environment/aws-robomaker-mini-pupper-application/simulation_ws/install/champ_base/lib/x86_64-linux-gnu/pkgconfig:/home/ubuntu/environment/aws-robomaker-mini-pupper-application/simulation_ws/install/champ_base/lib/pkgconfig:/home/ubuntu/environment/aws-robomaker-mini-pupper-application/simulation_ws/install/champ_msgs/lib/x86_64-linux-gnu/pkgconfig:/home/ubuntu/environment/aws-robomaker-mini-pupper-application/simulation_ws/install/champ_msgs/lib/pkgconfig:/home/ubuntu/environment/aws-robomaker-mini-pupper-application/simulation_ws/install/champ/lib/x86_64-linux-gnu/pkgconfig:/home/ubuntu/environment/aws-robomaker-mini-pupper-application/simulation_ws/install/champ/lib/pkgconfig:${PKG_CONFIG_PATH} PYTHONPATH=/home/ubuntu/environment/aws-robomaker-mini-pupper-application/simulation_ws/install/champ_msgs/lib/python2.7/dist-packages:${PYTHONPATH} ROS_PACKAGE_PATH=/home/ubuntu/environment/aws-robomaker-mini-pupper-application/simulation_ws/install/champ_base/share:/home/ubuntu/environment/aws-robomaker-mini-pupper-application/simulation_ws/install/champ_msgs/share:/home/ubuntu/environment/aws-robomaker-mini-pupper-application/simulation_ws/install/champ/share:${ROS_PACKAGE_PATH} /usr/bin/cmake --build /home/ubuntu/environment/aws-robomaker-mini-pupper-application/simulation_ws/build/champ_config -- -j4 -l4
[2.994s] Invoking command in '/home/ubuntu/environment/aws-robomaker-mini-pupper-application/simulation_ws/build/champ_config': CMAKE_PREFIX_PATH=/home/ubuntu/environment/aws-robomaker-mini-pupper-application/simulation_ws/install/champ_base:/home/ubuntu/environment/aws-robomaker-mini-pupper-application/simulation_ws/install/champ_msgs:/home/ubuntu/environment/aws-robomaker-mini-pupper-application/simulation_ws/install/champ:${CMAKE_PREFIX_PATH} LD_LIBRARY_PATH=/home/ubuntu/environment/aws-robomaker-mini-pupper-application/simulation_ws/install/champ_base/lib:${LD_LIBRARY_PATH} PKG_CONFIG_PATH=/home/ubuntu/environment/aws-robomaker-mini-pupper-application/simulation_ws/install/champ_base/lib/x86_64-linux-gnu/pkgconfig:/home/ubuntu/environment/aws-robomaker-mini-pupper-application/simulation_ws/install/champ_base/lib/pkgconfig:/home/ubuntu/environment/aws-robomaker-mini-pupper-application/simulation_ws/install/champ_msgs/lib/x86_64-linux-gnu/pkgconfig:/home/ubuntu/environment/aws-robomaker-mini-pupper-application/simulation_ws/install/champ_msgs/lib/pkgconfig:/home/ubuntu/environment/aws-robomaker-mini-pupper-application/simulation_ws/install/champ/lib/x86_64-linux-gnu/pkgconfig:/home/ubuntu/environment/aws-robomaker-mini-pupper-application/simulation_ws/install/champ/lib/pkgconfig:${PKG_CONFIG_PATH} PYTHONPATH=/home/ubuntu/environment/aws-robomaker-mini-pupper-application/simulation_ws/install/champ_msgs/lib/python2.7/dist-packages:${PYTHONPATH} ROS_PACKAGE_PATH=/home/ubuntu/environment/aws-robomaker-mini-pupper-application/simulation_ws/install/champ_base/share:/home/ubuntu/environment/aws-robomaker-mini-pupper-application/simulation_ws/install/champ_msgs/share:/home/ubuntu/environment/aws-robomaker-mini-pupper-application/simulation_ws/install/champ/share:${ROS_PACKAGE_PATH} /usr/bin/cmake --build /home/ubuntu/environment/aws-robomaker-mini-pupper-application/simulation_ws/build/champ_config --target tests -- -j4 -l4
[3.063s] [35m[1mScanning dependencies of target tests[0m
[3.074s] Built target tests
[3.085s] Invoked command in '/home/ubuntu/environment/aws-robomaker-mini-pupper-application/simulation_ws/build/champ_config' returned '0': CMAKE_PREFIX_PATH=/home/ubuntu/environment/aws-robomaker-mini-pupper-application/simulation_ws/install/champ_base:/home/ubuntu/environment/aws-robomaker-mini-pupper-application/simulation_ws/install/champ_msgs:/home/ubuntu/environment/aws-robomaker-mini-pupper-application/simulation_ws/install/champ:${CMAKE_PREFIX_PATH} LD_LIBRARY_PATH=/home/ubuntu/environment/aws-robomaker-mini-pupper-application/simulation_ws/install/champ_base/lib:${LD_LIBRARY_PATH} PKG_CONFIG_PATH=/home/ubuntu/environment/aws-robomaker-mini-pupper-application/simulation_ws/install/champ_base/lib/x86_64-linux-gnu/pkgconfig:/home/ubuntu/environment/aws-robomaker-mini-pupper-application/simulation_ws/install/champ_base/lib/pkgconfig:/home/ubuntu/environment/aws-robomaker-mini-pupper-application/simulation_ws/install/champ_msgs/lib/x86_64-linux-gnu/pkgconfig:/home/ubuntu/environment/aws-robomaker-mini-pupper-application/simulation_ws/install/champ_msgs/lib/pkgconfig:/home/ubuntu/environment/aws-robomaker-mini-pupper-application/simulation_ws/install/champ/lib/x86_64-linux-gnu/pkgconfig:/home/ubuntu/environment/aws-robomaker-mini-pupper-application/simulation_ws/install/champ/lib/pkgconfig:${PKG_CONFIG_PATH} PYTHONPATH=/home/ubuntu/environment/aws-robomaker-mini-pupper-application/simulation_ws/install/champ_msgs/lib/python2.7/dist-packages:${PYTHONPATH} ROS_PACKAGE_PATH=/home/ubuntu/environment/aws-robomaker-mini-pupper-application/simulation_ws/install/champ_base/share:/home/ubuntu/environment/aws-robomaker-mini-pupper-application/simulation_ws/install/champ_msgs/share:/home/ubuntu/environment/aws-robomaker-mini-pupper-application/simulation_ws/install/champ/share:${ROS_PACKAGE_PATH} /usr/bin/cmake --build /home/ubuntu/environment/aws-robomaker-mini-pupper-application/simulation_ws/build/champ_config --target tests -- -j4 -l4
[3.119s] Invoking command in '/home/ubuntu/environment/aws-robomaker-mini-pupper-application/simulation_ws/build/champ_config': CMAKE_PREFIX_PATH=/home/ubuntu/environment/aws-robomaker-mini-pupper-application/simulation_ws/install/champ_base:/home/ubuntu/environment/aws-robomaker-mini-pupper-application/simulation_ws/install/champ_msgs:/home/ubuntu/environment/aws-robomaker-mini-pupper-application/simulation_ws/install/champ:${CMAKE_PREFIX_PATH} LD_LIBRARY_PATH=/home/ubuntu/environment/aws-robomaker-mini-pupper-application/simulation_ws/install/champ_base/lib:${LD_LIBRARY_PATH} PKG_CONFIG_PATH=/home/ubuntu/environment/aws-robomaker-mini-pupper-application/simulation_ws/install/champ_base/lib/x86_64-linux-gnu/pkgconfig:/home/ubuntu/environment/aws-robomaker-mini-pupper-application/simulation_ws/install/champ_base/lib/pkgconfig:/home/ubuntu/environment/aws-robomaker-mini-pupper-application/simulation_ws/install/champ_msgs/lib/x86_64-linux-gnu/pkgconfig:/home/ubuntu/environment/aws-robomaker-mini-pupper-application/simulation_ws/install/champ_msgs/lib/pkgconfig:/home/ubuntu/environment/aws-robomaker-mini-pupper-application/simulation_ws/install/champ/lib/x86_64-linux-gnu/pkgconfig:/home/ubuntu/environment/aws-robomaker-mini-pupper-application/simulation_ws/install/champ/lib/pkgconfig:${PKG_CONFIG_PATH} PYTHONPATH=/home/ubuntu/environment/aws-robomaker-mini-pupper-application/simulation_ws/install/champ_msgs/lib/python2.7/dist-packages:${PYTHONPATH} ROS_PACKAGE_PATH=/home/ubuntu/environment/aws-robomaker-mini-pupper-application/simulation_ws/install/champ_base/share:/home/ubuntu/environment/aws-robomaker-mini-pupper-application/simulation_ws/install/champ_msgs/share:/home/ubuntu/environment/aws-robomaker-mini-pupper-application/simulation_ws/install/champ/share:${ROS_PACKAGE_PATH} /usr/bin/cmake --build /home/ubuntu/environment/aws-robomaker-mini-pupper-application/simulation_ws/build/champ_config --target install -- -j4 -l4
[3.183s] [36mInstall the project...[0m
[3.196s] -- Install configuration: ""
[3.197s] -- Installing: /home/ubuntu/environment/aws-robomaker-mini-pupper-application/simulation_ws/install/champ_config/lib/pkgconfig/champ_config.pc
[3.197s] -- Installing: /home/ubuntu/environment/aws-robomaker-mini-pupper-application/simulation_ws/install/champ_config/share/champ_config/cmake/champ_configConfig.cmake
[3.197s] -- Installing: /home/ubuntu/environment/aws-robomaker-mini-pupper-application/simulation_ws/install/champ_config/share/champ_config/cmake/champ_configConfig-version.cmake
[3.197s] -- Installing: /home/ubuntu/environment/aws-robomaker-mini-pupper-application/simulation_ws/install/champ_config/share/champ_config/package.xml
[3.198s] -- Installing: /home/ubuntu/environment/aws-robomaker-mini-pupper-application/simulation_ws/install/champ_config/share/champ_config/config
[3.198s] -- Installing: /home/ubuntu/environment/aws-robomaker-mini-pupper-application/simulation_ws/install/champ_config/share/champ_config/config/joints
[3.198s] -- Installing: /home/ubuntu/environment/aws-robomaker-mini-pupper-application/simulation_ws/install/champ_config/share/champ_config/config/joints/joints.yaml
[3.199s] -- Installing: /home/ubuntu/environment/aws-robomaker-mini-pupper-application/simulation_ws/install/champ_config/share/champ_config/config/ros_control
[3.199s] -- Installing: /home/ubuntu/environment/aws-robomaker-mini-pupper-application/simulation_ws/install/champ_config/share/champ_config/config/ros_control/ros_control.yaml
[3.199s] -- Installing: /home/ubuntu/environment/aws-robomaker-mini-pupper-application/simulation_ws/install/champ_config/share/champ_config/config/gait
[3.199s] -- Installing: /home/ubuntu/environment/aws-robomaker-mini-pupper-application/simulation_ws/install/champ_config/share/champ_config/config/gait/gait.yaml
[3.200s] -- Installing: /home/ubuntu/environment/aws-robomaker-mini-pupper-application/simulation_ws/install/champ_config/share/champ_config/config/links
[3.200s] -- Installing: /home/ubuntu/environment/aws-robomaker-mini-pupper-application/simulation_ws/install/champ_config/share/champ_config/config/links/links.yaml
[3.200s] -- Installing: /home/ubuntu/environment/aws-robomaker-mini-pupper-application/simulation_ws/install/champ_config/share/champ_config/config/move_base
[3.201s] -- Installing: /home/ubuntu/environment/aws-robomaker-mini-pupper-application/simulation_ws/install/champ_config/share/champ_config/config/move_base/local_costmap_params.yaml
[3.201s] -- Installing: /home/ubuntu/environment/aws-robomaker-mini-pupper-application/simulation_ws/install/champ_config/share/champ_config/config/move_base/base_local_planner_holonomic_params.yaml
[3.201s] -- Installing: /home/ubuntu/environment/aws-robomaker-mini-pupper-application/simulation_ws/install/champ_config/share/champ_config/config/move_base/move_base_params.yaml
[3.202s] -- Installing: /home/ubuntu/environment/aws-robomaker-mini-pupper-application/simulation_ws/install/champ_config/share/champ_config/config/move_base/costmap_common_params.yaml
[3.202s] -- Installing: /home/ubuntu/environment/aws-robomaker-mini-pupper-application/simulation_ws/install/champ_config/share/champ_config/config/move_base/global_costmap_params.yaml
[3.203s] -- Installing: /home/ubuntu/environment/aws-robomaker-mini-pupper-application/simulation_ws/install/champ_config/share/champ_config/launch
[3.203s] -- Installing: /home/ubuntu/environment/aws-robomaker-mini-pupper-application/simulation_ws/install/champ_config/share/champ_config/launch/bringup.launch
[3.204s] -- Installing: /home/ubuntu/environment/aws-robomaker-mini-pupper-application/simulation_ws/install/champ_config/share/champ_config/launch/slam.launch
[3.204s] -- Installing: /home/ubuntu/environment/aws-robomaker-mini-pupper-application/simulation_ws/install/champ_config/share/champ_config/launch/spawn_robot.launch
[3.205s] -- Installing: /home/ubuntu/environment/aws-robomaker-mini-pupper-application/simulation_ws/install/champ_config/share/champ_config/launch/include
[3.205s] -- Installing: /home/ubuntu/environment/aws-robomaker-mini-pupper-application/simulation_ws/install/champ_config/share/champ_config/launch/include/amcl.launch
[3.206s] -- Installing: /home/ubuntu/environment/aws-robomaker-mini-pupper-application/simulation_ws/install/champ_config/share/champ_config/launch/include/move_base.launch
[3.206s] -- Installing: /home/ubuntu/environment/aws-robomaker-mini-pupper-application/simulation_ws/install/champ_config/share/champ_config/launch/include/gmapping.launch
[3.207s] -- Installing: /home/ubuntu/environment/aws-robomaker-mini-pupper-application/simulation_ws/install/champ_config/share/champ_config/launch/gazebo.launch
[3.207s] -- Installing: /home/ubuntu/environment/aws-robomaker-mini-pupper-application/simulation_ws/install/champ_config/share/champ_config/launch/navigate.launch
[3.208s] -- Installing: /home/ubuntu/environment/aws-robomaker-mini-pupper-application/simulation_ws/install/champ_config/share/champ_config/maps
[3.208s] -- Installing: /home/ubuntu/environment/aws-robomaker-mini-pupper-application/simulation_ws/install/champ_config/share/champ_config/maps/map.yaml
[3.208s] -- Installing: /home/ubuntu/environment/aws-robomaker-mini-pupper-application/simulation_ws/install/champ_config/share/champ_config/maps/map.pgm
[3.229s] -- Installing: /home/ubuntu/environment/aws-robomaker-mini-pupper-application/simulation_ws/install/champ_config/share/champ_config/worlds
[3.230s] -- Installing: /home/ubuntu/environment/aws-robomaker-mini-pupper-application/simulation_ws/install/champ_config/share/champ_config/worlds/default.world
[3.230s] -- Installing: /home/ubuntu/environment/aws-robomaker-mini-pupper-application/simulation_ws/install/champ_config/share/champ_config/worlds/outdoor.world
[3.237s] Invoked command in '/home/ubuntu/environment/aws-robomaker-mini-pupper-application/simulation_ws/build/champ_config' returned '0': CMAKE_PREFIX_PATH=/home/ubuntu/environment/aws-robomaker-mini-pupper-application/simulation_ws/install/champ_base:/home/ubuntu/environment/aws-robomaker-mini-pupper-application/simulation_ws/install/champ_msgs:/home/ubuntu/environment/aws-robomaker-mini-pupper-application/simulation_ws/install/champ:${CMAKE_PREFIX_PATH} LD_LIBRARY_PATH=/home/ubuntu/environment/aws-robomaker-mini-pupper-application/simulation_ws/install/champ_base/lib:${LD_LIBRARY_PATH} PKG_CONFIG_PATH=/home/ubuntu/environment/aws-robomaker-mini-pupper-application/simulation_ws/install/champ_base/lib/x86_64-linux-gnu/pkgconfig:/home/ubuntu/environment/aws-robomaker-mini-pupper-application/simulation_ws/install/champ_base/lib/pkgconfig:/home/ubuntu/environment/aws-robomaker-mini-pupper-application/simulation_ws/install/champ_msgs/lib/x86_64-linux-gnu/pkgconfig:/home/ubuntu/environment/aws-robomaker-mini-pupper-application/simulation_ws/install/champ_msgs/lib/pkgconfig:/home/ubuntu/environment/aws-robomaker-mini-pupper-application/simulation_ws/install/champ/lib/x86_64-linux-gnu/pkgconfig:/home/ubuntu/environment/aws-robomaker-mini-pupper-application/simulation_ws/install/champ/lib/pkgconfig:${PKG_CONFIG_PATH} PYTHONPATH=/home/ubuntu/environment/aws-robomaker-mini-pupper-application/simulation_ws/install/champ_msgs/lib/python2.7/dist-packages:${PYTHONPATH} ROS_PACKAGE_PATH=/home/ubuntu/environment/aws-robomaker-mini-pupper-application/simulation_ws/install/champ_base/share:/home/ubuntu/environment/aws-robomaker-mini-pupper-application/simulation_ws/install/champ_msgs/share:/home/ubuntu/environment/aws-robomaker-mini-pupper-application/simulation_ws/install/champ/share:${ROS_PACKAGE_PATH} /usr/bin/cmake --build /home/ubuntu/environment/aws-robomaker-mini-pupper-application/simulation_ws/build/champ_config --target install -- -j4 -l4
