[0.000000] (-) TimerEvent: {}
[0.000899] (mini_pupper_navigation) JobQueued: {'identifier': 'mini_pupper_navigation', 'dependencies': OrderedDict()}
[0.000960] (mini_pupper_navigation) JobStarted: {'identifier': 'mini_pupper_navigation'}
[0.034209] (mini_pupper_navigation) JobProgress: {'identifier': 'mini_pupper_navigation', 'progress': 'cmake'}
[0.034519] (mini_pupper_navigation) Command: {'cmd': ['/usr/bin/cmake', '/home/ubuntu/environment/aws-robomaker-mini-pupper-application/robot_ws/src/mini_pupper_navigation', '-DCATKIN_INSTALL_INTO_PREFIX_ROOT=0', '-DCMAKE_INSTALL_PREFIX=/home/ubuntu/environment/aws-robomaker-mini-pupper-application/robot_ws/install/mini_pupper_navigation'], 'cwd': '/home/ubuntu/environment/aws-robomaker-mini-pupper-application/robot_ws/build/mini_pupper_navigation', 'env': OrderedDict([('HISTFILESIZE', '100000'), ('TMUX', '/tmp/tmux-1000/cloud92.2,3217,1'), ('MAIL', '/var/mail/ubuntu'), ('USER', 'ubuntu'), ('SSH_CLIENT', '18.179.48.130 3819 22'), ('ROS_PACKAGE_PATH', '/opt/ros/melodic/share'), ('LD_LIBRARY_PATH', '/opt/ros/melodic/lib'), ('ROS_ETC_DIR', '/opt/ros/melodic/etc/ros'), ('SHLVL', '5'), ('OLDPWD', '/home/ubuntu/environment/aws-robomaker-mini-pupper-application/simulation_ws'), ('HOME', '/home/ubuntu'), ('PORT', '8080'), ('ISOUTPUTPANE', '0'), ('NVM_BIN', '/home/ubuntu/.nvm/versions/node/v8.17.0/bin'), ('NVM_NODEJS_ORG_MIRROR', 'https://nodejs.org/dist'), ('ROS_PYTHON_VERSION', '2'), ('C9_USER', 'root'), ('NVM_DIR', '/home/ubuntu/.nvm'), ('NVM_PATH', '/home/ubuntu/.nvm/versions/node/v8.17.0/lib/node'), ('ROS_DISTRO', 'melodic'), ('HGUSER', 'root'), ('LOGNAME', 'ubuntu'), ('rvm_bin_path', '/usr/local/rvm/bin'), ('_', '/usr/local/bin/colcon'), ('RUBY_VERSION', 'ruby-2.6.6'), ('ROS_VERSION', '1'), ('C9_PORT', '8080'), ('PKG_CONFIG_PATH', '/opt/ros/melodic/lib/pkgconfig'), ('IRBRC', '/usr/local/rvm/rubies/ruby-2.6.6/.irbrc'), ('XDG_SESSION_ID', '10'), ('TERM', 'xterm-256color'), ('PATH', '/home/ubuntu/.nvm/versions/node/v8.17.0/bin:/opt/ros/melodic/bin:/usr/local/rvm/gems/ruby-2.6.6/bin:/usr/local/rvm/gems/ruby-2.6.6@global/bin:/usr/local/rvm/rubies/ruby-2.6.6/bin:/usr/local/sbin:/usr/local/bin:/usr/sbin:/usr/bin:/sbin:/bin:/usr/games:/usr/local/games:/snap/bin:/home/ubuntu/.local/bin:/home/ubuntu/bin:/home/ubuntu/.local/bin:/home/ubuntu/bin:/usr/local/rvm/bin:/home/ubuntu/.local/bin:/home/ubuntu/bin'), ('NVM_IOJS_ORG_MIRROR', 'https://iojs.org/dist'), ('XDG_RUNTIME_DIR', '/run/user/1000'), ('MY_RUBY_HOME', '/usr/local/rvm/rubies/ruby-2.6.6'), ('LANG', 'C.UTF-8'), ('HISTSIZE', '100000'), ('ROS_ROOT', '/opt/ros/melodic/share/ros'), ('ROSLISP_PACKAGE_DIRECTORIES', ''), ('C9_HOSTNAME', '35.75.10.53'), ('NODE_PATH', '/home/ubuntu/.c9/node_modules'), ('SHELL', '/bin/bash'), ('ROS_MASTER_URI', 'http://localhost:11311'), ('rvm_prefix', '/usr/local'), ('PROMPT_COMMAND', 'history -a;'), ('GEM_HOME', '/usr/local/rvm/gems/ruby-2.6.6'), ('C9_PID', 'bf31f26352e846968e243a1153314fcf'), ('rvm_version', '1.29.12 (latest)'), ('C9_PROJECT', 'mini-pupper-dev'), ('PWD', '/home/ubuntu/environment/aws-robomaker-mini-pupper-application/robot_ws/build/mini_pupper_navigation'), ('GEM_PATH', '/usr/local/rvm/gems/ruby-2.6.6:/usr/local/rvm/gems/ruby-2.6.6@global'), ('SSH_CONNECTION', '18.179.48.130 3819 172.31.18.152 22'), ('NVM_CD_FLAGS', ''), ('XDG_DATA_DIRS', '/usr/local/share:/usr/share:/var/lib/snapd/desktop'), ('IP', '127.0.0.1'), ('PYTHONPATH', '/opt/ros/melodic/lib/python2.7/dist-packages'), ('COLCON', '1'), ('rvm_path', '/usr/local/rvm'), ('TMUX_PANE', '%1'), ('MANPATH', '/home/ubuntu/.nvm/versions/node/v8.17.0/share/man:/usr/local/rvm/rubies/ruby-2.6.6/share/man:/usr/local/man:/usr/local/share/man:/usr/share/man:/usr/local/rvm/man'), ('EDITOR', ''), ('CMAKE_PREFIX_PATH', '/opt/ros/melodic')]), 'shell': False}
[0.099636] (-) TimerEvent: {}
[0.200165] (-) TimerEvent: {}
[0.300483] (-) TimerEvent: {}
[0.400814] (-) TimerEvent: {}
[0.501141] (-) TimerEvent: {}
[0.601478] (-) TimerEvent: {}
[0.701835] (-) TimerEvent: {}
[0.802175] (-) TimerEvent: {}
[0.902539] (-) TimerEvent: {}
[1.002956] (-) TimerEvent: {}
[1.103339] (-) TimerEvent: {}
[1.203725] (-) TimerEvent: {}
[1.304066] (-) TimerEvent: {}
[1.404414] (-) TimerEvent: {}
[1.504751] (-) TimerEvent: {}
[1.605107] (-) TimerEvent: {}
[1.705437] (-) TimerEvent: {}
[1.805818] (-) TimerEvent: {}
[1.906331] (-) TimerEvent: {}
[2.006647] (-) TimerEvent: {}
[2.107045] (-) TimerEvent: {}
[2.207415] (-) TimerEvent: {}
[2.307722] (-) TimerEvent: {}
[2.408073] (-) TimerEvent: {}
[2.508636] (-) TimerEvent: {}
[2.609051] (-) TimerEvent: {}
[2.709388] (-) TimerEvent: {}
[2.809804] (-) TimerEvent: {}
[2.910153] (-) TimerEvent: {}
[3.010508] (-) TimerEvent: {}
[3.110956] (-) TimerEvent: {}
[3.211262] (-) TimerEvent: {}
[3.311593] (-) TimerEvent: {}
[3.411926] (-) TimerEvent: {}
[3.512256] (-) TimerEvent: {}
[3.612585] (-) TimerEvent: {}
[3.712907] (-) TimerEvent: {}
[3.813232] (-) TimerEvent: {}
[3.913587] (-) TimerEvent: {}
[4.014037] (-) TimerEvent: {}
[4.114386] (-) TimerEvent: {}
[4.214650] (-) TimerEvent: {}
[4.314998] (-) TimerEvent: {}
[4.415321] (-) TimerEvent: {}
[4.515660] (-) TimerEvent: {}
[4.615951] (-) TimerEvent: {}
[4.716270] (-) TimerEvent: {}
[4.816606] (-) TimerEvent: {}
[4.916912] (-) TimerEvent: {}
[5.017178] (-) TimerEvent: {}
[5.117473] (-) TimerEvent: {}
[5.217764] (-) TimerEvent: {}
[5.318064] (-) TimerEvent: {}
[5.418371] (-) TimerEvent: {}
[5.518754] (-) TimerEvent: {}
[5.619156] (-) TimerEvent: {}
[5.719499] (-) TimerEvent: {}
[5.819831] (-) TimerEvent: {}
[5.920198] (-) TimerEvent: {}
[6.020490] (-) TimerEvent: {}
[6.120769] (-) TimerEvent: {}
[6.221155] (-) TimerEvent: {}
[6.321461] (-) TimerEvent: {}
[6.421752] (-) TimerEvent: {}
[6.522135] (-) TimerEvent: {}
[6.622516] (-) TimerEvent: {}
[6.723016] (-) TimerEvent: {}
[6.823277] (-) TimerEvent: {}
[6.923683] (-) TimerEvent: {}
[7.023983] (-) TimerEvent: {}
[7.124219] (-) TimerEvent: {}
[7.224523] (-) TimerEvent: {}
[7.324867] (-) TimerEvent: {}
[7.425208] (-) TimerEvent: {}
[7.525558] (-) TimerEvent: {}
[7.625895] (-) TimerEvent: {}
[7.726252] (-) TimerEvent: {}
[7.826601] (-) TimerEvent: {}
[7.926976] (-) TimerEvent: {}
[8.027319] (-) TimerEvent: {}
[8.127665] (-) TimerEvent: {}
[8.228019] (-) TimerEvent: {}
[8.328368] (-) TimerEvent: {}
[8.428717] (-) TimerEvent: {}
[8.529090] (-) TimerEvent: {}
[8.629452] (-) TimerEvent: {}
[8.729802] (-) TimerEvent: {}
[8.830142] (-) TimerEvent: {}
[8.930544] (-) TimerEvent: {}
[9.030925] (-) TimerEvent: {}
[9.131194] (-) TimerEvent: {}
[9.231453] (-) TimerEvent: {}
[9.331799] (-) TimerEvent: {}
[9.432163] (-) TimerEvent: {}
[9.457547] (mini_pupper_navigation) StdoutLine: {'line': b'-- The C compiler identification is GNU 7.5.0\n'}
[9.532270] (-) TimerEvent: {}
[9.632636] (-) TimerEvent: {}
[9.732972] (-) TimerEvent: {}
[9.833365] (-) TimerEvent: {}
[9.933618] (-) TimerEvent: {}
[10.033949] (-) TimerEvent: {}
[10.134301] (-) TimerEvent: {}
[10.234631] (-) TimerEvent: {}
[10.334895] (-) TimerEvent: {}
[10.435228] (-) TimerEvent: {}
[10.535568] (-) TimerEvent: {}
[10.635906] (-) TimerEvent: {}
[10.736247] (-) TimerEvent: {}
[10.836587] (-) TimerEvent: {}
[10.936921] (-) TimerEvent: {}
[11.037265] (-) TimerEvent: {}
[11.137654] (-) TimerEvent: {}
[11.237988] (-) TimerEvent: {}
[11.338188] (-) TimerEvent: {}
[11.438483] (-) TimerEvent: {}
[11.538969] (-) TimerEvent: {}
[11.639347] (-) TimerEvent: {}
[11.739686] (-) TimerEvent: {}
[11.839978] (-) TimerEvent: {}
[11.940208] (-) TimerEvent: {}
[12.040524] (-) TimerEvent: {}
[12.140939] (-) TimerEvent: {}
[12.241220] (-) TimerEvent: {}
[12.341504] (-) TimerEvent: {}
[12.441785] (-) TimerEvent: {}
[12.542117] (-) TimerEvent: {}
[12.642500] (-) TimerEvent: {}
[12.742886] (-) TimerEvent: {}
[12.843164] (-) TimerEvent: {}
[12.943369] (-) TimerEvent: {}
[13.043682] (-) TimerEvent: {}
[13.144130] (-) TimerEvent: {}
[13.244402] (-) TimerEvent: {}
[13.344631] (-) TimerEvent: {}
[13.444918] (-) TimerEvent: {}
[13.545279] (-) TimerEvent: {}
[13.645676] (-) TimerEvent: {}
[13.746003] (-) TimerEvent: {}
[13.846357] (-) TimerEvent: {}
[13.946793] (-) TimerEvent: {}
[14.047258] (-) TimerEvent: {}
[14.147737] (-) TimerEvent: {}
[14.248026] (-) TimerEvent: {}
[14.348436] (-) TimerEvent: {}
[14.419854] (mini_pupper_navigation) StdoutLine: {'line': b'-- The CXX compiler identification is GNU 7.5.0\n'}
[14.429605] (mini_pupper_navigation) StdoutLine: {'line': b'-- Check for working C compiler: /usr/bin/cc\n'}
[14.448545] (-) TimerEvent: {}
[14.500171] (mini_pupper_navigation) StdoutLine: {'line': b'-- Check for working C compiler: /usr/bin/cc -- works\n'}
[14.501307] (mini_pupper_navigation) StdoutLine: {'line': b'-- Detecting C compiler ABI info\n'}
[14.548696] (-) TimerEvent: {}
[14.569446] (mini_pupper_navigation) StdoutLine: {'line': b'-- Detecting C compiler ABI info - done\n'}
[14.579617] (mini_pupper_navigation) StdoutLine: {'line': b'-- Detecting C compile features\n'}
[14.648817] (-) TimerEvent: {}
[14.749298] (-) TimerEvent: {}
[14.849666] (-) TimerEvent: {}
[14.949994] (-) TimerEvent: {}
[14.965597] (mini_pupper_navigation) StdoutLine: {'line': b'-- Detecting C compile features - done\n'}
[14.970664] (mini_pupper_navigation) StdoutLine: {'line': b'-- Check for working CXX compiler: /usr/bin/c++\n'}
[15.047544] (mini_pupper_navigation) StdoutLine: {'line': b'-- Check for working CXX compiler: /usr/bin/c++ -- works\n'}
[15.048211] (mini_pupper_navigation) StdoutLine: {'line': b'-- Detecting CXX compiler ABI info\n'}
[15.050068] (-) TimerEvent: {}
[15.126604] (mini_pupper_navigation) StdoutLine: {'line': b'-- Detecting CXX compiler ABI info - done\n'}
[15.135729] (mini_pupper_navigation) StdoutLine: {'line': b'-- Detecting CXX compile features\n'}
[15.150160] (-) TimerEvent: {}
[15.250430] (-) TimerEvent: {}
[15.350771] (-) TimerEvent: {}
[15.451176] (-) TimerEvent: {}
[15.479348] (mini_pupper_navigation) StdoutLine: {'line': b'-- Detecting CXX compile features - done\n'}
[15.483070] (mini_pupper_navigation) StdoutLine: {'line': b'-- Using CATKIN_DEVEL_PREFIX: /home/ubuntu/environment/aws-robomaker-mini-pupper-application/robot_ws/build/mini_pupper_navigation/devel\n'}
[15.483282] (mini_pupper_navigation) StdoutLine: {'line': b'-- Using CMAKE_PREFIX_PATH: /opt/ros/melodic\n'}
[15.483458] (mini_pupper_navigation) StdoutLine: {'line': b'-- This workspace overlays: /opt/ros/melodic\n'}
[15.551286] (-) TimerEvent: {}
[15.651634] (-) TimerEvent: {}
[15.751809] (mini_pupper_navigation) StdoutLine: {'line': b'-- Found PythonInterp: /usr/bin/python2 (found suitable version "2.7.17", minimum required is "2") \n'}
[15.752146] (-) TimerEvent: {}
[15.752292] (mini_pupper_navigation) StdoutLine: {'line': b'-- Using PYTHON_EXECUTABLE: /usr/bin/python2\n'}
[15.752449] (mini_pupper_navigation) StdoutLine: {'line': b'-- Using Debian Python package layout\n'}
[15.752915] (mini_pupper_navigation) StdoutLine: {'line': b'-- Using empy: /usr/bin/empy\n'}
[15.852293] (-) TimerEvent: {}
[15.913639] (mini_pupper_navigation) StdoutLine: {'line': b'-- Using CATKIN_ENABLE_TESTING: ON\n'}
[15.913878] (mini_pupper_navigation) StdoutLine: {'line': b'-- Call enable_testing()\n'}
[15.916890] (mini_pupper_navigation) StdoutLine: {'line': b'-- Using CATKIN_TEST_RESULTS_DIR: /home/ubuntu/environment/aws-robomaker-mini-pupper-application/robot_ws/build/mini_pupper_navigation/test_results\n'}
[15.936818] (mini_pupper_navigation) StdoutLine: {'line': b"-- Found gtest sources under '/usr/src/googletest': gtests will be built\n"}
[15.937058] (mini_pupper_navigation) StdoutLine: {'line': b"-- Found gmock sources under '/usr/src/googletest': gmock will be built\n"}
[15.952369] (-) TimerEvent: {}
[16.052642] (-) TimerEvent: {}
[16.128334] (mini_pupper_navigation) StdoutLine: {'line': b'-- Found PythonInterp: /usr/bin/python2 (found version "2.7.17") \n'}
[16.130722] (mini_pupper_navigation) StdoutLine: {'line': b'-- Looking for pthread.h\n'}
[16.152731] (-) TimerEvent: {}
[16.252991] (-) TimerEvent: {}
[16.353303] (-) TimerEvent: {}
[16.453819] (-) TimerEvent: {}
[16.554242] (-) TimerEvent: {}
[16.654589] (-) TimerEvent: {}
[16.704050] (mini_pupper_navigation) StdoutLine: {'line': b'-- Looking for pthread.h - found\n'}
[16.705040] (mini_pupper_navigation) StdoutLine: {'line': b'-- Looking for pthread_create\n'}
[16.754713] (-) TimerEvent: {}
[16.774785] (mini_pupper_navigation) StdoutLine: {'line': b'-- Looking for pthread_create - not found\n'}
[16.775127] (mini_pupper_navigation) StdoutLine: {'line': b'-- Looking for pthread_create in pthreads\n'}
[16.832791] (mini_pupper_navigation) StdoutLine: {'line': b'-- Looking for pthread_create in pthreads - not found\n'}
[16.833130] (mini_pupper_navigation) StdoutLine: {'line': b'-- Looking for pthread_create in pthread\n'}
[16.854770] (-) TimerEvent: {}
[16.899373] (mini_pupper_navigation) StdoutLine: {'line': b'-- Looking for pthread_create in pthread - found\n'}
[16.900589] (mini_pupper_navigation) StdoutLine: {'line': b'-- Found Threads: TRUE  \n'}
[16.905510] (mini_pupper_navigation) StdoutLine: {'line': b'-- Using Python nosetests: /usr/bin/nosetests-2.7\n'}
[16.954877] (-) TimerEvent: {}
[17.055197] (-) TimerEvent: {}
[17.155546] (-) TimerEvent: {}
[17.255921] (-) TimerEvent: {}
[17.356204] (-) TimerEvent: {}
[17.456584] (-) TimerEvent: {}
[17.557080] (-) TimerEvent: {}
[17.657524] (-) TimerEvent: {}
[17.692278] (mini_pupper_navigation) StdoutLine: {'line': b'-- catkin 0.7.29\n'}
[17.692463] (mini_pupper_navigation) StdoutLine: {'line': b'-- BUILD_SHARED_LIBS is on\n'}
[17.757642] (-) TimerEvent: {}
[17.857978] (-) TimerEvent: {}
[17.861094] (mini_pupper_navigation) StdoutLine: {'line': b'-- Using these message generators: gencpp;geneus;genlisp;gennodejs;genpy\n'}
[17.958065] (-) TimerEvent: {}
[18.058368] (-) TimerEvent: {}
[18.158934] (-) TimerEvent: {}
[18.209344] (mini_pupper_navigation) StdoutLine: {'line': b'-- Configuring done\n'}
[18.234643] (mini_pupper_navigation) StdoutLine: {'line': b'-- Generating done\n'}
[18.241739] (mini_pupper_navigation) StdoutLine: {'line': b'-- Build files have been written to: /home/ubuntu/environment/aws-robomaker-mini-pupper-application/robot_ws/build/mini_pupper_navigation\n'}
[18.246168] (mini_pupper_navigation) CommandEnded: {'returncode': 0}
[18.247033] (mini_pupper_navigation) JobProgress: {'identifier': 'mini_pupper_navigation', 'progress': 'build'}
[18.247921] (mini_pupper_navigation) Command: {'cmd': ['/usr/bin/cmake', '--build', '/home/ubuntu/environment/aws-robomaker-mini-pupper-application/robot_ws/build/mini_pupper_navigation', '--', '-j4', '-l4'], 'cwd': '/home/ubuntu/environment/aws-robomaker-mini-pupper-application/robot_ws/build/mini_pupper_navigation', 'env': OrderedDict([('HISTFILESIZE', '100000'), ('TMUX', '/tmp/tmux-1000/cloud92.2,3217,1'), ('MAIL', '/var/mail/ubuntu'), ('USER', 'ubuntu'), ('SSH_CLIENT', '18.179.48.130 3819 22'), ('ROS_PACKAGE_PATH', '/opt/ros/melodic/share'), ('LD_LIBRARY_PATH', '/opt/ros/melodic/lib'), ('ROS_ETC_DIR', '/opt/ros/melodic/etc/ros'), ('SHLVL', '5'), ('OLDPWD', '/home/ubuntu/environment/aws-robomaker-mini-pupper-application/simulation_ws'), ('HOME', '/home/ubuntu'), ('PORT', '8080'), ('ISOUTPUTPANE', '0'), ('NVM_BIN', '/home/ubuntu/.nvm/versions/node/v8.17.0/bin'), ('NVM_NODEJS_ORG_MIRROR', 'https://nodejs.org/dist'), ('ROS_PYTHON_VERSION', '2'), ('C9_USER', 'root'), ('NVM_DIR', '/home/ubuntu/.nvm'), ('NVM_PATH', '/home/ubuntu/.nvm/versions/node/v8.17.0/lib/node'), ('ROS_DISTRO', 'melodic'), ('HGUSER', 'root'), ('LOGNAME', 'ubuntu'), ('rvm_bin_path', '/usr/local/rvm/bin'), ('_', '/usr/local/bin/colcon'), ('RUBY_VERSION', 'ruby-2.6.6'), ('ROS_VERSION', '1'), ('C9_PORT', '8080'), ('PKG_CONFIG_PATH', '/opt/ros/melodic/lib/pkgconfig'), ('IRBRC', '/usr/local/rvm/rubies/ruby-2.6.6/.irbrc'), ('XDG_SESSION_ID', '10'), ('TERM', 'xterm-256color'), ('PATH', '/home/ubuntu/.nvm/versions/node/v8.17.0/bin:/opt/ros/melodic/bin:/usr/local/rvm/gems/ruby-2.6.6/bin:/usr/local/rvm/gems/ruby-2.6.6@global/bin:/usr/local/rvm/rubies/ruby-2.6.6/bin:/usr/local/sbin:/usr/local/bin:/usr/sbin:/usr/bin:/sbin:/bin:/usr/games:/usr/local/games:/snap/bin:/home/ubuntu/.local/bin:/home/ubuntu/bin:/home/ubuntu/.local/bin:/home/ubuntu/bin:/usr/local/rvm/bin:/home/ubuntu/.local/bin:/home/ubuntu/bin'), ('NVM_IOJS_ORG_MIRROR', 'https://iojs.org/dist'), ('XDG_RUNTIME_DIR', '/run/user/1000'), ('MY_RUBY_HOME', '/usr/local/rvm/rubies/ruby-2.6.6'), ('LANG', 'C.UTF-8'), ('HISTSIZE', '100000'), ('ROS_ROOT', '/opt/ros/melodic/share/ros'), ('ROSLISP_PACKAGE_DIRECTORIES', ''), ('C9_HOSTNAME', '35.75.10.53'), ('NODE_PATH', '/home/ubuntu/.c9/node_modules'), ('SHELL', '/bin/bash'), ('ROS_MASTER_URI', 'http://localhost:11311'), ('rvm_prefix', '/usr/local'), ('PROMPT_COMMAND', 'history -a;'), ('GEM_HOME', '/usr/local/rvm/gems/ruby-2.6.6'), ('C9_PID', 'bf31f26352e846968e243a1153314fcf'), ('rvm_version', '1.29.12 (latest)'), ('C9_PROJECT', 'mini-pupper-dev'), ('PWD', '/home/ubuntu/environment/aws-robomaker-mini-pupper-application/robot_ws/build/mini_pupper_navigation'), ('GEM_PATH', '/usr/local/rvm/gems/ruby-2.6.6:/usr/local/rvm/gems/ruby-2.6.6@global'), ('SSH_CONNECTION', '18.179.48.130 3819 172.31.18.152 22'), ('NVM_CD_FLAGS', ''), ('XDG_DATA_DIRS', '/usr/local/share:/usr/share:/var/lib/snapd/desktop'), ('IP', '127.0.0.1'), ('PYTHONPATH', '/opt/ros/melodic/lib/python2.7/dist-packages'), ('COLCON', '1'), ('rvm_path', '/usr/local/rvm'), ('TMUX_PANE', '%1'), ('MANPATH', '/home/ubuntu/.nvm/versions/node/v8.17.0/share/man:/usr/local/rvm/rubies/ruby-2.6.6/share/man:/usr/local/man:/usr/local/share/man:/usr/share/man:/usr/local/rvm/man'), ('EDITOR', ''), ('CMAKE_PREFIX_PATH', '/opt/ros/melodic')]), 'shell': False}
[18.259041] (-) TimerEvent: {}
[18.290446] (mini_pupper_navigation) CommandEnded: {'returncode': 0}
[18.347256] (mini_pupper_navigation) JobProgress: {'identifier': 'mini_pupper_navigation', 'progress': "build target 'tests'"}
[18.347442] (mini_pupper_navigation) Command: {'cmd': ['/usr/bin/cmake', '--build', '/home/ubuntu/environment/aws-robomaker-mini-pupper-application/robot_ws/build/mini_pupper_navigation', '--target', 'tests', '--', '-j4', '-l4'], 'cwd': '/home/ubuntu/environment/aws-robomaker-mini-pupper-application/robot_ws/build/mini_pupper_navigation', 'env': OrderedDict([('HISTFILESIZE', '100000'), ('TMUX', '/tmp/tmux-1000/cloud92.2,3217,1'), ('MAIL', '/var/mail/ubuntu'), ('USER', 'ubuntu'), ('SSH_CLIENT', '18.179.48.130 3819 22'), ('ROS_PACKAGE_PATH', '/opt/ros/melodic/share'), ('LD_LIBRARY_PATH', '/opt/ros/melodic/lib'), ('ROS_ETC_DIR', '/opt/ros/melodic/etc/ros'), ('SHLVL', '5'), ('OLDPWD', '/home/ubuntu/environment/aws-robomaker-mini-pupper-application/simulation_ws'), ('HOME', '/home/ubuntu'), ('PORT', '8080'), ('ISOUTPUTPANE', '0'), ('NVM_BIN', '/home/ubuntu/.nvm/versions/node/v8.17.0/bin'), ('NVM_NODEJS_ORG_MIRROR', 'https://nodejs.org/dist'), ('ROS_PYTHON_VERSION', '2'), ('C9_USER', 'root'), ('NVM_DIR', '/home/ubuntu/.nvm'), ('NVM_PATH', '/home/ubuntu/.nvm/versions/node/v8.17.0/lib/node'), ('ROS_DISTRO', 'melodic'), ('HGUSER', 'root'), ('LOGNAME', 'ubuntu'), ('rvm_bin_path', '/usr/local/rvm/bin'), ('_', '/usr/local/bin/colcon'), ('RUBY_VERSION', 'ruby-2.6.6'), ('ROS_VERSION', '1'), ('C9_PORT', '8080'), ('PKG_CONFIG_PATH', '/opt/ros/melodic/lib/pkgconfig'), ('IRBRC', '/usr/local/rvm/rubies/ruby-2.6.6/.irbrc'), ('XDG_SESSION_ID', '10'), ('TERM', 'xterm-256color'), ('PATH', '/home/ubuntu/.nvm/versions/node/v8.17.0/bin:/opt/ros/melodic/bin:/usr/local/rvm/gems/ruby-2.6.6/bin:/usr/local/rvm/gems/ruby-2.6.6@global/bin:/usr/local/rvm/rubies/ruby-2.6.6/bin:/usr/local/sbin:/usr/local/bin:/usr/sbin:/usr/bin:/sbin:/bin:/usr/games:/usr/local/games:/snap/bin:/home/ubuntu/.local/bin:/home/ubuntu/bin:/home/ubuntu/.local/bin:/home/ubuntu/bin:/usr/local/rvm/bin:/home/ubuntu/.local/bin:/home/ubuntu/bin'), ('NVM_IOJS_ORG_MIRROR', 'https://iojs.org/dist'), ('XDG_RUNTIME_DIR', '/run/user/1000'), ('MY_RUBY_HOME', '/usr/local/rvm/rubies/ruby-2.6.6'), ('LANG', 'C.UTF-8'), ('HISTSIZE', '100000'), ('ROS_ROOT', '/opt/ros/melodic/share/ros'), ('ROSLISP_PACKAGE_DIRECTORIES', ''), ('C9_HOSTNAME', '35.75.10.53'), ('NODE_PATH', '/home/ubuntu/.c9/node_modules'), ('SHELL', '/bin/bash'), ('ROS_MASTER_URI', 'http://localhost:11311'), ('rvm_prefix', '/usr/local'), ('PROMPT_COMMAND', 'history -a;'), ('GEM_HOME', '/usr/local/rvm/gems/ruby-2.6.6'), ('C9_PID', 'bf31f26352e846968e243a1153314fcf'), ('rvm_version', '1.29.12 (latest)'), ('C9_PROJECT', 'mini-pupper-dev'), ('PWD', '/home/ubuntu/environment/aws-robomaker-mini-pupper-application/robot_ws/build/mini_pupper_navigation'), ('GEM_PATH', '/usr/local/rvm/gems/ruby-2.6.6:/usr/local/rvm/gems/ruby-2.6.6@global'), ('SSH_CONNECTION', '18.179.48.130 3819 172.31.18.152 22'), ('NVM_CD_FLAGS', ''), ('XDG_DATA_DIRS', '/usr/local/share:/usr/share:/var/lib/snapd/desktop'), ('IP', '127.0.0.1'), ('PYTHONPATH', '/opt/ros/melodic/lib/python2.7/dist-packages'), ('COLCON', '1'), ('rvm_path', '/usr/local/rvm'), ('TMUX_PANE', '%1'), ('MANPATH', '/home/ubuntu/.nvm/versions/node/v8.17.0/share/man:/usr/local/rvm/rubies/ruby-2.6.6/share/man:/usr/local/man:/usr/local/share/man:/usr/share/man:/usr/local/rvm/man'), ('EDITOR', ''), ('CMAKE_PREFIX_PATH', '/opt/ros/melodic')]), 'shell': False}
[18.359175] (-) TimerEvent: {}
[18.401050] (mini_pupper_navigation) StdoutLine: {'line': b'\x1b[35m\x1b[1mScanning dependencies of target tests\x1b[0m\n'}
[18.410884] (mini_pupper_navigation) StdoutLine: {'line': b'Built target tests\n'}
[18.421291] (mini_pupper_navigation) CommandEnded: {'returncode': 0}
[18.459299] (-) TimerEvent: {}
[18.477465] (mini_pupper_navigation) JobProgress: {'identifier': 'mini_pupper_navigation', 'progress': 'install'}
[18.487633] (mini_pupper_navigation) Command: {'cmd': ['/usr/bin/cmake', '--build', '/home/ubuntu/environment/aws-robomaker-mini-pupper-application/robot_ws/build/mini_pupper_navigation', '--target', 'install', '--', '-j4', '-l4'], 'cwd': '/home/ubuntu/environment/aws-robomaker-mini-pupper-application/robot_ws/build/mini_pupper_navigation', 'env': OrderedDict([('HISTFILESIZE', '100000'), ('TMUX', '/tmp/tmux-1000/cloud92.2,3217,1'), ('MAIL', '/var/mail/ubuntu'), ('USER', 'ubuntu'), ('SSH_CLIENT', '18.179.48.130 3819 22'), ('ROS_PACKAGE_PATH', '/opt/ros/melodic/share'), ('LD_LIBRARY_PATH', '/opt/ros/melodic/lib'), ('ROS_ETC_DIR', '/opt/ros/melodic/etc/ros'), ('SHLVL', '5'), ('OLDPWD', '/home/ubuntu/environment/aws-robomaker-mini-pupper-application/simulation_ws'), ('HOME', '/home/ubuntu'), ('PORT', '8080'), ('ISOUTPUTPANE', '0'), ('NVM_BIN', '/home/ubuntu/.nvm/versions/node/v8.17.0/bin'), ('NVM_NODEJS_ORG_MIRROR', 'https://nodejs.org/dist'), ('ROS_PYTHON_VERSION', '2'), ('C9_USER', 'root'), ('NVM_DIR', '/home/ubuntu/.nvm'), ('NVM_PATH', '/home/ubuntu/.nvm/versions/node/v8.17.0/lib/node'), ('ROS_DISTRO', 'melodic'), ('HGUSER', 'root'), ('LOGNAME', 'ubuntu'), ('rvm_bin_path', '/usr/local/rvm/bin'), ('_', '/usr/local/bin/colcon'), ('RUBY_VERSION', 'ruby-2.6.6'), ('ROS_VERSION', '1'), ('C9_PORT', '8080'), ('PKG_CONFIG_PATH', '/opt/ros/melodic/lib/pkgconfig'), ('IRBRC', '/usr/local/rvm/rubies/ruby-2.6.6/.irbrc'), ('XDG_SESSION_ID', '10'), ('TERM', 'xterm-256color'), ('PATH', '/home/ubuntu/.nvm/versions/node/v8.17.0/bin:/opt/ros/melodic/bin:/usr/local/rvm/gems/ruby-2.6.6/bin:/usr/local/rvm/gems/ruby-2.6.6@global/bin:/usr/local/rvm/rubies/ruby-2.6.6/bin:/usr/local/sbin:/usr/local/bin:/usr/sbin:/usr/bin:/sbin:/bin:/usr/games:/usr/local/games:/snap/bin:/home/ubuntu/.local/bin:/home/ubuntu/bin:/home/ubuntu/.local/bin:/home/ubuntu/bin:/usr/local/rvm/bin:/home/ubuntu/.local/bin:/home/ubuntu/bin'), ('NVM_IOJS_ORG_MIRROR', 'https://iojs.org/dist'), ('XDG_RUNTIME_DIR', '/run/user/1000'), ('MY_RUBY_HOME', '/usr/local/rvm/rubies/ruby-2.6.6'), ('LANG', 'C.UTF-8'), ('HISTSIZE', '100000'), ('ROS_ROOT', '/opt/ros/melodic/share/ros'), ('ROSLISP_PACKAGE_DIRECTORIES', ''), ('C9_HOSTNAME', '35.75.10.53'), ('NODE_PATH', '/home/ubuntu/.c9/node_modules'), ('SHELL', '/bin/bash'), ('ROS_MASTER_URI', 'http://localhost:11311'), ('rvm_prefix', '/usr/local'), ('PROMPT_COMMAND', 'history -a;'), ('GEM_HOME', '/usr/local/rvm/gems/ruby-2.6.6'), ('C9_PID', 'bf31f26352e846968e243a1153314fcf'), ('rvm_version', '1.29.12 (latest)'), ('C9_PROJECT', 'mini-pupper-dev'), ('PWD', '/home/ubuntu/environment/aws-robomaker-mini-pupper-application/robot_ws/build/mini_pupper_navigation'), ('GEM_PATH', '/usr/local/rvm/gems/ruby-2.6.6:/usr/local/rvm/gems/ruby-2.6.6@global'), ('SSH_CONNECTION', '18.179.48.130 3819 172.31.18.152 22'), ('NVM_CD_FLAGS', ''), ('XDG_DATA_DIRS', '/usr/local/share:/usr/share:/var/lib/snapd/desktop'), ('IP', '127.0.0.1'), ('PYTHONPATH', '/opt/ros/melodic/lib/python2.7/dist-packages'), ('COLCON', '1'), ('rvm_path', '/usr/local/rvm'), ('TMUX_PANE', '%1'), ('MANPATH', '/home/ubuntu/.nvm/versions/node/v8.17.0/share/man:/usr/local/rvm/rubies/ruby-2.6.6/share/man:/usr/local/man:/usr/local/share/man:/usr/share/man:/usr/local/rvm/man'), ('EDITOR', ''), ('CMAKE_PREFIX_PATH', '/opt/ros/melodic')]), 'shell': False}
[18.535966] (mini_pupper_navigation) StdoutLine: {'line': b'\x1b[36mInstall the project...\x1b[0m\n'}
[18.544611] (mini_pupper_navigation) StdoutLine: {'line': b'-- Install configuration: ""\n'}
[18.544865] (mini_pupper_navigation) StdoutLine: {'line': b'-- Installing: /home/ubuntu/environment/aws-robomaker-mini-pupper-application/robot_ws/install/mini_pupper_navigation/lib/pkgconfig/mini_pupper_navigation.pc\n'}
[18.545068] (mini_pupper_navigation) StdoutLine: {'line': b'-- Installing: /home/ubuntu/environment/aws-robomaker-mini-pupper-application/robot_ws/install/mini_pupper_navigation/share/mini_pupper_navigation/cmake/mini_pupper_navigationConfig.cmake\n'}
[18.545317] (mini_pupper_navigation) StdoutLine: {'line': b'-- Installing: /home/ubuntu/environment/aws-robomaker-mini-pupper-application/robot_ws/install/mini_pupper_navigation/share/mini_pupper_navigation/cmake/mini_pupper_navigationConfig-version.cmake\n'}
[18.545580] (mini_pupper_navigation) StdoutLine: {'line': b'-- Installing: /home/ubuntu/environment/aws-robomaker-mini-pupper-application/robot_ws/install/mini_pupper_navigation/share/mini_pupper_navigation/package.xml\n'}
[18.545855] (mini_pupper_navigation) StdoutLine: {'line': b'-- Installing: /home/ubuntu/environment/aws-robomaker-mini-pupper-application/robot_ws/install/mini_pupper_navigation/share/mini_pupper_navigation/launch\n'}
[18.545968] (mini_pupper_navigation) StdoutLine: {'line': b'-- Installing: /home/ubuntu/environment/aws-robomaker-mini-pupper-application/robot_ws/install/mini_pupper_navigation/share/mini_pupper_navigation/launch/deploy_rotate.launch\n'}
[18.546173] (mini_pupper_navigation) StdoutLine: {'line': b'-- Installing: /home/ubuntu/environment/aws-robomaker-mini-pupper-application/robot_ws/install/mini_pupper_navigation/share/mini_pupper_navigation/launch/include\n'}
[18.546423] (mini_pupper_navigation) StdoutLine: {'line': b'-- Installing: /home/ubuntu/environment/aws-robomaker-mini-pupper-application/robot_ws/install/mini_pupper_navigation/share/mini_pupper_navigation/launch/include/move_base.launch\n'}
[18.546675] (mini_pupper_navigation) StdoutLine: {'line': b'-- Installing: /home/ubuntu/environment/aws-robomaker-mini-pupper-application/robot_ws/install/mini_pupper_navigation/share/mini_pupper_navigation/launch/navigate.launch\n'}
[18.547457] (mini_pupper_navigation) StdoutLine: {'line': b'-- Installing: /home/ubuntu/environment/aws-robomaker-mini-pupper-application/robot_ws/install/mini_pupper_navigation/share/mini_pupper_navigation/launch/rotate.launch\n'}
[18.548008] (mini_pupper_navigation) StdoutLine: {'line': b'-- Installing: /home/ubuntu/environment/aws-robomaker-mini-pupper-application/robot_ws/install/mini_pupper_navigation/share/mini_pupper_navigation/maps\n'}
[18.548221] (mini_pupper_navigation) StdoutLine: {'line': b'-- Installing: /home/ubuntu/environment/aws-robomaker-mini-pupper-application/robot_ws/install/mini_pupper_navigation/share/mini_pupper_navigation/maps/map.pbstream\n'}
[18.559424] (-) TimerEvent: {}
[18.576435] (mini_pupper_navigation) StdoutLine: {'line': b'-- Installing: /home/ubuntu/environment/aws-robomaker-mini-pupper-application/robot_ws/install/mini_pupper_navigation/share/mini_pupper_navigation/maps/map.yaml\n'}
[18.577296] (mini_pupper_navigation) StdoutLine: {'line': b'-- Installing: /home/ubuntu/environment/aws-robomaker-mini-pupper-application/robot_ws/install/mini_pupper_navigation/share/mini_pupper_navigation/maps/map.pgm\n'}
[18.579816] (mini_pupper_navigation) StdoutLine: {'line': b'-- Installing: /home/ubuntu/environment/aws-robomaker-mini-pupper-application/robot_ws/install/mini_pupper_navigation/share/mini_pupper_navigation/rviz\n'}
[18.580079] (mini_pupper_navigation) StdoutLine: {'line': b'-- Installing: /home/ubuntu/environment/aws-robomaker-mini-pupper-application/robot_ws/install/mini_pupper_navigation/share/mini_pupper_navigation/rviz/navigate.rviz\n'}
[18.580860] (mini_pupper_navigation) StdoutLine: {'line': b'-- Installing: /home/ubuntu/environment/aws-robomaker-mini-pupper-application/robot_ws/install/mini_pupper_navigation/share/mini_pupper_navigation/config\n'}
[18.581168] (mini_pupper_navigation) StdoutLine: {'line': b'-- Installing: /home/ubuntu/environment/aws-robomaker-mini-pupper-application/robot_ws/install/mini_pupper_navigation/share/mini_pupper_navigation/config/joints\n'}
[18.581277] (mini_pupper_navigation) StdoutLine: {'line': b'-- Installing: /home/ubuntu/environment/aws-robomaker-mini-pupper-application/robot_ws/install/mini_pupper_navigation/share/mini_pupper_navigation/config/joints/joints.yaml\n'}
[18.581525] (mini_pupper_navigation) StdoutLine: {'line': b'-- Installing: /home/ubuntu/environment/aws-robomaker-mini-pupper-application/robot_ws/install/mini_pupper_navigation/share/mini_pupper_navigation/config/ros_control\n'}
[18.581768] (mini_pupper_navigation) StdoutLine: {'line': b'-- Installing: /home/ubuntu/environment/aws-robomaker-mini-pupper-application/robot_ws/install/mini_pupper_navigation/share/mini_pupper_navigation/config/ros_control/ros_control.yaml\n'}
[18.582070] (mini_pupper_navigation) StdoutLine: {'line': b'-- Installing: /home/ubuntu/environment/aws-robomaker-mini-pupper-application/robot_ws/install/mini_pupper_navigation/share/mini_pupper_navigation/config/cartographer\n'}
[18.582314] (mini_pupper_navigation) StdoutLine: {'line': b'-- Installing: /home/ubuntu/environment/aws-robomaker-mini-pupper-application/robot_ws/install/mini_pupper_navigation/share/mini_pupper_navigation/config/cartographer/nav.lua\n'}
[18.582603] (mini_pupper_navigation) StdoutLine: {'line': b'-- Installing: /home/ubuntu/environment/aws-robomaker-mini-pupper-application/robot_ws/install/mini_pupper_navigation/share/mini_pupper_navigation/config/cartographer/slam.lua\n'}
[18.583064] (mini_pupper_navigation) StdoutLine: {'line': b'-- Installing: /home/ubuntu/environment/aws-robomaker-mini-pupper-application/robot_ws/install/mini_pupper_navigation/share/mini_pupper_navigation/config/gait\n'}
[18.583309] (mini_pupper_navigation) StdoutLine: {'line': b'-- Installing: /home/ubuntu/environment/aws-robomaker-mini-pupper-application/robot_ws/install/mini_pupper_navigation/share/mini_pupper_navigation/config/gait/gait.yaml\n'}
[18.583718] (mini_pupper_navigation) StdoutLine: {'line': b'-- Installing: /home/ubuntu/environment/aws-robomaker-mini-pupper-application/robot_ws/install/mini_pupper_navigation/share/mini_pupper_navigation/config/links\n'}
[18.583956] (mini_pupper_navigation) StdoutLine: {'line': b'-- Installing: /home/ubuntu/environment/aws-robomaker-mini-pupper-application/robot_ws/install/mini_pupper_navigation/share/mini_pupper_navigation/config/links/links.yaml\n'}
[18.584324] (mini_pupper_navigation) StdoutLine: {'line': b'-- Installing: /home/ubuntu/environment/aws-robomaker-mini-pupper-application/robot_ws/install/mini_pupper_navigation/share/mini_pupper_navigation/config/move_base\n'}
[18.584559] (mini_pupper_navigation) StdoutLine: {'line': b'-- Installing: /home/ubuntu/environment/aws-robomaker-mini-pupper-application/robot_ws/install/mini_pupper_navigation/share/mini_pupper_navigation/config/move_base/local_costmap_params.yaml\n'}
[18.584908] (mini_pupper_navigation) StdoutLine: {'line': b'-- Installing: /home/ubuntu/environment/aws-robomaker-mini-pupper-application/robot_ws/install/mini_pupper_navigation/share/mini_pupper_navigation/config/move_base/base_local_planner_holonomic_params.yaml\n'}
[18.585376] (mini_pupper_navigation) StdoutLine: {'line': b'-- Installing: /home/ubuntu/environment/aws-robomaker-mini-pupper-application/robot_ws/install/mini_pupper_navigation/share/mini_pupper_navigation/config/move_base/move_base_params.yaml\n'}
[18.585958] (mini_pupper_navigation) StdoutLine: {'line': b'-- Installing: /home/ubuntu/environment/aws-robomaker-mini-pupper-application/robot_ws/install/mini_pupper_navigation/share/mini_pupper_navigation/config/move_base/costmap_common_params.yaml\n'}
[18.586347] (mini_pupper_navigation) StdoutLine: {'line': b'-- Installing: /home/ubuntu/environment/aws-robomaker-mini-pupper-application/robot_ws/install/mini_pupper_navigation/share/mini_pupper_navigation/config/move_base/global_costmap_params.yaml\n'}
[18.590228] (mini_pupper_navigation) CommandEnded: {'returncode': 0}
[18.659566] (-) TimerEvent: {}
[18.760163] (-) TimerEvent: {}
[18.762432] (mini_pupper_navigation) JobEnded: {'identifier': 'mini_pupper_navigation', 'rc': 0}
[18.764351] (-) EventReactorShutdown: {}
