[0.044s] Invoking command in '/home/ubuntu/environment/aws-robomaker-mini-pupper-application/simulation_ws/build/mini_pupper_gazebo': CMAKE_PREFIX_PATH=/home/ubuntu/environment/aws-robomaker-mini-pupper-application/simulation_ws/install/champ_base:/home/ubuntu/environment/aws-robomaker-mini-pupper-application/simulation_ws/install/champ_msgs:/home/ubuntu/environment/aws-robomaker-mini-pupper-application/simulation_ws/install/champ:${CMAKE_PREFIX_PATH} LD_LIBRARY_PATH=/home/ubuntu/environment/aws-robomaker-mini-pupper-application/simulation_ws/install/champ_base/lib:${LD_LIBRARY_PATH} PKG_CONFIG_PATH=/home/ubuntu/environment/aws-robomaker-mini-pupper-application/simulation_ws/install/champ_base/lib/x86_64-linux-gnu/pkgconfig:/home/ubuntu/environment/aws-robomaker-mini-pupper-application/simulation_ws/install/champ_base/lib/pkgconfig:/home/ubuntu/environment/aws-robomaker-mini-pupper-application/simulation_ws/install/champ_msgs/lib/x86_64-linux-gnu/pkgconfig:/home/ubuntu/environment/aws-robomaker-mini-pupper-application/simulation_ws/install/champ_msgs/lib/pkgconfig:/home/ubuntu/environment/aws-robomaker-mini-pupper-application/simulation_ws/install/champ/lib/x86_64-linux-gnu/pkgconfig:/home/ubuntu/environment/aws-robomaker-mini-pupper-application/simulation_ws/install/champ/lib/pkgconfig:${PKG_CONFIG_PATH} PYTHONPATH=/home/ubuntu/environment/aws-robomaker-mini-pupper-application/simulation_ws/install/champ_msgs/lib/python2.7/dist-packages:${PYTHONPATH} ROS_PACKAGE_PATH=/home/ubuntu/environment/aws-robomaker-mini-pupper-application/simulation_ws/install/champ_base/share:/home/ubuntu/environment/aws-robomaker-mini-pupper-application/simulation_ws/install/champ_msgs/share:/home/ubuntu/environment/aws-robomaker-mini-pupper-application/simulation_ws/install/champ/share:${ROS_PACKAGE_PATH} /usr/bin/cmake /home/ubuntu/environment/aws-robomaker-mini-pupper-application/simulation_ws/src/minipupper_ros/mini_pupper_gazebo -Wno-dev -DCATKIN_INSTALL_INTO_PREFIX_ROOT=0 -DCMAKE_INSTALL_PREFIX=/home/ubuntu/environment/aws-robomaker-mini-pupper-application/simulation_ws/install/mini_pupper_gazebo
[0.142s] -- The C compiler identification is GNU 7.5.0
[0.256s] -- The CXX compiler identification is GNU 7.5.0
[0.265s] -- Check for working C compiler: /usr/bin/cc
[0.371s] -- Check for working C compiler: /usr/bin/cc -- works
[0.372s] -- Detecting C compiler ABI info
[0.480s] -- Detecting C compiler ABI info - done
[0.497s] -- Detecting C compile features
[0.820s] -- Detecting C compile features - done
[0.826s] -- Check for working CXX compiler: /usr/bin/c++
[0.949s] -- Check for working CXX compiler: /usr/bin/c++ -- works
[0.951s] -- Detecting CXX compiler ABI info
[1.083s] -- Detecting CXX compiler ABI info - done
[1.102s] -- Detecting CXX compile features
[1.660s] -- Detecting CXX compile features - done
[1.664s] -- Using CATKIN_DEVEL_PREFIX: /home/ubuntu/environment/aws-robomaker-mini-pupper-application/simulation_ws/build/mini_pupper_gazebo/devel
[1.665s] -- Using CMAKE_PREFIX_PATH: /home/ubuntu/environment/aws-robomaker-mini-pupper-application/simulation_ws/install/champ_base;/home/ubuntu/environment/aws-robomaker-mini-pupper-application/simulation_ws/install/champ_msgs;/home/ubuntu/environment/aws-robomaker-mini-pupper-application/simulation_ws/install/champ;/opt/ros/melodic
[1.666s] -- This workspace overlays: /home/ubuntu/environment/aws-robomaker-mini-pupper-application/simulation_ws/install/champ_base;/home/ubuntu/environment/aws-robomaker-mini-pupper-application/simulation_ws/install/champ_msgs;/home/ubuntu/environment/aws-robomaker-mini-pupper-application/simulation_ws/install/champ;/opt/ros/melodic
[1.689s] -- Found PythonInterp: /usr/bin/python2 (found suitable version "2.7.17", minimum required is "2") 
[1.690s] -- Using PYTHON_EXECUTABLE: /usr/bin/python2
[1.690s] -- Using Debian Python package layout
[1.691s] -- Using empy: /usr/bin/empy
[1.946s] -- Using CATKIN_ENABLE_TESTING: ON
[1.946s] -- Call enable_testing()
[1.950s] -- Using CATKIN_TEST_RESULTS_DIR: /home/ubuntu/environment/aws-robomaker-mini-pupper-application/simulation_ws/build/mini_pupper_gazebo/test_results
[1.983s] -- Found gtest sources under '/usr/src/googletest': gtests will be built
[1.984s] -- Found gmock sources under '/usr/src/googletest': gmock will be built
[2.006s] -- Found PythonInterp: /usr/bin/python2 (found version "2.7.17") 
[2.008s] -- Looking for pthread.h
[2.123s] -- Looking for pthread.h - found
[2.123s] -- Looking for pthread_create
[2.239s] -- Looking for pthread_create - not found
[2.240s] -- Looking for pthread_create in pthreads
[2.331s] -- Looking for pthread_create in pthreads - not found
[2.332s] -- Looking for pthread_create in pthread
[2.439s] -- Looking for pthread_create in pthread - found
[2.442s] -- Found Threads: TRUE  
[2.450s] -- Using Python nosetests: /usr/bin/nosetests-2.7
[2.525s] -- catkin 0.7.29
[2.525s] -- BUILD_SHARED_LIBS is on
[2.864s] -- Configuring done
[2.882s] -- Generating done
[2.885s] -- Build files have been written to: /home/ubuntu/environment/aws-robomaker-mini-pupper-application/simulation_ws/build/mini_pupper_gazebo
[2.890s] Invoked command in '/home/ubuntu/environment/aws-robomaker-mini-pupper-application/simulation_ws/build/mini_pupper_gazebo' returned '0': CMAKE_PREFIX_PATH=/home/ubuntu/environment/aws-robomaker-mini-pupper-application/simulation_ws/install/champ_base:/home/ubuntu/environment/aws-robomaker-mini-pupper-application/simulation_ws/install/champ_msgs:/home/ubuntu/environment/aws-robomaker-mini-pupper-application/simulation_ws/install/champ:${CMAKE_PREFIX_PATH} LD_LIBRARY_PATH=/home/ubuntu/environment/aws-robomaker-mini-pupper-application/simulation_ws/install/champ_base/lib:${LD_LIBRARY_PATH} PKG_CONFIG_PATH=/home/ubuntu/environment/aws-robomaker-mini-pupper-application/simulation_ws/install/champ_base/lib/x86_64-linux-gnu/pkgconfig:/home/ubuntu/environment/aws-robomaker-mini-pupper-application/simulation_ws/install/champ_base/lib/pkgconfig:/home/ubuntu/environment/aws-robomaker-mini-pupper-application/simulation_ws/install/champ_msgs/lib/x86_64-linux-gnu/pkgconfig:/home/ubuntu/environment/aws-robomaker-mini-pupper-application/simulation_ws/install/champ_msgs/lib/pkgconfig:/home/ubuntu/environment/aws-robomaker-mini-pupper-application/simulation_ws/install/champ/lib/x86_64-linux-gnu/pkgconfig:/home/ubuntu/environment/aws-robomaker-mini-pupper-application/simulation_ws/install/champ/lib/pkgconfig:${PKG_CONFIG_PATH} PYTHONPATH=/home/ubuntu/environment/aws-robomaker-mini-pupper-application/simulation_ws/install/champ_msgs/lib/python2.7/dist-packages:${PYTHONPATH} ROS_PACKAGE_PATH=/home/ubuntu/environment/aws-robomaker-mini-pupper-application/simulation_ws/install/champ_base/share:/home/ubuntu/environment/aws-robomaker-mini-pupper-application/simulation_ws/install/champ_msgs/share:/home/ubuntu/environment/aws-robomaker-mini-pupper-application/simulation_ws/install/champ/share:${ROS_PACKAGE_PATH} /usr/bin/cmake /home/ubuntu/environment/aws-robomaker-mini-pupper-application/simulation_ws/src/minipupper_ros/mini_pupper_gazebo -Wno-dev -DCATKIN_INSTALL_INTO_PREFIX_ROOT=0 -DCMAKE_INSTALL_PREFIX=/home/ubuntu/environment/aws-robomaker-mini-pupper-application/simulation_ws/install/mini_pupper_gazebo
[2.895s] Invoking command in '/home/ubuntu/environment/aws-robomaker-mini-pupper-application/simulation_ws/build/mini_pupper_gazebo': CMAKE_PREFIX_PATH=/home/ubuntu/environment/aws-robomaker-mini-pupper-application/simulation_ws/install/champ_base:/home/ubuntu/environment/aws-robomaker-mini-pupper-application/simulation_ws/install/champ_msgs:/home/ubuntu/environment/aws-robomaker-mini-pupper-application/simulation_ws/install/champ:${CMAKE_PREFIX_PATH} LD_LIBRARY_PATH=/home/ubuntu/environment/aws-robomaker-mini-pupper-application/simulation_ws/install/champ_base/lib:${LD_LIBRARY_PATH} PKG_CONFIG_PATH=/home/ubuntu/environment/aws-robomaker-mini-pupper-application/simulation_ws/install/champ_base/lib/x86_64-linux-gnu/pkgconfig:/home/ubuntu/environment/aws-robomaker-mini-pupper-application/simulation_ws/install/champ_base/lib/pkgconfig:/home/ubuntu/environment/aws-robomaker-mini-pupper-application/simulation_ws/install/champ_msgs/lib/x86_64-linux-gnu/pkgconfig:/home/ubuntu/environment/aws-robomaker-mini-pupper-application/simulation_ws/install/champ_msgs/lib/pkgconfig:/home/ubuntu/environment/aws-robomaker-mini-pupper-application/simulation_ws/install/champ/lib/x86_64-linux-gnu/pkgconfig:/home/ubuntu/environment/aws-robomaker-mini-pupper-application/simulation_ws/install/champ/lib/pkgconfig:${PKG_CONFIG_PATH} PYTHONPATH=/home/ubuntu/environment/aws-robomaker-mini-pupper-application/simulation_ws/install/champ_msgs/lib/python2.7/dist-packages:${PYTHONPATH} ROS_PACKAGE_PATH=/home/ubuntu/environment/aws-robomaker-mini-pupper-application/simulation_ws/install/champ_base/share:/home/ubuntu/environment/aws-robomaker-mini-pupper-application/simulation_ws/install/champ_msgs/share:/home/ubuntu/environment/aws-robomaker-mini-pupper-application/simulation_ws/install/champ/share:${ROS_PACKAGE_PATH} /usr/bin/cmake --build /home/ubuntu/environment/aws-robomaker-mini-pupper-application/simulation_ws/build/mini_pupper_gazebo -- -j4 -l4
[2.942s] Invoked command in '/home/ubuntu/environment/aws-robomaker-mini-pupper-application/simulation_ws/build/mini_pupper_gazebo' returned '0': CMAKE_PREFIX_PATH=/home/ubuntu/environment/aws-robomaker-mini-pupper-application/simulation_ws/install/champ_base:/home/ubuntu/environment/aws-robomaker-mini-pupper-application/simulation_ws/install/champ_msgs:/home/ubuntu/environment/aws-robomaker-mini-pupper-application/simulation_ws/install/champ:${CMAKE_PREFIX_PATH} LD_LIBRARY_PATH=/home/ubuntu/environment/aws-robomaker-mini-pupper-application/simulation_ws/install/champ_base/lib:${LD_LIBRARY_PATH} PKG_CONFIG_PATH=/home/ubuntu/environment/aws-robomaker-mini-pupper-application/simulation_ws/install/champ_base/lib/x86_64-linux-gnu/pkgconfig:/home/ubuntu/environment/aws-robomaker-mini-pupper-application/simulation_ws/install/champ_base/lib/pkgconfig:/home/ubuntu/environment/aws-robomaker-mini-pupper-application/simulation_ws/install/champ_msgs/lib/x86_64-linux-gnu/pkgconfig:/home/ubuntu/environment/aws-robomaker-mini-pupper-application/simulation_ws/install/champ_msgs/lib/pkgconfig:/home/ubuntu/environment/aws-robomaker-mini-pupper-application/simulation_ws/install/champ/lib/x86_64-linux-gnu/pkgconfig:/home/ubuntu/environment/aws-robomaker-mini-pupper-application/simulation_ws/install/champ/lib/pkgconfig:${PKG_CONFIG_PATH} PYTHONPATH=/home/ubuntu/environment/aws-robomaker-mini-pupper-application/simulation_ws/install/champ_msgs/lib/python2.7/dist-packages:${PYTHONPATH} ROS_PACKAGE_PATH=/home/ubuntu/environment/aws-robomaker-mini-pupper-application/simulation_ws/install/champ_base/share:/home/ubuntu/environment/aws-robomaker-mini-pupper-application/simulation_ws/install/champ_msgs/share:/home/ubuntu/environment/aws-robomaker-mini-pupper-application/simulation_ws/install/champ/share:${ROS_PACKAGE_PATH} /usr/bin/cmake --build /home/ubuntu/environment/aws-robomaker-mini-pupper-application/simulation_ws/build/mini_pupper_gazebo -- -j4 -l4
[2.983s] Invoking command in '/home/ubuntu/environment/aws-robomaker-mini-pupper-application/simulation_ws/build/mini_pupper_gazebo': CMAKE_PREFIX_PATH=/home/ubuntu/environment/aws-robomaker-mini-pupper-application/simulation_ws/install/champ_base:/home/ubuntu/environment/aws-robomaker-mini-pupper-application/simulation_ws/install/champ_msgs:/home/ubuntu/environment/aws-robomaker-mini-pupper-application/simulation_ws/install/champ:${CMAKE_PREFIX_PATH} LD_LIBRARY_PATH=/home/ubuntu/environment/aws-robomaker-mini-pupper-application/simulation_ws/install/champ_base/lib:${LD_LIBRARY_PATH} PKG_CONFIG_PATH=/home/ubuntu/environment/aws-robomaker-mini-pupper-application/simulation_ws/install/champ_base/lib/x86_64-linux-gnu/pkgconfig:/home/ubuntu/environment/aws-robomaker-mini-pupper-application/simulation_ws/install/champ_base/lib/pkgconfig:/home/ubuntu/environment/aws-robomaker-mini-pupper-application/simulation_ws/install/champ_msgs/lib/x86_64-linux-gnu/pkgconfig:/home/ubuntu/environment/aws-robomaker-mini-pupper-application/simulation_ws/install/champ_msgs/lib/pkgconfig:/home/ubuntu/environment/aws-robomaker-mini-pupper-application/simulation_ws/install/champ/lib/x86_64-linux-gnu/pkgconfig:/home/ubuntu/environment/aws-robomaker-mini-pupper-application/simulation_ws/install/champ/lib/pkgconfig:${PKG_CONFIG_PATH} PYTHONPATH=/home/ubuntu/environment/aws-robomaker-mini-pupper-application/simulation_ws/install/champ_msgs/lib/python2.7/dist-packages:${PYTHONPATH} ROS_PACKAGE_PATH=/home/ubuntu/environment/aws-robomaker-mini-pupper-application/simulation_ws/install/champ_base/share:/home/ubuntu/environment/aws-robomaker-mini-pupper-application/simulation_ws/install/champ_msgs/share:/home/ubuntu/environment/aws-robomaker-mini-pupper-application/simulation_ws/install/champ/share:${ROS_PACKAGE_PATH} /usr/bin/cmake --build /home/ubuntu/environment/aws-robomaker-mini-pupper-application/simulation_ws/build/mini_pupper_gazebo --target tests -- -j4 -l4
[3.042s] [35m[1mScanning dependencies of target tests[0m
[3.058s] Built target tests
[3.081s] Invoked command in '/home/ubuntu/environment/aws-robomaker-mini-pupper-application/simulation_ws/build/mini_pupper_gazebo' returned '0': CMAKE_PREFIX_PATH=/home/ubuntu/environment/aws-robomaker-mini-pupper-application/simulation_ws/install/champ_base:/home/ubuntu/environment/aws-robomaker-mini-pupper-application/simulation_ws/install/champ_msgs:/home/ubuntu/environment/aws-robomaker-mini-pupper-application/simulation_ws/install/champ:${CMAKE_PREFIX_PATH} LD_LIBRARY_PATH=/home/ubuntu/environment/aws-robomaker-mini-pupper-application/simulation_ws/install/champ_base/lib:${LD_LIBRARY_PATH} PKG_CONFIG_PATH=/home/ubuntu/environment/aws-robomaker-mini-pupper-application/simulation_ws/install/champ_base/lib/x86_64-linux-gnu/pkgconfig:/home/ubuntu/environment/aws-robomaker-mini-pupper-application/simulation_ws/install/champ_base/lib/pkgconfig:/home/ubuntu/environment/aws-robomaker-mini-pupper-application/simulation_ws/install/champ_msgs/lib/x86_64-linux-gnu/pkgconfig:/home/ubuntu/environment/aws-robomaker-mini-pupper-application/simulation_ws/install/champ_msgs/lib/pkgconfig:/home/ubuntu/environment/aws-robomaker-mini-pupper-application/simulation_ws/install/champ/lib/x86_64-linux-gnu/pkgconfig:/home/ubuntu/environment/aws-robomaker-mini-pupper-application/simulation_ws/install/champ/lib/pkgconfig:${PKG_CONFIG_PATH} PYTHONPATH=/home/ubuntu/environment/aws-robomaker-mini-pupper-application/simulation_ws/install/champ_msgs/lib/python2.7/dist-packages:${PYTHONPATH} ROS_PACKAGE_PATH=/home/ubuntu/environment/aws-robomaker-mini-pupper-application/simulation_ws/install/champ_base/share:/home/ubuntu/environment/aws-robomaker-mini-pupper-application/simulation_ws/install/champ_msgs/share:/home/ubuntu/environment/aws-robomaker-mini-pupper-application/simulation_ws/install/champ/share:${ROS_PACKAGE_PATH} /usr/bin/cmake --build /home/ubuntu/environment/aws-robomaker-mini-pupper-application/simulation_ws/build/mini_pupper_gazebo --target tests -- -j4 -l4
[3.126s] Invoking command in '/home/ubuntu/environment/aws-robomaker-mini-pupper-application/simulation_ws/build/mini_pupper_gazebo': CMAKE_PREFIX_PATH=/home/ubuntu/environment/aws-robomaker-mini-pupper-application/simulation_ws/install/champ_base:/home/ubuntu/environment/aws-robomaker-mini-pupper-application/simulation_ws/install/champ_msgs:/home/ubuntu/environment/aws-robomaker-mini-pupper-application/simulation_ws/install/champ:${CMAKE_PREFIX_PATH} LD_LIBRARY_PATH=/home/ubuntu/environment/aws-robomaker-mini-pupper-application/simulation_ws/install/champ_base/lib:${LD_LIBRARY_PATH} PKG_CONFIG_PATH=/home/ubuntu/environment/aws-robomaker-mini-pupper-application/simulation_ws/install/champ_base/lib/x86_64-linux-gnu/pkgconfig:/home/ubuntu/environment/aws-robomaker-mini-pupper-application/simulation_ws/install/champ_base/lib/pkgconfig:/home/ubuntu/environment/aws-robomaker-mini-pupper-application/simulation_ws/install/champ_msgs/lib/x86_64-linux-gnu/pkgconfig:/home/ubuntu/environment/aws-robomaker-mini-pupper-application/simulation_ws/install/champ_msgs/lib/pkgconfig:/home/ubuntu/environment/aws-robomaker-mini-pupper-application/simulation_ws/install/champ/lib/x86_64-linux-gnu/pkgconfig:/home/ubuntu/environment/aws-robomaker-mini-pupper-application/simulation_ws/install/champ/lib/pkgconfig:${PKG_CONFIG_PATH} PYTHONPATH=/home/ubuntu/environment/aws-robomaker-mini-pupper-application/simulation_ws/install/champ_msgs/lib/python2.7/dist-packages:${PYTHONPATH} ROS_PACKAGE_PATH=/home/ubuntu/environment/aws-robomaker-mini-pupper-application/simulation_ws/install/champ_base/share:/home/ubuntu/environment/aws-robomaker-mini-pupper-application/simulation_ws/install/champ_msgs/share:/home/ubuntu/environment/aws-robomaker-mini-pupper-application/simulation_ws/install/champ/share:${ROS_PACKAGE_PATH} /usr/bin/cmake --build /home/ubuntu/environment/aws-robomaker-mini-pupper-application/simulation_ws/build/mini_pupper_gazebo --target install -- -j4 -l4
[3.192s] [36mInstall the project...[0m
[3.203s] -- Install configuration: ""
[3.204s] -- Installing: /home/ubuntu/environment/aws-robomaker-mini-pupper-application/simulation_ws/install/mini_pupper_gazebo/lib/pkgconfig/mini_pupper_gazebo.pc
[3.204s] -- Installing: /home/ubuntu/environment/aws-robomaker-mini-pupper-application/simulation_ws/install/mini_pupper_gazebo/share/mini_pupper_gazebo/cmake/mini_pupper_gazeboConfig.cmake
[3.204s] -- Installing: /home/ubuntu/environment/aws-robomaker-mini-pupper-application/simulation_ws/install/mini_pupper_gazebo/share/mini_pupper_gazebo/cmake/mini_pupper_gazeboConfig-version.cmake
[3.205s] -- Installing: /home/ubuntu/environment/aws-robomaker-mini-pupper-application/simulation_ws/install/mini_pupper_gazebo/share/mini_pupper_gazebo/package.xml
[3.205s] -- Installing: /home/ubuntu/environment/aws-robomaker-mini-pupper-application/simulation_ws/install/mini_pupper_gazebo/share/mini_pupper_gazebo/config
[3.205s] -- Installing: /home/ubuntu/environment/aws-robomaker-mini-pupper-application/simulation_ws/install/mini_pupper_gazebo/share/mini_pupper_gazebo/config/joints
[3.205s] -- Installing: /home/ubuntu/environment/aws-robomaker-mini-pupper-application/simulation_ws/install/mini_pupper_gazebo/share/mini_pupper_gazebo/config/joints/joints.yaml
[3.206s] -- Installing: /home/ubuntu/environment/aws-robomaker-mini-pupper-application/simulation_ws/install/mini_pupper_gazebo/share/mini_pupper_gazebo/config/ros_control
[3.206s] -- Installing: /home/ubuntu/environment/aws-robomaker-mini-pupper-application/simulation_ws/install/mini_pupper_gazebo/share/mini_pupper_gazebo/config/ros_control/ros_control.yaml
[3.206s] -- Installing: /home/ubuntu/environment/aws-robomaker-mini-pupper-application/simulation_ws/install/mini_pupper_gazebo/share/mini_pupper_gazebo/config/cartographer
[3.206s] -- Installing: /home/ubuntu/environment/aws-robomaker-mini-pupper-application/simulation_ws/install/mini_pupper_gazebo/share/mini_pupper_gazebo/config/cartographer/nav.lua
[3.207s] -- Installing: /home/ubuntu/environment/aws-robomaker-mini-pupper-application/simulation_ws/install/mini_pupper_gazebo/share/mini_pupper_gazebo/config/cartographer/slam.lua
[3.207s] -- Installing: /home/ubuntu/environment/aws-robomaker-mini-pupper-application/simulation_ws/install/mini_pupper_gazebo/share/mini_pupper_gazebo/config/gait
[3.208s] -- Installing: /home/ubuntu/environment/aws-robomaker-mini-pupper-application/simulation_ws/install/mini_pupper_gazebo/share/mini_pupper_gazebo/config/gait/gait.yaml
[3.208s] -- Installing: /home/ubuntu/environment/aws-robomaker-mini-pupper-application/simulation_ws/install/mini_pupper_gazebo/share/mini_pupper_gazebo/config/links
[3.208s] -- Installing: /home/ubuntu/environment/aws-robomaker-mini-pupper-application/simulation_ws/install/mini_pupper_gazebo/share/mini_pupper_gazebo/config/links/links.yaml
[3.209s] -- Installing: /home/ubuntu/environment/aws-robomaker-mini-pupper-application/simulation_ws/install/mini_pupper_gazebo/share/mini_pupper_gazebo/config/move_base
[3.209s] -- Installing: /home/ubuntu/environment/aws-robomaker-mini-pupper-application/simulation_ws/install/mini_pupper_gazebo/share/mini_pupper_gazebo/config/move_base/local_costmap_params.yaml
[3.210s] -- Installing: /home/ubuntu/environment/aws-robomaker-mini-pupper-application/simulation_ws/install/mini_pupper_gazebo/share/mini_pupper_gazebo/config/move_base/base_local_planner_holonomic_params.yaml
[3.210s] -- Installing: /home/ubuntu/environment/aws-robomaker-mini-pupper-application/simulation_ws/install/mini_pupper_gazebo/share/mini_pupper_gazebo/config/move_base/move_base_params.yaml
[3.212s] -- Installing: /home/ubuntu/environment/aws-robomaker-mini-pupper-application/simulation_ws/install/mini_pupper_gazebo/share/mini_pupper_gazebo/config/move_base/costmap_common_params.yaml
[3.213s] -- Installing: /home/ubuntu/environment/aws-robomaker-mini-pupper-application/simulation_ws/install/mini_pupper_gazebo/share/mini_pupper_gazebo/config/move_base/global_costmap_params.yaml
[3.213s] -- Installing: /home/ubuntu/environment/aws-robomaker-mini-pupper-application/simulation_ws/install/mini_pupper_gazebo/share/mini_pupper_gazebo/launch
[3.213s] -- Installing: /home/ubuntu/environment/aws-robomaker-mini-pupper-application/simulation_ws/install/mini_pupper_gazebo/share/mini_pupper_gazebo/launch/bringup.launch
[3.213s] -- Installing: /home/ubuntu/environment/aws-robomaker-mini-pupper-application/simulation_ws/install/mini_pupper_gazebo/share/mini_pupper_gazebo/launch/slam.launch
[3.214s] -- Installing: /home/ubuntu/environment/aws-robomaker-mini-pupper-application/simulation_ws/install/mini_pupper_gazebo/share/mini_pupper_gazebo/launch/spawn_robot.launch
[3.214s] -- Installing: /home/ubuntu/environment/aws-robomaker-mini-pupper-application/simulation_ws/install/mini_pupper_gazebo/share/mini_pupper_gazebo/launch/minimal.launch
[3.215s] -- Installing: /home/ubuntu/environment/aws-robomaker-mini-pupper-application/simulation_ws/install/mini_pupper_gazebo/share/mini_pupper_gazebo/launch/include
[3.215s] -- Installing: /home/ubuntu/environment/aws-robomaker-mini-pupper-application/simulation_ws/install/mini_pupper_gazebo/share/mini_pupper_gazebo/launch/include/move_base.launch
[3.216s] -- Installing: /home/ubuntu/environment/aws-robomaker-mini-pupper-application/simulation_ws/install/mini_pupper_gazebo/share/mini_pupper_gazebo/launch/gazebo.launch
[3.216s] -- Installing: /home/ubuntu/environment/aws-robomaker-mini-pupper-application/simulation_ws/install/mini_pupper_gazebo/share/mini_pupper_gazebo/launch/navigate.launch
[3.217s] -- Installing: /home/ubuntu/environment/aws-robomaker-mini-pupper-application/simulation_ws/install/mini_pupper_gazebo/share/mini_pupper_gazebo/maps
[3.217s] -- Installing: /home/ubuntu/environment/aws-robomaker-mini-pupper-application/simulation_ws/install/mini_pupper_gazebo/share/mini_pupper_gazebo/maps/map.pbstream
[3.251s] -- Installing: /home/ubuntu/environment/aws-robomaker-mini-pupper-application/simulation_ws/install/mini_pupper_gazebo/share/mini_pupper_gazebo/maps/map.yaml
[3.251s] -- Installing: /home/ubuntu/environment/aws-robomaker-mini-pupper-application/simulation_ws/install/mini_pupper_gazebo/share/mini_pupper_gazebo/maps/map.pgm
[3.252s] -- Installing: /home/ubuntu/environment/aws-robomaker-mini-pupper-application/simulation_ws/install/mini_pupper_gazebo/share/mini_pupper_gazebo/worlds
[3.252s] -- Installing: /home/ubuntu/environment/aws-robomaker-mini-pupper-application/simulation_ws/install/mini_pupper_gazebo/share/mini_pupper_gazebo/worlds/default.world
[3.252s] -- Installing: /home/ubuntu/environment/aws-robomaker-mini-pupper-application/simulation_ws/install/mini_pupper_gazebo/share/mini_pupper_gazebo/worlds/outdoor.world
[3.444s] Invoked command in '/home/ubuntu/environment/aws-robomaker-mini-pupper-application/simulation_ws/build/mini_pupper_gazebo' returned '0': CMAKE_PREFIX_PATH=/home/ubuntu/environment/aws-robomaker-mini-pupper-application/simulation_ws/install/champ_base:/home/ubuntu/environment/aws-robomaker-mini-pupper-application/simulation_ws/install/champ_msgs:/home/ubuntu/environment/aws-robomaker-mini-pupper-application/simulation_ws/install/champ:${CMAKE_PREFIX_PATH} LD_LIBRARY_PATH=/home/ubuntu/environment/aws-robomaker-mini-pupper-application/simulation_ws/install/champ_base/lib:${LD_LIBRARY_PATH} PKG_CONFIG_PATH=/home/ubuntu/environment/aws-robomaker-mini-pupper-application/simulation_ws/install/champ_base/lib/x86_64-linux-gnu/pkgconfig:/home/ubuntu/environment/aws-robomaker-mini-pupper-application/simulation_ws/install/champ_base/lib/pkgconfig:/home/ubuntu/environment/aws-robomaker-mini-pupper-application/simulation_ws/install/champ_msgs/lib/x86_64-linux-gnu/pkgconfig:/home/ubuntu/environment/aws-robomaker-mini-pupper-application/simulation_ws/install/champ_msgs/lib/pkgconfig:/home/ubuntu/environment/aws-robomaker-mini-pupper-application/simulation_ws/install/champ/lib/x86_64-linux-gnu/pkgconfig:/home/ubuntu/environment/aws-robomaker-mini-pupper-application/simulation_ws/install/champ/lib/pkgconfig:${PKG_CONFIG_PATH} PYTHONPATH=/home/ubuntu/environment/aws-robomaker-mini-pupper-application/simulation_ws/install/champ_msgs/lib/python2.7/dist-packages:${PYTHONPATH} ROS_PACKAGE_PATH=/home/ubuntu/environment/aws-robomaker-mini-pupper-application/simulation_ws/install/champ_base/share:/home/ubuntu/environment/aws-robomaker-mini-pupper-application/simulation_ws/install/champ_msgs/share:/home/ubuntu/environment/aws-robomaker-mini-pupper-application/simulation_ws/install/champ/share:${ROS_PACKAGE_PATH} /usr/bin/cmake --build /home/ubuntu/environment/aws-robomaker-mini-pupper-application/simulation_ws/build/mini_pupper_gazebo --target install -- -j4 -l4
