[0.039s] Invoking command in '/home/ubuntu/environment/aws-robomaker-mini-pupper-application/simulation_ws/build/champ_base': CMAKE_PREFIX_PATH=/home/ubuntu/environment/aws-robomaker-mini-pupper-application/simulation_ws/install/champ_msgs:/home/ubuntu/environment/aws-robomaker-mini-pupper-application/simulation_ws/install/champ:${CMAKE_PREFIX_PATH} PKG_CONFIG_PATH=/home/ubuntu/environment/aws-robomaker-mini-pupper-application/simulation_ws/install/champ_msgs/lib/x86_64-linux-gnu/pkgconfig:/home/ubuntu/environment/aws-robomaker-mini-pupper-application/simulation_ws/install/champ_msgs/lib/pkgconfig:/home/ubuntu/environment/aws-robomaker-mini-pupper-application/simulation_ws/install/champ/lib/x86_64-linux-gnu/pkgconfig:/home/ubuntu/environment/aws-robomaker-mini-pupper-application/simulation_ws/install/champ/lib/pkgconfig:${PKG_CONFIG_PATH} PYTHONPATH=/home/ubuntu/environment/aws-robomaker-mini-pupper-application/simulation_ws/install/champ_msgs/lib/python2.7/dist-packages:${PYTHONPATH} ROS_PACKAGE_PATH=/home/ubuntu/environment/aws-robomaker-mini-pupper-application/simulation_ws/install/champ_msgs/share:/home/ubuntu/environment/aws-robomaker-mini-pupper-application/simulation_ws/install/champ/share:${ROS_PACKAGE_PATH} /usr/bin/cmake /home/ubuntu/environment/aws-robomaker-mini-pupper-application/simulation_ws/src/champ/champ_base -Wno-dev -DCATKIN_INSTALL_INTO_PREFIX_ROOT=0 -DCMAKE_INSTALL_PREFIX=/home/ubuntu/environment/aws-robomaker-mini-pupper-application/simulation_ws/install/champ_base
[0.107s] -- The C compiler identification is GNU 7.5.0
[0.178s] -- The CXX compiler identification is GNU 7.5.0
[0.182s] -- Check for working C compiler: /usr/bin/cc
[0.265s] -- Check for working C compiler: /usr/bin/cc -- works
[0.266s] -- Detecting C compiler ABI info
[0.361s] -- Detecting C compiler ABI info - done
[0.371s] -- Detecting C compile features
[0.599s] -- Detecting C compile features - done
[0.602s] -- Check for working CXX compiler: /usr/bin/c++
[0.685s] -- Check for working CXX compiler: /usr/bin/c++ -- works
[0.686s] -- Detecting CXX compiler ABI info
[0.776s] -- Detecting CXX compiler ABI info - done
[0.786s] -- Detecting CXX compile features
[1.214s] -- Detecting CXX compile features - done
[1.217s] -- Using CATKIN_DEVEL_PREFIX: /home/ubuntu/environment/aws-robomaker-mini-pupper-application/simulation_ws/build/champ_base/devel
[1.217s] -- Using CMAKE_PREFIX_PATH: /home/ubuntu/environment/aws-robomaker-mini-pupper-application/simulation_ws/install/champ_msgs;/home/ubuntu/environment/aws-robomaker-mini-pupper-application/simulation_ws/install/champ;/opt/ros/melodic
[1.217s] -- This workspace overlays: /home/ubuntu/environment/aws-robomaker-mini-pupper-application/simulation_ws/install/champ_msgs;/home/ubuntu/environment/aws-robomaker-mini-pupper-application/simulation_ws/install/champ;/opt/ros/melodic
[1.233s] -- Found PythonInterp: /usr/bin/python2 (found suitable version "2.7.17", minimum required is "2") 
[1.234s] -- Using PYTHON_EXECUTABLE: /usr/bin/python2
[1.234s] -- Using Debian Python package layout
[1.234s] -- Using empy: /usr/bin/empy
[1.399s] -- Using CATKIN_ENABLE_TESTING: ON
[1.399s] -- Call enable_testing()
[1.401s] -- Using CATKIN_TEST_RESULTS_DIR: /home/ubuntu/environment/aws-robomaker-mini-pupper-application/simulation_ws/build/champ_base/test_results
[1.420s] -- Found gtest sources under '/usr/src/googletest': gtests will be built
[1.420s] -- Found gmock sources under '/usr/src/googletest': gmock will be built
[1.436s] -- Found PythonInterp: /usr/bin/python2 (found version "2.7.17") 
[1.438s] -- Looking for pthread.h
[1.517s] -- Looking for pthread.h - found
[1.517s] -- Looking for pthread_create
[1.602s] -- Looking for pthread_create - not found
[1.602s] -- Looking for pthread_create in pthreads
[1.675s] -- Looking for pthread_create in pthreads - not found
[1.676s] -- Looking for pthread_create in pthread
[1.755s] -- Looking for pthread_create in pthread - found
[1.756s] -- Found Threads: TRUE  
[1.762s] -- Using Python nosetests: /usr/bin/nosetests-2.7
[1.812s] -- catkin 0.7.29
[1.812s] -- BUILD_SHARED_LIBS is on
[2.079s] -- Using these message generators: gencpp;geneus;genlisp;gennodejs;genpy
[2.431s] -- Configuring done
[3.208s] -- Generating done
[3.219s] -- Build files have been written to: /home/ubuntu/environment/aws-robomaker-mini-pupper-application/simulation_ws/build/champ_base
[3.225s] Invoked command in '/home/ubuntu/environment/aws-robomaker-mini-pupper-application/simulation_ws/build/champ_base' returned '0': CMAKE_PREFIX_PATH=/home/ubuntu/environment/aws-robomaker-mini-pupper-application/simulation_ws/install/champ_msgs:/home/ubuntu/environment/aws-robomaker-mini-pupper-application/simulation_ws/install/champ:${CMAKE_PREFIX_PATH} PKG_CONFIG_PATH=/home/ubuntu/environment/aws-robomaker-mini-pupper-application/simulation_ws/install/champ_msgs/lib/x86_64-linux-gnu/pkgconfig:/home/ubuntu/environment/aws-robomaker-mini-pupper-application/simulation_ws/install/champ_msgs/lib/pkgconfig:/home/ubuntu/environment/aws-robomaker-mini-pupper-application/simulation_ws/install/champ/lib/x86_64-linux-gnu/pkgconfig:/home/ubuntu/environment/aws-robomaker-mini-pupper-application/simulation_ws/install/champ/lib/pkgconfig:${PKG_CONFIG_PATH} PYTHONPATH=/home/ubuntu/environment/aws-robomaker-mini-pupper-application/simulation_ws/install/champ_msgs/lib/python2.7/dist-packages:${PYTHONPATH} ROS_PACKAGE_PATH=/home/ubuntu/environment/aws-robomaker-mini-pupper-application/simulation_ws/install/champ_msgs/share:/home/ubuntu/environment/aws-robomaker-mini-pupper-application/simulation_ws/install/champ/share:${ROS_PACKAGE_PATH} /usr/bin/cmake /home/ubuntu/environment/aws-robomaker-mini-pupper-application/simulation_ws/src/champ/champ_base -Wno-dev -DCATKIN_INSTALL_INTO_PREFIX_ROOT=0 -DCMAKE_INSTALL_PREFIX=/home/ubuntu/environment/aws-robomaker-mini-pupper-application/simulation_ws/install/champ_base
[3.230s] Invoking command in '/home/ubuntu/environment/aws-robomaker-mini-pupper-application/simulation_ws/build/champ_base': CMAKE_PREFIX_PATH=/home/ubuntu/environment/aws-robomaker-mini-pupper-application/simulation_ws/install/champ_msgs:/home/ubuntu/environment/aws-robomaker-mini-pupper-application/simulation_ws/install/champ:${CMAKE_PREFIX_PATH} PKG_CONFIG_PATH=/home/ubuntu/environment/aws-robomaker-mini-pupper-application/simulation_ws/install/champ_msgs/lib/x86_64-linux-gnu/pkgconfig:/home/ubuntu/environment/aws-robomaker-mini-pupper-application/simulation_ws/install/champ_msgs/lib/pkgconfig:/home/ubuntu/environment/aws-robomaker-mini-pupper-application/simulation_ws/install/champ/lib/x86_64-linux-gnu/pkgconfig:/home/ubuntu/environment/aws-robomaker-mini-pupper-application/simulation_ws/install/champ/lib/pkgconfig:${PKG_CONFIG_PATH} PYTHONPATH=/home/ubuntu/environment/aws-robomaker-mini-pupper-application/simulation_ws/install/champ_msgs/lib/python2.7/dist-packages:${PYTHONPATH} ROS_PACKAGE_PATH=/home/ubuntu/environment/aws-robomaker-mini-pupper-application/simulation_ws/install/champ_msgs/share:/home/ubuntu/environment/aws-robomaker-mini-pupper-application/simulation_ws/install/champ/share:${ROS_PACKAGE_PATH} /usr/bin/cmake --build /home/ubuntu/environment/aws-robomaker-mini-pupper-application/simulation_ws/build/champ_base -- -j4 -l4
[3.282s] [35m[1mScanning dependencies of target actionlib_generate_messages_cpp[0m
[3.282s] [35m[1mScanning dependencies of target geometry_msgs_generate_messages_py[0m
[3.282s] [35m[1mScanning dependencies of target visualization_msgs_generate_messages_py[0m
[3.285s] [35m[1mScanning dependencies of target visualization_msgs_generate_messages_eus[0m
[3.299s] [  0%] Built target geometry_msgs_generate_messages_py
[3.301s] [  0%] Built target actionlib_generate_messages_cpp
[3.302s] [  0%] Built target visualization_msgs_generate_messages_eus
[3.314s] [  0%] Built target visualization_msgs_generate_messages_py
[3.319s] [35m[1mScanning dependencies of target std_msgs_generate_messages_cpp[0m
[3.319s] [35m[1mScanning dependencies of target visualization_msgs_generate_messages_nodejs[0m
[3.327s] [35m[1mScanning dependencies of target champ_msgs_generate_messages_py[0m
[3.337s] [  0%] Built target visualization_msgs_generate_messages_nodejs
[3.337s] [35m[1mScanning dependencies of target geometry_msgs_generate_messages_lisp[0m
[3.340s] [  0%] Built target std_msgs_generate_messages_cpp
[3.354s] [  0%] Built target champ_msgs_generate_messages_py
[3.354s] [  0%] Built target geometry_msgs_generate_messages_lisp
[3.357s] [35m[1mScanning dependencies of target champ_msgs_generate_messages_cpp[0m
[3.360s] [35m[1mScanning dependencies of target std_msgs_generate_messages_nodejs[0m
[3.371s] [35m[1mScanning dependencies of target sensor_msgs_generate_messages_cpp[0m
[3.376s] [  0%] Built target std_msgs_generate_messages_nodejs
[3.377s] [  0%] Built target champ_msgs_generate_messages_cpp
[3.382s] [35m[1mScanning dependencies of target nav_msgs_generate_messages_cpp[0m
[3.391s] [  0%] Built target sensor_msgs_generate_messages_cpp
[3.394s] [35m[1mScanning dependencies of target actionlib_msgs_generate_messages_nodejs[0m
[3.395s] [35m[1mScanning dependencies of target sensor_msgs_generate_messages_lisp[0m
[3.397s] [  0%] Built target nav_msgs_generate_messages_cpp
[3.405s] [  0%] Built target actionlib_msgs_generate_messages_nodejs
[3.408s] [35m[1mScanning dependencies of target roscpp_generate_messages_cpp[0m
[3.412s] [  0%] Built target sensor_msgs_generate_messages_lisp
[3.420s] [35m[1mScanning dependencies of target sensor_msgs_generate_messages_nodejs[0m
[3.421s] [35m[1mScanning dependencies of target geometry_msgs_generate_messages_nodejs[0m
[3.424s] [  0%] Built target roscpp_generate_messages_cpp
[3.432s] [35m[1mScanning dependencies of target roscpp_generate_messages_lisp[0m
[3.437s] [  0%] Built target sensor_msgs_generate_messages_nodejs
[3.437s] [  0%] Built target geometry_msgs_generate_messages_nodejs
[3.440s] [35m[1mScanning dependencies of target std_msgs_generate_messages_lisp[0m
[3.447s] [  0%] Built target roscpp_generate_messages_lisp
[3.449s] [35m[1mScanning dependencies of target roscpp_generate_messages_nodejs[0m
[3.454s] [35m[1mScanning dependencies of target geometry_msgs_generate_messages_eus[0m
[3.460s] [  0%] Built target std_msgs_generate_messages_lisp
[3.462s] [35m[1mScanning dependencies of target std_msgs_generate_messages_py[0m
[3.464s] [  0%] Built target roscpp_generate_messages_nodejs
[3.473s] [  0%] Built target geometry_msgs_generate_messages_eus
[3.476s] [35m[1mScanning dependencies of target champ_msgs_generate_messages_nodejs[0m
[3.478s] [  0%] Built target std_msgs_generate_messages_py
[3.479s] [35m[1mScanning dependencies of target tf_generate_messages_lisp[0m
[3.489s] [35m[1mScanning dependencies of target roscpp_generate_messages_py[0m
[3.492s] [  0%] Built target champ_msgs_generate_messages_nodejs
[3.494s] [35m[1mScanning dependencies of target trajectory_msgs_generate_messages_eus[0m
[3.494s] [  0%] Built target tf_generate_messages_lisp
[3.508s] [35m[1mScanning dependencies of target champ_msgs_generate_messages_lisp[0m
[3.509s] [35m[1mScanning dependencies of target rosgraph_msgs_generate_messages_cpp[0m
[3.511s] [  0%] Built target trajectory_msgs_generate_messages_eus
[3.515s] [  0%] Built target roscpp_generate_messages_py
[3.527s] [  0%] Built target rosgraph_msgs_generate_messages_cpp
[3.527s] [  0%] Built target champ_msgs_generate_messages_lisp
[3.541s] [35m[1mScanning dependencies of target rosgraph_msgs_generate_messages_eus[0m
[3.541s] [35m[1mScanning dependencies of target rosgraph_msgs_generate_messages_lisp[0m
[3.545s] [35m[1mScanning dependencies of target rosgraph_msgs_generate_messages_nodejs[0m
[3.556s] [35m[1mScanning dependencies of target trajectory_msgs_generate_messages_py[0m
[3.558s] [  0%] Built target rosgraph_msgs_generate_messages_eus
[3.562s] [  0%] Built target rosgraph_msgs_generate_messages_nodejs
[3.573s] [  0%] Built target trajectory_msgs_generate_messages_py
[3.575s] [  0%] Built target rosgraph_msgs_generate_messages_lisp
[3.576s] [35m[1mScanning dependencies of target sensor_msgs_generate_messages_eus[0m
[3.592s] [35m[1mScanning dependencies of target trajectory_msgs_generate_messages_cpp[0m
[3.594s] [35m[1mScanning dependencies of target tf_generate_messages_py[0m
[3.595s] [35m[1mScanning dependencies of target sensor_msgs_generate_messages_py[0m
[3.598s] [  0%] Built target sensor_msgs_generate_messages_eus
[3.612s] [  0%] Built target tf_generate_messages_py
[3.612s] [  0%] Built target sensor_msgs_generate_messages_py
[3.618s] [35m[1mScanning dependencies of target trajectory_msgs_generate_messages_lisp[0m
[3.622s] [  0%] Built target trajectory_msgs_generate_messages_cpp
[3.631s] [35m[1mScanning dependencies of target trajectory_msgs_generate_messages_nodejs[0m
[3.633s] [35m[1mScanning dependencies of target champ_msgs_generate_messages_eus[0m
[3.640s] [  0%] Built target trajectory_msgs_generate_messages_lisp
[3.647s] [35m[1mScanning dependencies of target nav_msgs_generate_messages_lisp[0m
[3.650s] [  0%] Built target champ_msgs_generate_messages_eus
[3.654s] [  0%] Built target trajectory_msgs_generate_messages_nodejs
[3.663s] [35m[1mScanning dependencies of target visualization_msgs_generate_messages_lisp[0m
[3.668s] [35m[1mScanning dependencies of target std_msgs_generate_messages_eus[0m
[3.669s] [  0%] Built target nav_msgs_generate_messages_lisp
[3.678s] [  0%] Built target visualization_msgs_generate_messages_lisp
[3.681s] [35m[1mScanning dependencies of target tf2_msgs_generate_messages_lisp[0m
[3.686s] [35m[1mScanning dependencies of target nav_msgs_generate_messages_py[0m
[3.694s] [  0%] Built target std_msgs_generate_messages_eus
[3.696s] [35m[1mScanning dependencies of target roscpp_generate_messages_eus[0m
[3.702s] [  0%] Built target nav_msgs_generate_messages_py
[3.711s] [35m[1mScanning dependencies of target rosgraph_msgs_generate_messages_py[0m
[3.716s] [  0%] Built target tf2_msgs_generate_messages_lisp
[3.718s] [  0%] Built target roscpp_generate_messages_eus
[3.727s] [  0%] Built target rosgraph_msgs_generate_messages_py
[3.731s] [35m[1mScanning dependencies of target actionlib_msgs_generate_messages_lisp[0m
[3.733s] [35m[1mScanning dependencies of target actionlib_msgs_generate_messages_eus[0m
[3.744s] [35m[1mScanning dependencies of target actionlib_msgs_generate_messages_cpp[0m
[3.746s] [35m[1mScanning dependencies of target actionlib_msgs_generate_messages_py[0m
[3.749s] [  0%] Built target actionlib_msgs_generate_messages_lisp
[3.759s] [  0%] Built target actionlib_msgs_generate_messages_eus
[3.761s] [  0%] Built target actionlib_msgs_generate_messages_cpp
[3.764s] [35m[1mScanning dependencies of target tf_generate_messages_eus[0m
[3.777s] [35m[1mScanning dependencies of target tf_generate_messages_nodejs[0m
[3.777s] [  0%] Built target actionlib_msgs_generate_messages_py
[3.780s] [  0%] Built target tf_generate_messages_eus
[3.790s] [35m[1mScanning dependencies of target actionlib_generate_messages_eus[0m
[3.794s] [  0%] Built target tf_generate_messages_nodejs
[3.796s] [35m[1mScanning dependencies of target actionlib_generate_messages_lisp[0m
[3.802s] [35m[1mScanning dependencies of target geometry_msgs_generate_messages_cpp[0m
[3.811s] [35m[1mScanning dependencies of target tf_generate_messages_cpp[0m
[3.812s] [  0%] Built target actionlib_generate_messages_lisp
[3.814s] [  0%] Built target actionlib_generate_messages_eus
[3.828s] [  0%] Built target tf_generate_messages_cpp
[3.831s] [35m[1mScanning dependencies of target nav_msgs_generate_messages_nodejs[0m
[3.836s] [35m[1mScanning dependencies of target actionlib_generate_messages_nodejs[0m
[3.836s] [  0%] Built target geometry_msgs_generate_messages_cpp
[3.843s] [35m[1mScanning dependencies of target tf2_msgs_generate_messages_py[0m
[3.851s] [35m[1mScanning dependencies of target actionlib_generate_messages_py[0m
[3.853s] [  0%] Built target nav_msgs_generate_messages_nodejs
[3.859s] [  0%] Built target actionlib_generate_messages_nodejs
[3.865s] [  0%] Built target tf2_msgs_generate_messages_py
[3.867s] [  0%] Built target actionlib_generate_messages_py
[3.876s] [35m[1mScanning dependencies of target visualization_msgs_generate_messages_cpp[0m
[3.876s] [35m[1mScanning dependencies of target tf2_msgs_generate_messages_cpp[0m
[3.883s] [35m[1mScanning dependencies of target nav_msgs_generate_messages_eus[0m
[3.890s] [35m[1mScanning dependencies of target tf2_msgs_generate_messages_eus[0m
[3.895s] [  0%] Built target tf2_msgs_generate_messages_cpp
[3.896s] [  0%] Built target visualization_msgs_generate_messages_cpp
[3.903s] [  0%] Built target nav_msgs_generate_messages_eus
[3.907s] [  0%] Built target tf2_msgs_generate_messages_eus
[3.909s] [35m[1mScanning dependencies of target tf2_msgs_generate_messages_nodejs[0m
[3.921s] [  0%] Built target tf2_msgs_generate_messages_nodejs
[3.937s] [35m[1mScanning dependencies of target quadruped_controller[0m
[3.937s] [35m[1mScanning dependencies of target message_relay[0m
[3.938s] [35m[1mScanning dependencies of target state_estimation[0m
[3.976s] [  8%] [32mBuilding CXX object CMakeFiles/message_relay.dir/src/message_relay.cpp.o[0m
[3.977s] [ 16%] [32mBuilding CXX object CMakeFiles/quadruped_controller.dir/src/quadruped_controller.cpp.o[0m
[4.072s] [ 25%] [32mBuilding CXX object CMakeFiles/state_estimation.dir/src/state_estimation.cpp.o[0m
[10.343s] [ 33%] [32m[1mLinking CXX shared library devel/lib/libquadruped_controller.so[0m
[10.396s] [ 41%] [32m[1mLinking CXX shared library devel/lib/libmessage_relay.so[0m
[10.528s] [ 41%] Built target quadruped_controller
[10.546s] [35m[1mScanning dependencies of target quadruped_controller_node[0m
[10.568s] [ 41%] Built target message_relay
[10.585s] [35m[1mScanning dependencies of target message_relay_node[0m
[10.593s] [ 50%] [32mBuilding CXX object CMakeFiles/quadruped_controller_node.dir/src/quadruped_controller_node.cpp.o[0m
[10.628s] [ 58%] [32mBuilding CXX object CMakeFiles/message_relay_node.dir/src/message_relay_node.cpp.o[0m
[13.715s] [ 66%] [32m[1mLinking CXX executable devel/lib/champ_base/quadruped_controller_node[0m
[13.756s] [ 75%] [32m[1mLinking CXX executable devel/lib/champ_base/message_relay_node[0m
[14.347s] [ 75%] Built target message_relay_node
[14.361s] [ 75%] Built target quadruped_controller_node
[16.309s] [ 83%] [32m[1mLinking CXX shared library devel/lib/libstate_estimation.so[0m
[16.488s] [ 83%] Built target state_estimation
[16.498s] [35m[1mScanning dependencies of target state_estimation_node[0m
[16.522s] [ 91%] [32mBuilding CXX object CMakeFiles/state_estimation_node.dir/src/state_estimation_node.cpp.o[0m
[19.637s] [100%] [32m[1mLinking CXX executable devel/lib/champ_base/state_estimation_node[0m
[19.869s] [100%] Built target state_estimation_node
[19.888s] Invoked command in '/home/ubuntu/environment/aws-robomaker-mini-pupper-application/simulation_ws/build/champ_base' returned '0': CMAKE_PREFIX_PATH=/home/ubuntu/environment/aws-robomaker-mini-pupper-application/simulation_ws/install/champ_msgs:/home/ubuntu/environment/aws-robomaker-mini-pupper-application/simulation_ws/install/champ:${CMAKE_PREFIX_PATH} PKG_CONFIG_PATH=/home/ubuntu/environment/aws-robomaker-mini-pupper-application/simulation_ws/install/champ_msgs/lib/x86_64-linux-gnu/pkgconfig:/home/ubuntu/environment/aws-robomaker-mini-pupper-application/simulation_ws/install/champ_msgs/lib/pkgconfig:/home/ubuntu/environment/aws-robomaker-mini-pupper-application/simulation_ws/install/champ/lib/x86_64-linux-gnu/pkgconfig:/home/ubuntu/environment/aws-robomaker-mini-pupper-application/simulation_ws/install/champ/lib/pkgconfig:${PKG_CONFIG_PATH} PYTHONPATH=/home/ubuntu/environment/aws-robomaker-mini-pupper-application/simulation_ws/install/champ_msgs/lib/python2.7/dist-packages:${PYTHONPATH} ROS_PACKAGE_PATH=/home/ubuntu/environment/aws-robomaker-mini-pupper-application/simulation_ws/install/champ_msgs/share:/home/ubuntu/environment/aws-robomaker-mini-pupper-application/simulation_ws/install/champ/share:${ROS_PACKAGE_PATH} /usr/bin/cmake --build /home/ubuntu/environment/aws-robomaker-mini-pupper-application/simulation_ws/build/champ_base -- -j4 -l4
[19.990s] Invoking command in '/home/ubuntu/environment/aws-robomaker-mini-pupper-application/simulation_ws/build/champ_base': CMAKE_PREFIX_PATH=/home/ubuntu/environment/aws-robomaker-mini-pupper-application/simulation_ws/install/champ_msgs:/home/ubuntu/environment/aws-robomaker-mini-pupper-application/simulation_ws/install/champ:${CMAKE_PREFIX_PATH} PKG_CONFIG_PATH=/home/ubuntu/environment/aws-robomaker-mini-pupper-application/simulation_ws/install/champ_msgs/lib/x86_64-linux-gnu/pkgconfig:/home/ubuntu/environment/aws-robomaker-mini-pupper-application/simulation_ws/install/champ_msgs/lib/pkgconfig:/home/ubuntu/environment/aws-robomaker-mini-pupper-application/simulation_ws/install/champ/lib/x86_64-linux-gnu/pkgconfig:/home/ubuntu/environment/aws-robomaker-mini-pupper-application/simulation_ws/install/champ/lib/pkgconfig:${PKG_CONFIG_PATH} PYTHONPATH=/home/ubuntu/environment/aws-robomaker-mini-pupper-application/simulation_ws/install/champ_msgs/lib/python2.7/dist-packages:${PYTHONPATH} ROS_PACKAGE_PATH=/home/ubuntu/environment/aws-robomaker-mini-pupper-application/simulation_ws/install/champ_msgs/share:/home/ubuntu/environment/aws-robomaker-mini-pupper-application/simulation_ws/install/champ/share:${ROS_PACKAGE_PATH} /usr/bin/cmake --build /home/ubuntu/environment/aws-robomaker-mini-pupper-application/simulation_ws/build/champ_base --target tests -- -j4 -l4
[20.056s] [35m[1mScanning dependencies of target tests[0m
[20.067s] Built target tests
[20.083s] Invoked command in '/home/ubuntu/environment/aws-robomaker-mini-pupper-application/simulation_ws/build/champ_base' returned '0': CMAKE_PREFIX_PATH=/home/ubuntu/environment/aws-robomaker-mini-pupper-application/simulation_ws/install/champ_msgs:/home/ubuntu/environment/aws-robomaker-mini-pupper-application/simulation_ws/install/champ:${CMAKE_PREFIX_PATH} PKG_CONFIG_PATH=/home/ubuntu/environment/aws-robomaker-mini-pupper-application/simulation_ws/install/champ_msgs/lib/x86_64-linux-gnu/pkgconfig:/home/ubuntu/environment/aws-robomaker-mini-pupper-application/simulation_ws/install/champ_msgs/lib/pkgconfig:/home/ubuntu/environment/aws-robomaker-mini-pupper-application/simulation_ws/install/champ/lib/x86_64-linux-gnu/pkgconfig:/home/ubuntu/environment/aws-robomaker-mini-pupper-application/simulation_ws/install/champ/lib/pkgconfig:${PKG_CONFIG_PATH} PYTHONPATH=/home/ubuntu/environment/aws-robomaker-mini-pupper-application/simulation_ws/install/champ_msgs/lib/python2.7/dist-packages:${PYTHONPATH} ROS_PACKAGE_PATH=/home/ubuntu/environment/aws-robomaker-mini-pupper-application/simulation_ws/install/champ_msgs/share:/home/ubuntu/environment/aws-robomaker-mini-pupper-application/simulation_ws/install/champ/share:${ROS_PACKAGE_PATH} /usr/bin/cmake --build /home/ubuntu/environment/aws-robomaker-mini-pupper-application/simulation_ws/build/champ_base --target tests -- -j4 -l4
[20.172s] Invoking command in '/home/ubuntu/environment/aws-robomaker-mini-pupper-application/simulation_ws/build/champ_base': CMAKE_PREFIX_PATH=/home/ubuntu/environment/aws-robomaker-mini-pupper-application/simulation_ws/install/champ_msgs:/home/ubuntu/environment/aws-robomaker-mini-pupper-application/simulation_ws/install/champ:${CMAKE_PREFIX_PATH} PKG_CONFIG_PATH=/home/ubuntu/environment/aws-robomaker-mini-pupper-application/simulation_ws/install/champ_msgs/lib/x86_64-linux-gnu/pkgconfig:/home/ubuntu/environment/aws-robomaker-mini-pupper-application/simulation_ws/install/champ_msgs/lib/pkgconfig:/home/ubuntu/environment/aws-robomaker-mini-pupper-application/simulation_ws/install/champ/lib/x86_64-linux-gnu/pkgconfig:/home/ubuntu/environment/aws-robomaker-mini-pupper-application/simulation_ws/install/champ/lib/pkgconfig:${PKG_CONFIG_PATH} PYTHONPATH=/home/ubuntu/environment/aws-robomaker-mini-pupper-application/simulation_ws/install/champ_msgs/lib/python2.7/dist-packages:${PYTHONPATH} ROS_PACKAGE_PATH=/home/ubuntu/environment/aws-robomaker-mini-pupper-application/simulation_ws/install/champ_msgs/share:/home/ubuntu/environment/aws-robomaker-mini-pupper-application/simulation_ws/install/champ/share:${ROS_PACKAGE_PATH} /usr/bin/cmake --build /home/ubuntu/environment/aws-robomaker-mini-pupper-application/simulation_ws/build/champ_base --target install -- -j4 -l4
[20.244s] [  0%] Built target actionlib_generate_messages_cpp
[20.245s] [  0%] Built target visualization_msgs_generate_messages_py
[20.252s] [  0%] Built target geometry_msgs_generate_messages_py
[20.260s] [  0%] Built target visualization_msgs_generate_messages_eus
[20.283s] [  0%] Built target visualization_msgs_generate_messages_nodejs
[20.291s] [  0%] Built target champ_msgs_generate_messages_py
[20.297s] [  0%] Built target geometry_msgs_generate_messages_lisp
[20.315s] [  0%] Built target std_msgs_generate_messages_cpp
[20.325s] [  0%] Built target champ_msgs_generate_messages_cpp
[20.330s] [  0%] Built target std_msgs_generate_messages_nodejs
[20.330s] [  0%] Built target sensor_msgs_generate_messages_cpp
[20.363s] [  0%] Built target actionlib_msgs_generate_messages_nodejs
[20.364s] [  0%] Built target nav_msgs_generate_messages_cpp
[20.367s] [  0%] Built target roscpp_generate_messages_cpp
[20.383s] [  0%] Built target sensor_msgs_generate_messages_lisp
[20.402s] [  0%] Built target sensor_msgs_generate_messages_nodejs
[20.403s] [  0%] Built target geometry_msgs_generate_messages_nodejs
[20.419s] [  0%] Built target roscpp_generate_messages_lisp
[20.420s] [  0%] Built target std_msgs_generate_messages_lisp
[20.436s] [  0%] Built target roscpp_generate_messages_nodejs
[20.452s] [  0%] Built target geometry_msgs_generate_messages_eus
[20.454s] [  0%] Built target std_msgs_generate_messages_py
[20.474s] [  0%] Built target champ_msgs_generate_messages_nodejs
[20.485s] [  0%] Built target roscpp_generate_messages_py
[20.490s] [  0%] Built target trajectory_msgs_generate_messages_eus
[20.497s] [  0%] Built target tf_generate_messages_lisp
[20.512s] [  0%] Built target champ_msgs_generate_messages_lisp
[20.526s] [  0%] Built target rosgraph_msgs_generate_messages_cpp
[20.528s] [  0%] Built target rosgraph_msgs_generate_messages_eus
[20.541s] [  0%] Built target rosgraph_msgs_generate_messages_lisp
[20.556s] [  0%] Built target trajectory_msgs_generate_messages_py
[20.568s] [  0%] Built target sensor_msgs_generate_messages_eus
[20.572s] [  0%] Built target rosgraph_msgs_generate_messages_nodejs
[20.578s] [  0%] Built target sensor_msgs_generate_messages_py
[20.608s] [  0%] Built target tf_generate_messages_py
[20.612s] [  0%] Built target trajectory_msgs_generate_messages_lisp
[20.613s] [  0%] Built target champ_msgs_generate_messages_eus
[20.617s] [  0%] Built target trajectory_msgs_generate_messages_cpp
[20.649s] [  0%] Built target trajectory_msgs_generate_messages_nodejs
[20.649s] [  0%] Built target visualization_msgs_generate_messages_lisp
[20.660s] [  0%] Built target nav_msgs_generate_messages_lisp
[20.678s] [  0%] Built target std_msgs_generate_messages_eus
[20.683s] [  0%] Built target nav_msgs_generate_messages_py
[20.693s] [  0%] Built target tf2_msgs_generate_messages_lisp
[20.695s] [  0%] Built target roscpp_generate_messages_eus
[20.718s] [  0%] Built target rosgraph_msgs_generate_messages_py
[20.725s] [  0%] Built target actionlib_msgs_generate_messages_eus
[20.739s] [  0%] Built target actionlib_msgs_generate_messages_lisp
[20.743s] [  0%] Built target actionlib_msgs_generate_messages_py
[20.755s] [  0%] Built target actionlib_msgs_generate_messages_cpp
[20.777s] [  0%] Built target actionlib_generate_messages_eus
[20.778s] [  0%] Built target tf_generate_messages_eus
[20.793s] [  0%] Built target tf_generate_messages_nodejs
[20.793s] [  0%] Built target geometry_msgs_generate_messages_cpp
[20.824s] [  0%] Built target actionlib_generate_messages_lisp
[20.827s] [  0%] Built target tf_generate_messages_cpp
[20.828s] [  0%] Built target actionlib_generate_messages_nodejs
[20.838s] [  0%] Built target nav_msgs_generate_messages_nodejs
[20.866s] [  0%] Built target actionlib_generate_messages_py
[20.868s] [  0%] Built target tf2_msgs_generate_messages_cpp
[20.877s] [  0%] Built target tf2_msgs_generate_messages_py
[20.892s] [  0%] Built target visualization_msgs_generate_messages_cpp
[20.900s] [  0%] Built target tf2_msgs_generate_messages_eus
[20.908s] [  0%] Built target nav_msgs_generate_messages_eus
[20.911s] [  0%] Built target tf2_msgs_generate_messages_nodejs
[20.946s] [ 16%] Built target state_estimation
[20.946s] [ 33%] Built target quadruped_controller
[20.947s] [ 50%] Built target message_relay
[20.989s] [100%] Built target quadruped_controller_node
[20.990s] [100%] Built target message_relay_node
[20.990s] [100%] Built target state_estimation_node
[21.016s] [36mInstall the project...[0m
[21.025s] -- Install configuration: ""
[21.025s] -- Installing: /home/ubuntu/environment/aws-robomaker-mini-pupper-application/simulation_ws/install/champ_base/lib/pkgconfig/champ_base.pc
[21.026s] -- Installing: /home/ubuntu/environment/aws-robomaker-mini-pupper-application/simulation_ws/install/champ_base/share/champ_base/cmake/champ_baseConfig.cmake
[21.026s] -- Installing: /home/ubuntu/environment/aws-robomaker-mini-pupper-application/simulation_ws/install/champ_base/share/champ_base/cmake/champ_baseConfig-version.cmake
[21.026s] -- Installing: /home/ubuntu/environment/aws-robomaker-mini-pupper-application/simulation_ws/install/champ_base/share/champ_base/package.xml
[21.027s] -- Installing: /home/ubuntu/environment/aws-robomaker-mini-pupper-application/simulation_ws/install/champ_base/share/champ_base/config
[21.027s] -- Installing: /home/ubuntu/environment/aws-robomaker-mini-pupper-application/simulation_ws/install/champ_base/share/champ_base/config/ekf
[21.027s] -- Installing: /home/ubuntu/environment/aws-robomaker-mini-pupper-application/simulation_ws/install/champ_base/share/champ_base/config/ekf/footprint_to_odom.yaml
[21.027s] -- Installing: /home/ubuntu/environment/aws-robomaker-mini-pupper-application/simulation_ws/install/champ_base/share/champ_base/config/ekf/base_to_footprint.yaml
[21.028s] -- Installing: /home/ubuntu/environment/aws-robomaker-mini-pupper-application/simulation_ws/install/champ_base/share/champ_base/config/velocity_smoother
[21.028s] -- Installing: /home/ubuntu/environment/aws-robomaker-mini-pupper-application/simulation_ws/install/champ_base/share/champ_base/config/velocity_smoother/velocity_smoother.yaml
[21.028s] -- Installing: /home/ubuntu/environment/aws-robomaker-mini-pupper-application/simulation_ws/install/champ_base/lib/libquadruped_controller.so
[21.030s] -- Installing: /home/ubuntu/environment/aws-robomaker-mini-pupper-application/simulation_ws/install/champ_base/lib/champ_base/quadruped_controller_node
[21.030s] -- Set runtime path of "/home/ubuntu/environment/aws-robomaker-mini-pupper-application/simulation_ws/install/champ_base/lib/champ_base/quadruped_controller_node" to ""
[21.031s] -- Installing: /home/ubuntu/environment/aws-robomaker-mini-pupper-application/simulation_ws/install/champ_base/lib/libmessage_relay.so
[21.032s] -- Installing: /home/ubuntu/environment/aws-robomaker-mini-pupper-application/simulation_ws/install/champ_base/lib/champ_base/message_relay_node
[21.033s] -- Set runtime path of "/home/ubuntu/environment/aws-robomaker-mini-pupper-application/simulation_ws/install/champ_base/lib/champ_base/message_relay_node" to ""
[21.033s] -- Installing: /home/ubuntu/environment/aws-robomaker-mini-pupper-application/simulation_ws/install/champ_base/lib/libstate_estimation.so
[21.036s] -- Installing: /home/ubuntu/environment/aws-robomaker-mini-pupper-application/simulation_ws/install/champ_base/lib/champ_base/state_estimation_node
[21.037s] -- Set runtime path of "/home/ubuntu/environment/aws-robomaker-mini-pupper-application/simulation_ws/install/champ_base/lib/champ_base/state_estimation_node" to ""
[21.040s] Invoked command in '/home/ubuntu/environment/aws-robomaker-mini-pupper-application/simulation_ws/build/champ_base' returned '0': CMAKE_PREFIX_PATH=/home/ubuntu/environment/aws-robomaker-mini-pupper-application/simulation_ws/install/champ_msgs:/home/ubuntu/environment/aws-robomaker-mini-pupper-application/simulation_ws/install/champ:${CMAKE_PREFIX_PATH} PKG_CONFIG_PATH=/home/ubuntu/environment/aws-robomaker-mini-pupper-application/simulation_ws/install/champ_msgs/lib/x86_64-linux-gnu/pkgconfig:/home/ubuntu/environment/aws-robomaker-mini-pupper-application/simulation_ws/install/champ_msgs/lib/pkgconfig:/home/ubuntu/environment/aws-robomaker-mini-pupper-application/simulation_ws/install/champ/lib/x86_64-linux-gnu/pkgconfig:/home/ubuntu/environment/aws-robomaker-mini-pupper-application/simulation_ws/install/champ/lib/pkgconfig:${PKG_CONFIG_PATH} PYTHONPATH=/home/ubuntu/environment/aws-robomaker-mini-pupper-application/simulation_ws/install/champ_msgs/lib/python2.7/dist-packages:${PYTHONPATH} ROS_PACKAGE_PATH=/home/ubuntu/environment/aws-robomaker-mini-pupper-application/simulation_ws/install/champ_msgs/share:/home/ubuntu/environment/aws-robomaker-mini-pupper-application/simulation_ws/install/champ/share:${ROS_PACKAGE_PATH} /usr/bin/cmake --build /home/ubuntu/environment/aws-robomaker-mini-pupper-application/simulation_ws/build/champ_base --target install -- -j4 -l4
