[0.043s] Invoking command in '/home/ubuntu/environment/aws-robomaker-mini-pupper-application/simulation_ws/build/yocs_velocity_smoother': /usr/bin/cmake /home/ubuntu/environment/aws-robomaker-mini-pupper-application/simulation_ws/src/yocs_velocity_smoother -Wno-dev -DCATKIN_INSTALL_INTO_PREFIX_ROOT=0 -DCMAKE_INSTALL_PREFIX=/home/ubuntu/environment/aws-robomaker-mini-pupper-application/simulation_ws/install/yocs_velocity_smoother
[0.149s] -- The C compiler identification is GNU 7.5.0
[0.243s] -- The CXX compiler identification is GNU 7.5.0
[0.251s] -- Check for working C compiler: /usr/bin/cc
[0.361s] -- Check for working C compiler: /usr/bin/cc -- works
[0.363s] -- Detecting C compiler ABI info
[0.472s] -- Detecting C compiler ABI info - done
[0.490s] -- Detecting C compile features
[0.813s] -- Detecting C compile features - done
[0.819s] -- Check for working CXX compiler: /usr/bin/c++
[0.940s] -- Check for working CXX compiler: /usr/bin/c++ -- works
[0.941s] -- Detecting CXX compiler ABI info
[1.064s] -- Detecting CXX compiler ABI info - done
[1.081s] -- Detecting CXX compile features
[1.630s] -- Detecting CXX compile features - done
[1.634s] -- Using CATKIN_DEVEL_PREFIX: /home/ubuntu/environment/aws-robomaker-mini-pupper-application/simulation_ws/build/yocs_velocity_smoother/devel
[1.635s] -- Using CMAKE_PREFIX_PATH: /opt/ros/melodic
[1.635s] -- This workspace overlays: /opt/ros/melodic
[1.659s] -- Found PythonInterp: /usr/bin/python2 (found suitable version "2.7.17", minimum required is "2") 
[1.660s] -- Using PYTHON_EXECUTABLE: /usr/bin/python2
[1.660s] -- Using Debian Python package layout
[1.661s] -- Using empy: /usr/bin/empy
[1.914s] -- Using CATKIN_ENABLE_TESTING: ON
[1.914s] -- Call enable_testing()
[1.929s] -- Using CATKIN_TEST_RESULTS_DIR: /home/ubuntu/environment/aws-robomaker-mini-pupper-application/simulation_ws/build/yocs_velocity_smoother/test_results
[1.948s] -- Found gtest sources under '/usr/src/googletest': gtests will be built
[1.948s] -- Found gmock sources under '/usr/src/googletest': gmock will be built
[1.969s] -- Found PythonInterp: /usr/bin/python2 (found version "2.7.17") 
[1.971s] -- Looking for pthread.h
[2.075s] -- Looking for pthread.h - found
[2.079s] -- Looking for pthread_create
[2.195s] -- Looking for pthread_create - not found
[2.195s] -- Looking for pthread_create in pthreads
[2.291s] -- Looking for pthread_create in pthreads - not found
[2.291s] -- Looking for pthread_create in pthread
[2.411s] -- Looking for pthread_create in pthread - found
[2.413s] -- Found Threads: TRUE  
[2.420s] -- Using Python nosetests: /usr/bin/nosetests-2.7
[2.497s] -- catkin 0.7.29
[2.497s] -- BUILD_SHARED_LIBS is on
[2.978s] -- Using these message generators: gencpp;geneus;genlisp;gennodejs;genpy
[3.301s] -- Configuring done
[5.830s] -- Generating done
[5.851s] -- Build files have been written to: /home/ubuntu/environment/aws-robomaker-mini-pupper-application/simulation_ws/build/yocs_velocity_smoother
[5.859s] Invoked command in '/home/ubuntu/environment/aws-robomaker-mini-pupper-application/simulation_ws/build/yocs_velocity_smoother' returned '0': /usr/bin/cmake /home/ubuntu/environment/aws-robomaker-mini-pupper-application/simulation_ws/src/yocs_velocity_smoother -Wno-dev -DCATKIN_INSTALL_INTO_PREFIX_ROOT=0 -DCMAKE_INSTALL_PREFIX=/home/ubuntu/environment/aws-robomaker-mini-pupper-application/simulation_ws/install/yocs_velocity_smoother
[5.863s] Invoking command in '/home/ubuntu/environment/aws-robomaker-mini-pupper-application/simulation_ws/build/yocs_velocity_smoother': /usr/bin/cmake --build /home/ubuntu/environment/aws-robomaker-mini-pupper-application/simulation_ws/build/yocs_velocity_smoother -- -j4 -l4
[6.012s] [35m[1mScanning dependencies of target yocs_velocity_smoother_gencfg[0m
[6.029s] [ 33%] [34m[1mGenerating dynamic reconfigure files from cfg/params.cfg: /home/ubuntu/environment/aws-robomaker-mini-pupper-application/simulation_ws/build/yocs_velocity_smoother/devel/include/yocs_velocity_smoother/paramsConfig.h /home/ubuntu/environment/aws-robomaker-mini-pupper-application/simulation_ws/build/yocs_velocity_smoother/devel/lib/python2.7/dist-packages/yocs_velocity_smoother/cfg/paramsConfig.py[0m
[6.388s] Generating reconfiguration files for params in yocs_velocity_smoother
[6.399s] Wrote header file in /home/ubuntu/environment/aws-robomaker-mini-pupper-application/simulation_ws/build/yocs_velocity_smoother/devel/include/yocs_velocity_smoother/paramsConfig.h
[6.470s] [ 33%] Built target yocs_velocity_smoother_gencfg
[6.504s] [35m[1mScanning dependencies of target yocs_velocity_smoother_nodelet[0m
[6.801s] [ 66%] [32mBuilding CXX object CMakeFiles/yocs_velocity_smoother_nodelet.dir/src/velocity_smoother_nodelet.cpp.o[0m
[22.783s] [100%] [32m[1mLinking CXX shared library devel/lib/libyocs_velocity_smoother_nodelet.so[0m
[23.205s] [100%] Built target yocs_velocity_smoother_nodelet
[23.227s] Invoked command in '/home/ubuntu/environment/aws-robomaker-mini-pupper-application/simulation_ws/build/yocs_velocity_smoother' returned '0': /usr/bin/cmake --build /home/ubuntu/environment/aws-robomaker-mini-pupper-application/simulation_ws/build/yocs_velocity_smoother -- -j4 -l4
[23.389s] Invoking command in '/home/ubuntu/environment/aws-robomaker-mini-pupper-application/simulation_ws/build/yocs_velocity_smoother': /usr/bin/cmake --build /home/ubuntu/environment/aws-robomaker-mini-pupper-application/simulation_ws/build/yocs_velocity_smoother --target tests -- -j4 -l4
[23.481s] [35m[1mScanning dependencies of target tests[0m
[23.498s] Built target tests
[23.517s] Invoked command in '/home/ubuntu/environment/aws-robomaker-mini-pupper-application/simulation_ws/build/yocs_velocity_smoother' returned '0': /usr/bin/cmake --build /home/ubuntu/environment/aws-robomaker-mini-pupper-application/simulation_ws/build/yocs_velocity_smoother --target tests -- -j4 -l4
[23.604s] Invoking command in '/home/ubuntu/environment/aws-robomaker-mini-pupper-application/simulation_ws/build/yocs_velocity_smoother': /usr/bin/cmake --build /home/ubuntu/environment/aws-robomaker-mini-pupper-application/simulation_ws/build/yocs_velocity_smoother --target install -- -j4 -l4
[23.785s] [ 33%] Built target yocs_velocity_smoother_gencfg
[23.829s] [100%] Built target yocs_velocity_smoother_nodelet
[23.861s] [36mInstall the project...[0m
[23.876s] -- Install configuration: ""
[23.876s] -- Installing: /home/ubuntu/environment/aws-robomaker-mini-pupper-application/simulation_ws/install/yocs_velocity_smoother/include/yocs_velocity_smoother/paramsConfig.h
[23.877s] -- Installing: /home/ubuntu/environment/aws-robomaker-mini-pupper-application/simulation_ws/install/yocs_velocity_smoother/lib/python2.7/dist-packages/yocs_velocity_smoother/__init__.py
[23.896s] Listing /home/ubuntu/environment/aws-robomaker-mini-pupper-application/simulation_ws/build/yocs_velocity_smoother/devel/lib/python2.7/dist-packages/yocs_velocity_smoother/cfg ...
[23.896s] Compiling /home/ubuntu/environment/aws-robomaker-mini-pupper-application/simulation_ws/build/yocs_velocity_smoother/devel/lib/python2.7/dist-packages/yocs_velocity_smoother/cfg/__init__.py ...
[23.896s] Compiling /home/ubuntu/environment/aws-robomaker-mini-pupper-application/simulation_ws/build/yocs_velocity_smoother/devel/lib/python2.7/dist-packages/yocs_velocity_smoother/cfg/paramsConfig.py ...
[23.898s] -- Installing: /home/ubuntu/environment/aws-robomaker-mini-pupper-application/simulation_ws/install/yocs_velocity_smoother/lib/python2.7/dist-packages/yocs_velocity_smoother/cfg
[23.898s] -- Installing: /home/ubuntu/environment/aws-robomaker-mini-pupper-application/simulation_ws/install/yocs_velocity_smoother/lib/python2.7/dist-packages/yocs_velocity_smoother/cfg/__init__.pyc
[23.899s] -- Installing: /home/ubuntu/environment/aws-robomaker-mini-pupper-application/simulation_ws/install/yocs_velocity_smoother/lib/python2.7/dist-packages/yocs_velocity_smoother/cfg/paramsConfig.py
[23.899s] -- Installing: /home/ubuntu/environment/aws-robomaker-mini-pupper-application/simulation_ws/install/yocs_velocity_smoother/lib/python2.7/dist-packages/yocs_velocity_smoother/cfg/paramsConfig.pyc
[23.899s] -- Installing: /home/ubuntu/environment/aws-robomaker-mini-pupper-application/simulation_ws/install/yocs_velocity_smoother/lib/python2.7/dist-packages/yocs_velocity_smoother/cfg/__init__.py
[23.899s] -- Installing: /home/ubuntu/environment/aws-robomaker-mini-pupper-application/simulation_ws/install/yocs_velocity_smoother/lib/pkgconfig/yocs_velocity_smoother.pc
[23.900s] -- Installing: /home/ubuntu/environment/aws-robomaker-mini-pupper-application/simulation_ws/install/yocs_velocity_smoother/share/yocs_velocity_smoother/cmake/yocs_velocity_smootherConfig.cmake
[23.900s] -- Installing: /home/ubuntu/environment/aws-robomaker-mini-pupper-application/simulation_ws/install/yocs_velocity_smoother/share/yocs_velocity_smoother/cmake/yocs_velocity_smootherConfig-version.cmake
[23.900s] -- Installing: /home/ubuntu/environment/aws-robomaker-mini-pupper-application/simulation_ws/install/yocs_velocity_smoother/share/yocs_velocity_smoother/package.xml
[23.900s] -- Installing: /home/ubuntu/environment/aws-robomaker-mini-pupper-application/simulation_ws/install/yocs_velocity_smoother/lib/libyocs_velocity_smoother_nodelet.so
[23.903s] -- Set runtime path of "/home/ubuntu/environment/aws-robomaker-mini-pupper-application/simulation_ws/install/yocs_velocity_smoother/lib/libyocs_velocity_smoother_nodelet.so" to ""
[23.903s] -- Up-to-date: /home/ubuntu/environment/aws-robomaker-mini-pupper-application/simulation_ws/install/yocs_velocity_smoother/include/yocs_velocity_smoother
[23.903s] -- Installing: /home/ubuntu/environment/aws-robomaker-mini-pupper-application/simulation_ws/install/yocs_velocity_smoother/include/yocs_velocity_smoother/velocity_smoother_nodelet.hpp
[23.904s] -- Installing: /home/ubuntu/environment/aws-robomaker-mini-pupper-application/simulation_ws/install/yocs_velocity_smoother/share/yocs_velocity_smoother/plugins
[23.904s] -- Installing: /home/ubuntu/environment/aws-robomaker-mini-pupper-application/simulation_ws/install/yocs_velocity_smoother/share/yocs_velocity_smoother/plugins/nodelets.xml
[23.904s] -- Installing: /home/ubuntu/environment/aws-robomaker-mini-pupper-application/simulation_ws/install/yocs_velocity_smoother/share/yocs_velocity_smoother/launch
[23.904s] -- Installing: /home/ubuntu/environment/aws-robomaker-mini-pupper-application/simulation_ws/install/yocs_velocity_smoother/share/yocs_velocity_smoother/launch/test_translational_smoothing.launch
[23.905s] -- Installing: /home/ubuntu/environment/aws-robomaker-mini-pupper-application/simulation_ws/install/yocs_velocity_smoother/share/yocs_velocity_smoother/launch/standalone.launch
[23.905s] -- Installing: /home/ubuntu/environment/aws-robomaker-mini-pupper-application/simulation_ws/install/yocs_velocity_smoother/share/yocs_velocity_smoother/launch/velocity_smoother.launch
[23.906s] -- Installing: /home/ubuntu/environment/aws-robomaker-mini-pupper-application/simulation_ws/install/yocs_velocity_smoother/share/yocs_velocity_smoother/param
[23.906s] -- Installing: /home/ubuntu/environment/aws-robomaker-mini-pupper-application/simulation_ws/install/yocs_velocity_smoother/share/yocs_velocity_smoother/param/standalone.yaml
[23.912s] Invoked command in '/home/ubuntu/environment/aws-robomaker-mini-pupper-application/simulation_ws/build/yocs_velocity_smoother' returned '0': /usr/bin/cmake --build /home/ubuntu/environment/aws-robomaker-mini-pupper-application/simulation_ws/build/yocs_velocity_smoother --target install -- -j4 -l4
