[0.100s] Invoking command in '/home/ubuntu/environment/aws-robomaker-mini-pupper-application/simulation_ws/build/champ': /usr/bin/cmake /home/ubuntu/environment/aws-robomaker-mini-pupper-application/simulation_ws/src/champ/champ -Wno-dev -DCATKIN_INSTALL_INTO_PREFIX_ROOT=0 -DCMAKE_INSTALL_PREFIX=/home/ubuntu/environment/aws-robomaker-mini-pupper-application/simulation_ws/install/champ
[0.196s] -- The C compiler identification is GNU 7.5.0
[0.295s] -- The CXX compiler identification is GNU 7.5.0
[0.304s] -- Check for working C compiler: /usr/bin/cc
[0.409s] -- Check for working C compiler: /usr/bin/cc -- works
[0.410s] -- Detecting C compiler ABI info
[0.512s] -- Detecting C compiler ABI info - done
[0.530s] -- Detecting C compile features
[0.852s] -- Detecting C compile features - done
[0.858s] -- Check for working CXX compiler: /usr/bin/c++
[0.989s] -- Check for working CXX compiler: /usr/bin/c++ -- works
[0.989s] -- Detecting CXX compiler ABI info
[1.104s] -- Detecting CXX compiler ABI info - done
[1.121s] -- Detecting CXX compile features
[1.704s] -- Detecting CXX compile features - done
[1.704s] -- Using CATKIN_DEVEL_PREFIX: /home/ubuntu/environment/aws-robomaker-mini-pupper-application/simulation_ws/build/champ/devel
[1.704s] -- Using CMAKE_PREFIX_PATH: /opt/ros/melodic
[1.705s] -- This workspace overlays: /opt/ros/melodic
[1.725s] -- Found PythonInterp: /usr/bin/python2 (found suitable version "2.7.17", minimum required is "2") 
[1.725s] -- Using PYTHON_EXECUTABLE: /usr/bin/python2
[1.726s] -- Using Debian Python package layout
[1.729s] -- Using empy: /usr/bin/empy
[1.981s] -- Using CATKIN_ENABLE_TESTING: ON
[1.981s] -- Call enable_testing()
[2.005s] -- Using CATKIN_TEST_RESULTS_DIR: /home/ubuntu/environment/aws-robomaker-mini-pupper-application/simulation_ws/build/champ/test_results
[2.015s] -- Found gtest sources under '/usr/src/googletest': gtests will be built
[2.015s] -- Found gmock sources under '/usr/src/googletest': gmock will be built
[2.041s] -- Found PythonInterp: /usr/bin/python2 (found version "2.7.17") 
[2.043s] -- Looking for pthread.h
[2.157s] -- Looking for pthread.h - found
[2.158s] -- Looking for pthread_create
[2.265s] -- Looking for pthread_create - not found
[2.265s] -- Looking for pthread_create in pthreads
[2.356s] -- Looking for pthread_create in pthreads - not found
[2.356s] -- Looking for pthread_create in pthread
[2.473s] -- Looking for pthread_create in pthread - found
[2.475s] -- Found Threads: TRUE  
[2.483s] -- Using Python nosetests: /usr/bin/nosetests-2.7
[2.553s] -- catkin 0.7.29
[2.553s] -- BUILD_SHARED_LIBS is on
[2.896s] -- Configuring done
[2.915s] -- Generating done
[2.919s] -- Build files have been written to: /home/ubuntu/environment/aws-robomaker-mini-pupper-application/simulation_ws/build/champ
[2.925s] Invoked command in '/home/ubuntu/environment/aws-robomaker-mini-pupper-application/simulation_ws/build/champ' returned '0': /usr/bin/cmake /home/ubuntu/environment/aws-robomaker-mini-pupper-application/simulation_ws/src/champ/champ -Wno-dev -DCATKIN_INSTALL_INTO_PREFIX_ROOT=0 -DCMAKE_INSTALL_PREFIX=/home/ubuntu/environment/aws-robomaker-mini-pupper-application/simulation_ws/install/champ
[2.930s] Invoking command in '/home/ubuntu/environment/aws-robomaker-mini-pupper-application/simulation_ws/build/champ': /usr/bin/cmake --build /home/ubuntu/environment/aws-robomaker-mini-pupper-application/simulation_ws/build/champ -- -j4 -l4
[3.005s] Invoked command in '/home/ubuntu/environment/aws-robomaker-mini-pupper-application/simulation_ws/build/champ' returned '0': /usr/bin/cmake --build /home/ubuntu/environment/aws-robomaker-mini-pupper-application/simulation_ws/build/champ -- -j4 -l4
[3.053s] Invoking command in '/home/ubuntu/environment/aws-robomaker-mini-pupper-application/simulation_ws/build/champ': /usr/bin/cmake --build /home/ubuntu/environment/aws-robomaker-mini-pupper-application/simulation_ws/build/champ --target tests -- -j4 -l4
[3.139s] [35m[1mScanning dependencies of target tests[0m
[3.156s] Built target tests
[3.175s] Invoked command in '/home/ubuntu/environment/aws-robomaker-mini-pupper-application/simulation_ws/build/champ' returned '0': /usr/bin/cmake --build /home/ubuntu/environment/aws-robomaker-mini-pupper-application/simulation_ws/build/champ --target tests -- -j4 -l4
[3.237s] Invoking command in '/home/ubuntu/environment/aws-robomaker-mini-pupper-application/simulation_ws/build/champ': /usr/bin/cmake --build /home/ubuntu/environment/aws-robomaker-mini-pupper-application/simulation_ws/build/champ --target install -- -j4 -l4
[3.322s] [36mInstall the project...[0m
[3.338s] -- Install configuration: ""
[3.338s] -- Installing: /home/ubuntu/environment/aws-robomaker-mini-pupper-application/simulation_ws/install/champ/lib/pkgconfig/champ.pc
[3.339s] -- Installing: /home/ubuntu/environment/aws-robomaker-mini-pupper-application/simulation_ws/install/champ/share/champ/cmake/champConfig.cmake
[3.339s] -- Installing: /home/ubuntu/environment/aws-robomaker-mini-pupper-application/simulation_ws/install/champ/share/champ/cmake/champConfig-version.cmake
[3.340s] -- Installing: /home/ubuntu/environment/aws-robomaker-mini-pupper-application/simulation_ws/install/champ/share/champ/package.xml
[3.341s] -- Installing: /home/ubuntu/environment/aws-robomaker-mini-pupper-application/simulation_ws/install/champ/include/champ/champ
[3.342s] -- Installing: /home/ubuntu/environment/aws-robomaker-mini-pupper-application/simulation_ws/install/champ/include/champ/champ/odometry
[3.343s] -- Installing: /home/ubuntu/environment/aws-robomaker-mini-pupper-application/simulation_ws/install/champ/include/champ/champ/odometry/odometry.h
[3.344s] -- Installing: /home/ubuntu/environment/aws-robomaker-mini-pupper-application/simulation_ws/install/champ/include/champ/champ/macros
[3.344s] -- Installing: /home/ubuntu/environment/aws-robomaker-mini-pupper-application/simulation_ws/install/champ/include/champ/champ/macros/macros.h
[3.345s] -- Installing: /home/ubuntu/environment/aws-robomaker-mini-pupper-application/simulation_ws/install/champ/include/champ/champ/leg_controller
[3.346s] -- Installing: /home/ubuntu/environment/aws-robomaker-mini-pupper-application/simulation_ws/install/champ/include/champ/champ/leg_controller/phase_generator.h
[3.346s] -- Installing: /home/ubuntu/environment/aws-robomaker-mini-pupper-application/simulation_ws/install/champ/include/champ/champ/leg_controller/trajectory_planner.h
[3.347s] -- Installing: /home/ubuntu/environment/aws-robomaker-mini-pupper-application/simulation_ws/install/champ/include/champ/champ/leg_controller/leg_controller.h
[3.348s] -- Installing: /home/ubuntu/environment/aws-robomaker-mini-pupper-application/simulation_ws/install/champ/include/champ/champ/body_controller
[3.348s] -- Installing: /home/ubuntu/environment/aws-robomaker-mini-pupper-application/simulation_ws/install/champ/include/champ/champ/body_controller/body_controller.h
[3.349s] -- Installing: /home/ubuntu/environment/aws-robomaker-mini-pupper-application/simulation_ws/install/champ/include/champ/champ/utils
[3.349s] -- Installing: /home/ubuntu/environment/aws-robomaker-mini-pupper-application/simulation_ws/install/champ/include/champ/champ/utils/xmlrpc_helpers.h
[3.349s] -- Installing: /home/ubuntu/environment/aws-robomaker-mini-pupper-application/simulation_ws/install/champ/include/champ/champ/utils/urdf_loader.h
[3.350s] -- Installing: /home/ubuntu/environment/aws-robomaker-mini-pupper-application/simulation_ws/install/champ/include/champ/champ/geometry
[3.351s] -- Installing: /home/ubuntu/environment/aws-robomaker-mini-pupper-application/simulation_ws/install/champ/include/champ/champ/geometry/geometry.h
[3.351s] -- Installing: /home/ubuntu/environment/aws-robomaker-mini-pupper-application/simulation_ws/install/champ/include/champ/champ/kinematics
[3.351s] -- Installing: /home/ubuntu/environment/aws-robomaker-mini-pupper-application/simulation_ws/install/champ/include/champ/champ/kinematics/kinematics.h
[3.352s] -- Installing: /home/ubuntu/environment/aws-robomaker-mini-pupper-application/simulation_ws/install/champ/include/champ/champ/quadruped_base
[3.352s] -- Installing: /home/ubuntu/environment/aws-robomaker-mini-pupper-application/simulation_ws/install/champ/include/champ/champ/quadruped_base/quadruped_components.h
[3.353s] -- Installing: /home/ubuntu/environment/aws-robomaker-mini-pupper-application/simulation_ws/install/champ/include/champ/champ/quadruped_base/quadruped_joint.h
[3.353s] -- Installing: /home/ubuntu/environment/aws-robomaker-mini-pupper-application/simulation_ws/install/champ/include/champ/champ/quadruped_base/quadruped_leg.h
[3.354s] -- Installing: /home/ubuntu/environment/aws-robomaker-mini-pupper-application/simulation_ws/install/champ/include/champ/champ/quadruped_base/quadruped_base.h
[3.355s] -- Installing: /home/ubuntu/environment/aws-robomaker-mini-pupper-application/simulation_ws/install/champ/include/champ/champ/bla
[3.355s] -- Installing: /home/ubuntu/environment/aws-robomaker-mini-pupper-application/simulation_ws/install/champ/include/champ/champ/bla/memory_delegate.h
[3.356s] -- Installing: /home/ubuntu/environment/aws-robomaker-mini-pupper-application/simulation_ws/install/champ/include/champ/champ/bla/basic_linear_algebra.h
[3.380s] Invoked command in '/home/ubuntu/environment/aws-robomaker-mini-pupper-application/simulation_ws/build/champ' returned '0': /usr/bin/cmake --build /home/ubuntu/environment/aws-robomaker-mini-pupper-application/simulation_ws/build/champ --target install -- -j4 -l4
