-- The C compiler identification is GNU 7.5.0
-- The CXX compiler identification is GNU 7.5.0
-- Check for working C compiler: /usr/bin/cc
-- Check for working C compiler: /usr/bin/cc -- works
-- Detecting C compiler ABI info
-- Detecting C compiler ABI info - done
-- Detecting C compile features
-- Detecting C compile features - done
-- Check for working CXX compiler: /usr/bin/c++
-- Check for working CXX compiler: /usr/bin/c++ -- works
-- Detecting CXX compiler ABI info
-- Detecting CXX compiler ABI info - done
-- Detecting CXX compile features
-- Detecting CXX compile features - done
-- Using CATKIN_DEVEL_PREFIX: /home/ubuntu/environment/aws-robomaker-mini-pupper-application/simulation_ws/build/champ_bringup/devel
-- Using CMAKE_PREFIX_PATH: /home/ubuntu/environment/aws-robomaker-mini-pupper-application/simulation_ws/install/champ_base;/home/ubuntu/environment/aws-robomaker-mini-pupper-application/simulation_ws/install/yocs_velocity_smoother;/home/ubuntu/environment/aws-robomaker-mini-pupper-application/simulation_ws/install/champ_msgs;/home/ubuntu/environment/aws-robomaker-mini-pupper-application/simulation_ws/install/champ_description;/home/ubuntu/environment/aws-robomaker-mini-pupper-application/simulation_ws/install/champ;/opt/ros/melodic
-- This workspace overlays: /home/ubuntu/environment/aws-robomaker-mini-pupper-application/simulation_ws/install/champ_base;/home/ubuntu/environment/aws-robomaker-mini-pupper-application/simulation_ws/install/yocs_velocity_smoother;/home/ubuntu/environment/aws-robomaker-mini-pupper-application/simulation_ws/install/champ_msgs;/home/ubuntu/environment/aws-robomaker-mini-pupper-application/simulation_ws/install/champ_description;/home/ubuntu/environment/aws-robomaker-mini-pupper-application/simulation_ws/install/champ;/opt/ros/melodic
-- Found PythonInterp: /usr/bin/python2 (found suitable version "2.7.17", minimum required is "2") 
-- Using PYTHON_EXECUTABLE: /usr/bin/python2
-- Using Debian Python package layout
-- Using empy: /usr/bin/empy
-- Using CATKIN_ENABLE_TESTING: ON
-- Call enable_testing()
-- Using CATKIN_TEST_RESULTS_DIR: /home/ubuntu/environment/aws-robomaker-mini-pupper-application/simulation_ws/build/champ_bringup/test_results
-- Found gtest sources under '/usr/src/googletest': gtests will be built
-- Found gmock sources under '/usr/src/googletest': gmock will be built
-- Found PythonInterp: /usr/bin/python2 (found version "2.7.17") 
-- Looking for pthread.h
-- Looking for pthread.h - found
-- Looking for pthread_create
-- Looking for pthread_create - not found
-- Looking for pthread_create in pthreads
-- Looking for pthread_create in pthreads - not found
-- Looking for pthread_create in pthread
-- Looking for pthread_create in pthread - found
-- Found Threads: TRUE  
-- Using Python nosetests: /usr/bin/nosetests-2.7
-- catkin 0.7.29
-- BUILD_SHARED_LIBS is on
-- Configuring done
-- Generating done
-- Build files have been written to: /home/ubuntu/environment/aws-robomaker-mini-pupper-application/simulation_ws/build/champ_bringup
[35m[1mScanning dependencies of target tests[0m
Built target tests
[36mInstall the project...[0m
-- Install configuration: ""
-- Installing: /home/ubuntu/environment/aws-robomaker-mini-pupper-application/simulation_ws/install/champ_bringup/lib/pkgconfig/champ_bringup.pc
-- Installing: /home/ubuntu/environment/aws-robomaker-mini-pupper-application/simulation_ws/install/champ_bringup/share/champ_bringup/cmake/champ_bringupConfig.cmake
-- Installing: /home/ubuntu/environment/aws-robomaker-mini-pupper-application/simulation_ws/install/champ_bringup/share/champ_bringup/cmake/champ_bringupConfig-version.cmake
-- Installing: /home/ubuntu/environment/aws-robomaker-mini-pupper-application/simulation_ws/install/champ_bringup/share/champ_bringup/package.xml
-- Installing: /home/ubuntu/environment/aws-robomaker-mini-pupper-application/simulation_ws/install/champ_bringup/share/champ_bringup/launch
-- Installing: /home/ubuntu/environment/aws-robomaker-mini-pupper-application/simulation_ws/install/champ_bringup/share/champ_bringup/launch/bringup.launch
-- Installing: /home/ubuntu/environment/aws-robomaker-mini-pupper-application/simulation_ws/install/champ_bringup/share/champ_bringup/launch/include
-- Installing: /home/ubuntu/environment/aws-robomaker-mini-pupper-application/simulation_ws/install/champ_bringup/share/champ_bringup/launch/include/laser
-- Installing: /home/ubuntu/environment/aws-robomaker-mini-pupper-application/simulation_ws/install/champ_bringup/share/champ_bringup/launch/include/laser/rplidar.launch
-- Installing: /home/ubuntu/environment/aws-robomaker-mini-pupper-application/simulation_ws/install/champ_bringup/share/champ_bringup/launch/include/laser/kinect.launch
-- Installing: /home/ubuntu/environment/aws-robomaker-mini-pupper-application/simulation_ws/install/champ_bringup/share/champ_bringup/launch/include/laser/sim.launch
-- Installing: /home/ubuntu/environment/aws-robomaker-mini-pupper-application/simulation_ws/install/champ_bringup/share/champ_bringup/launch/include/laser/hokuyo.launch
-- Installing: /home/ubuntu/environment/aws-robomaker-mini-pupper-application/simulation_ws/install/champ_bringup/share/champ_bringup/launch/include/laser/sweep.launch
-- Installing: /home/ubuntu/environment/aws-robomaker-mini-pupper-application/simulation_ws/install/champ_bringup/share/champ_bringup/launch/include/laser/lms1xx.launch
-- Installing: /home/ubuntu/environment/aws-robomaker-mini-pupper-application/simulation_ws/install/champ_bringup/share/champ_bringup/launch/include/laser/d435.launch
-- Installing: /home/ubuntu/environment/aws-robomaker-mini-pupper-application/simulation_ws/install/champ_bringup/share/champ_bringup/launch/include/laser/realsense.launch
-- Installing: /home/ubuntu/environment/aws-robomaker-mini-pupper-application/simulation_ws/install/champ_bringup/share/champ_bringup/launch/include/laser/xv11.launch
-- Installing: /home/ubuntu/environment/aws-robomaker-mini-pupper-application/simulation_ws/install/champ_bringup/share/champ_bringup/launch/include/laser/ydlidar.launch
-- Installing: /home/ubuntu/environment/aws-robomaker-mini-pupper-application/simulation_ws/install/champ_bringup/share/champ_bringup/launch/include/velocity_smoother.launch
-- Installing: /home/ubuntu/environment/aws-robomaker-mini-pupper-application/simulation_ws/install/champ_bringup/share/champ_bringup/launch/joints_gui.launch
