[0.140s] Invoking command in '/home/ubuntu/environment/aws-robomaker-mini-pupper-application/simulation_ws/build/champ_navigation': /usr/bin/cmake /home/ubuntu/environment/aws-robomaker-mini-pupper-application/simulation_ws/src/champ/champ_navigation -Wno-dev -DCATKIN_INSTALL_INTO_PREFIX_ROOT=0 -DCMAKE_INSTALL_PREFIX=/home/ubuntu/environment/aws-robomaker-mini-pupper-application/simulation_ws/install/champ_navigation
[0.229s] -- The C compiler identification is GNU 7.5.0
[0.357s] -- The CXX compiler identification is GNU 7.5.0
[0.365s] -- Check for working C compiler: /usr/bin/cc
[0.573s] -- Check for working C compiler: /usr/bin/cc -- works
[0.574s] -- Detecting C compiler ABI info
[0.723s] -- Detecting C compiler ABI info - done
[0.741s] -- Detecting C compile features
[1.179s] -- Detecting C compile features - done
[1.184s] -- Check for working CXX compiler: /usr/bin/c++
[1.350s] -- Check for working CXX compiler: /usr/bin/c++ -- works
[1.351s] -- Detecting CXX compiler ABI info
[1.492s] -- Detecting CXX compiler ABI info - done
[1.509s] -- Detecting CXX compile features
[2.273s] -- Detecting CXX compile features - done
[2.287s] -- Using CATKIN_DEVEL_PREFIX: /home/ubuntu/environment/aws-robomaker-mini-pupper-application/simulation_ws/build/champ_navigation/devel
[2.287s] -- Using CMAKE_PREFIX_PATH: /opt/ros/melodic
[2.287s] -- This workspace overlays: /opt/ros/melodic
[2.361s] -- Found PythonInterp: /usr/bin/python2 (found suitable version "2.7.17", minimum required is "2") 
[2.362s] -- Using PYTHON_EXECUTABLE: /usr/bin/python2
[2.362s] -- Using Debian Python package layout
[2.363s] -- Using empy: /usr/bin/empy
[2.674s] -- Using CATKIN_ENABLE_TESTING: ON
[2.675s] -- Call enable_testing()
[2.678s] -- Using CATKIN_TEST_RESULTS_DIR: /home/ubuntu/environment/aws-robomaker-mini-pupper-application/simulation_ws/build/champ_navigation/test_results
[2.710s] -- Found gtest sources under '/usr/src/googletest': gtests will be built
[2.711s] -- Found gmock sources under '/usr/src/googletest': gmock will be built
[2.731s] -- Found PythonInterp: /usr/bin/python2 (found version "2.7.17") 
[2.733s] -- Looking for pthread.h
[2.841s] -- Looking for pthread.h - found
[2.842s] -- Looking for pthread_create
[3.001s] -- Looking for pthread_create - not found
[3.003s] -- Looking for pthread_create in pthreads
[3.096s] -- Looking for pthread_create in pthreads - not found
[3.097s] -- Looking for pthread_create in pthread
[3.201s] -- Looking for pthread_create in pthread - found
[3.202s] -- Found Threads: TRUE  
[3.210s] -- Using Python nosetests: /usr/bin/nosetests-2.7
[3.277s] -- catkin 0.7.29
[3.277s] -- BUILD_SHARED_LIBS is on
[3.585s] -- Configuring done
[3.599s] -- Generating done
[3.601s] -- Build files have been written to: /home/ubuntu/environment/aws-robomaker-mini-pupper-application/simulation_ws/build/champ_navigation
[3.606s] Invoked command in '/home/ubuntu/environment/aws-robomaker-mini-pupper-application/simulation_ws/build/champ_navigation' returned '0': /usr/bin/cmake /home/ubuntu/environment/aws-robomaker-mini-pupper-application/simulation_ws/src/champ/champ_navigation -Wno-dev -DCATKIN_INSTALL_INTO_PREFIX_ROOT=0 -DCMAKE_INSTALL_PREFIX=/home/ubuntu/environment/aws-robomaker-mini-pupper-application/simulation_ws/install/champ_navigation
[3.610s] Invoking command in '/home/ubuntu/environment/aws-robomaker-mini-pupper-application/simulation_ws/build/champ_navigation': /usr/bin/cmake --build /home/ubuntu/environment/aws-robomaker-mini-pupper-application/simulation_ws/build/champ_navigation -- -j4 -l4
[3.649s] Invoked command in '/home/ubuntu/environment/aws-robomaker-mini-pupper-application/simulation_ws/build/champ_navigation' returned '0': /usr/bin/cmake --build /home/ubuntu/environment/aws-robomaker-mini-pupper-application/simulation_ws/build/champ_navigation -- -j4 -l4
[3.688s] Invoking command in '/home/ubuntu/environment/aws-robomaker-mini-pupper-application/simulation_ws/build/champ_navigation': /usr/bin/cmake --build /home/ubuntu/environment/aws-robomaker-mini-pupper-application/simulation_ws/build/champ_navigation --target tests -- -j4 -l4
[3.744s] [35m[1mScanning dependencies of target tests[0m
[3.755s] Built target tests
[3.767s] Invoked command in '/home/ubuntu/environment/aws-robomaker-mini-pupper-application/simulation_ws/build/champ_navigation' returned '0': /usr/bin/cmake --build /home/ubuntu/environment/aws-robomaker-mini-pupper-application/simulation_ws/build/champ_navigation --target tests -- -j4 -l4
[3.797s] Invoking command in '/home/ubuntu/environment/aws-robomaker-mini-pupper-application/simulation_ws/build/champ_navigation': /usr/bin/cmake --build /home/ubuntu/environment/aws-robomaker-mini-pupper-application/simulation_ws/build/champ_navigation --target install -- -j4 -l4
[3.856s] [36mInstall the project...[0m
[3.867s] -- Install configuration: ""
[3.867s] -- Installing: /home/ubuntu/environment/aws-robomaker-mini-pupper-application/simulation_ws/install/champ_navigation/lib/pkgconfig/champ_navigation.pc
[3.868s] -- Installing: /home/ubuntu/environment/aws-robomaker-mini-pupper-application/simulation_ws/install/champ_navigation/share/champ_navigation/cmake/champ_navigationConfig.cmake
[3.868s] -- Installing: /home/ubuntu/environment/aws-robomaker-mini-pupper-application/simulation_ws/install/champ_navigation/share/champ_navigation/cmake/champ_navigationConfig-version.cmake
[3.868s] -- Installing: /home/ubuntu/environment/aws-robomaker-mini-pupper-application/simulation_ws/install/champ_navigation/share/champ_navigation/package.xml
[3.869s] -- Installing: /home/ubuntu/environment/aws-robomaker-mini-pupper-application/simulation_ws/install/champ_navigation/share/champ_navigation/launch
[3.869s] -- Installing: /home/ubuntu/environment/aws-robomaker-mini-pupper-application/simulation_ws/install/champ_navigation/share/champ_navigation/launch/slam
[3.869s] -- Installing: /home/ubuntu/environment/aws-robomaker-mini-pupper-application/simulation_ws/install/champ_navigation/share/champ_navigation/launch/slam/hector_mapping.launch
[3.870s] -- Installing: /home/ubuntu/environment/aws-robomaker-mini-pupper-application/simulation_ws/install/champ_navigation/share/champ_navigation/launch/slam/octomap.launch
[3.870s] -- Installing: /home/ubuntu/environment/aws-robomaker-mini-pupper-application/simulation_ws/install/champ_navigation/share/champ_navigation/launch/slam/velodyne_pointcloud_to_laser.launch
[3.870s] -- Installing: /home/ubuntu/environment/aws-robomaker-mini-pupper-application/simulation_ws/install/champ_navigation/share/champ_navigation/launch/slam/gmapping.launch
[3.870s] -- Installing: /home/ubuntu/environment/aws-robomaker-mini-pupper-application/simulation_ws/install/champ_navigation/share/champ_navigation/launch/slam.launch
[3.871s] -- Installing: /home/ubuntu/environment/aws-robomaker-mini-pupper-application/simulation_ws/install/champ_navigation/share/champ_navigation/launch/navigation
[3.871s] -- Installing: /home/ubuntu/environment/aws-robomaker-mini-pupper-application/simulation_ws/install/champ_navigation/share/champ_navigation/launch/navigation/amcl.launch
[3.872s] -- Installing: /home/ubuntu/environment/aws-robomaker-mini-pupper-application/simulation_ws/install/champ_navigation/share/champ_navigation/launch/navigation/move_base.launch
[3.872s] -- Installing: /home/ubuntu/environment/aws-robomaker-mini-pupper-application/simulation_ws/install/champ_navigation/share/champ_navigation/launch/octo_slam.launch
[3.873s] -- Installing: /home/ubuntu/environment/aws-robomaker-mini-pupper-application/simulation_ws/install/champ_navigation/share/champ_navigation/launch/navigate.launch
[3.873s] -- Installing: /home/ubuntu/environment/aws-robomaker-mini-pupper-application/simulation_ws/install/champ_navigation/share/champ_navigation/maps
[3.874s] -- Installing: /home/ubuntu/environment/aws-robomaker-mini-pupper-application/simulation_ws/install/champ_navigation/share/champ_navigation/maps/octomap.ot
[3.907s] -- Installing: /home/ubuntu/environment/aws-robomaker-mini-pupper-application/simulation_ws/install/champ_navigation/share/champ_navigation/maps/map.yaml
[3.907s] -- Installing: /home/ubuntu/environment/aws-robomaker-mini-pupper-application/simulation_ws/install/champ_navigation/share/champ_navigation/maps/map.pgm
[3.929s] -- Installing: /home/ubuntu/environment/aws-robomaker-mini-pupper-application/simulation_ws/install/champ_navigation/share/champ_navigation/maps/octomap.pgm
[3.932s] -- Installing: /home/ubuntu/environment/aws-robomaker-mini-pupper-application/simulation_ws/install/champ_navigation/share/champ_navigation/maps/octomap.yaml
[3.932s] -- Installing: /home/ubuntu/environment/aws-robomaker-mini-pupper-application/simulation_ws/install/champ_navigation/share/champ_navigation/param
[3.933s] -- Installing: /home/ubuntu/environment/aws-robomaker-mini-pupper-application/simulation_ws/install/champ_navigation/share/champ_navigation/param/local_costmap_params.yaml
[3.933s] -- Installing: /home/ubuntu/environment/aws-robomaker-mini-pupper-application/simulation_ws/install/champ_navigation/share/champ_navigation/param/base_local_planner_holonomic_params.yaml
[3.933s] -- Installing: /home/ubuntu/environment/aws-robomaker-mini-pupper-application/simulation_ws/install/champ_navigation/share/champ_navigation/param/move_base_params.yaml
[3.934s] -- Installing: /home/ubuntu/environment/aws-robomaker-mini-pupper-application/simulation_ws/install/champ_navigation/share/champ_navigation/param/costmap_common_params.yaml
[3.934s] -- Installing: /home/ubuntu/environment/aws-robomaker-mini-pupper-application/simulation_ws/install/champ_navigation/share/champ_navigation/param/global_costmap_params.yaml
[3.935s] -- Installing: /home/ubuntu/environment/aws-robomaker-mini-pupper-application/simulation_ws/install/champ_navigation/share/champ_navigation/rviz
[3.935s] -- Installing: /home/ubuntu/environment/aws-robomaker-mini-pupper-application/simulation_ws/install/champ_navigation/share/champ_navigation/rviz/navigate.rviz
[3.940s] Invoked command in '/home/ubuntu/environment/aws-robomaker-mini-pupper-application/simulation_ws/build/champ_navigation' returned '0': /usr/bin/cmake --build /home/ubuntu/environment/aws-robomaker-mini-pupper-application/simulation_ws/build/champ_navigation --target install -- -j4 -l4
