[0.077s] Invoking command in '/home/ubuntu/environment/aws-robomaker-mini-pupper-application/simulation_ws/build/champ_msgs': /usr/bin/cmake /home/ubuntu/environment/aws-robomaker-mini-pupper-application/simulation_ws/src/champ/champ_msgs -Wno-dev -DCATKIN_INSTALL_INTO_PREFIX_ROOT=0 -DCMAKE_INSTALL_PREFIX=/home/ubuntu/environment/aws-robomaker-mini-pupper-application/simulation_ws/install/champ_msgs
[0.167s] -- The C compiler identification is GNU 7.5.0
[0.266s] -- The CXX compiler identification is GNU 7.5.0
[0.274s] -- Check for working C compiler: /usr/bin/cc
[0.383s] -- Check for working C compiler: /usr/bin/cc -- works
[0.383s] -- Detecting C compiler ABI info
[0.490s] -- Detecting C compiler ABI info - done
[0.509s] -- Detecting C compile features
[0.826s] -- Detecting C compile features - done
[0.832s] -- Check for working CXX compiler: /usr/bin/c++
[0.949s] -- Check for working CXX compiler: /usr/bin/c++ -- works
[0.950s] -- Detecting CXX compiler ABI info
[1.073s] -- Detecting CXX compiler ABI info - done
[1.091s] -- Detecting CXX compile features
[1.673s] -- Detecting CXX compile features - done
[1.674s] -- Using CATKIN_DEVEL_PREFIX: /home/ubuntu/environment/aws-robomaker-mini-pupper-application/simulation_ws/build/champ_msgs/devel
[1.674s] -- Using CMAKE_PREFIX_PATH: /opt/ros/melodic
[1.675s] -- This workspace overlays: /opt/ros/melodic
[1.697s] -- Found PythonInterp: /usr/bin/python2 (found suitable version "2.7.17", minimum required is "2") 
[1.697s] -- Using PYTHON_EXECUTABLE: /usr/bin/python2
[1.698s] -- Using Debian Python package layout
[1.698s] -- Using empy: /usr/bin/empy
[1.949s] -- Using CATKIN_ENABLE_TESTING: ON
[1.950s] -- Call enable_testing()
[1.952s] -- Using CATKIN_TEST_RESULTS_DIR: /home/ubuntu/environment/aws-robomaker-mini-pupper-application/simulation_ws/build/champ_msgs/test_results
[1.981s] -- Found gtest sources under '/usr/src/googletest': gtests will be built
[1.982s] -- Found gmock sources under '/usr/src/googletest': gmock will be built
[2.004s] -- Found PythonInterp: /usr/bin/python2 (found version "2.7.17") 
[2.007s] -- Looking for pthread.h
[2.127s] -- Looking for pthread.h - found
[2.127s] -- Looking for pthread_create
[2.246s] -- Looking for pthread_create - not found
[2.246s] -- Looking for pthread_create in pthreads
[2.337s] -- Looking for pthread_create in pthreads - not found
[2.338s] -- Looking for pthread_create in pthread
[2.446s] -- Looking for pthread_create in pthread - found
[2.448s] -- Found Threads: TRUE  
[2.456s] -- Using Python nosetests: /usr/bin/nosetests-2.7
[2.530s] -- catkin 0.7.29
[2.530s] -- BUILD_SHARED_LIBS is on
[2.691s] -- Using these message generators: gencpp;geneus;genlisp;gennodejs;genpy
[3.113s] -- champ_msgs: 9 messages, 0 services
[3.356s] -- Configuring done
[3.397s] -- Generating done
[3.400s] -- Build files have been written to: /home/ubuntu/environment/aws-robomaker-mini-pupper-application/simulation_ws/build/champ_msgs
[3.630s] Invoked command in '/home/ubuntu/environment/aws-robomaker-mini-pupper-application/simulation_ws/build/champ_msgs' returned '0': /usr/bin/cmake /home/ubuntu/environment/aws-robomaker-mini-pupper-application/simulation_ws/src/champ/champ_msgs -Wno-dev -DCATKIN_INSTALL_INTO_PREFIX_ROOT=0 -DCMAKE_INSTALL_PREFIX=/home/ubuntu/environment/aws-robomaker-mini-pupper-application/simulation_ws/install/champ_msgs
[3.631s] Invoking command in '/home/ubuntu/environment/aws-robomaker-mini-pupper-application/simulation_ws/build/champ_msgs': /usr/bin/cmake --build /home/ubuntu/environment/aws-robomaker-mini-pupper-application/simulation_ws/build/champ_msgs -- -j4 -l4
[3.698s] [35m[1mScanning dependencies of target geometry_msgs_generate_messages_py[0m
[3.700s] [35m[1mScanning dependencies of target _champ_msgs_generate_messages_check_deps_PID[0m
[3.701s] [35m[1mScanning dependencies of target std_msgs_generate_messages_py[0m
[3.705s] [35m[1mScanning dependencies of target _champ_msgs_generate_messages_check_deps_Point[0m
[3.717s] [  0%] Built target geometry_msgs_generate_messages_py
[3.723s] [  0%] Built target std_msgs_generate_messages_py
[3.743s] [35m[1mScanning dependencies of target _champ_msgs_generate_messages_check_deps_Imu[0m
[3.758s] [35m[1mScanning dependencies of target _champ_msgs_generate_messages_check_deps_ContactsStamped[0m
[3.794s] [  0%] Built target _champ_msgs_generate_messages_check_deps_PID
[3.798s] [  0%] Built target _champ_msgs_generate_messages_check_deps_Point
[3.819s] [35m[1mScanning dependencies of target _champ_msgs_generate_messages_check_deps_Contacts[0m
[3.822s] [35m[1mScanning dependencies of target _champ_msgs_generate_messages_check_deps_Velocities[0m
[3.824s] [  0%] Built target _champ_msgs_generate_messages_check_deps_Imu
[3.837s] [  0%] Built target _champ_msgs_generate_messages_check_deps_ContactsStamped
[3.841s] [35m[1mScanning dependencies of target _champ_msgs_generate_messages_check_deps_Pose[0m
[3.867s] [35m[1mScanning dependencies of target _champ_msgs_generate_messages_check_deps_Joints[0m
[3.891s] [  0%] Built target _champ_msgs_generate_messages_check_deps_Contacts
[3.907s] [  0%] Built target _champ_msgs_generate_messages_check_deps_Velocities
[3.922s] [  0%] Built target _champ_msgs_generate_messages_check_deps_Pose
[3.934s] [35m[1mScanning dependencies of target _champ_msgs_generate_messages_check_deps_PointArray[0m
[3.937s] [35m[1mScanning dependencies of target std_msgs_generate_messages_nodejs[0m
[3.938s] [  0%] Built target _champ_msgs_generate_messages_check_deps_Joints
[3.951s] [35m[1mScanning dependencies of target geometry_msgs_generate_messages_nodejs[0m
[3.956s] [35m[1mScanning dependencies of target std_msgs_generate_messages_lisp[0m
[3.971s] [  0%] Built target std_msgs_generate_messages_nodejs
[3.977s] [  0%] Built target geometry_msgs_generate_messages_nodejs
[3.991s] [  0%] Built target std_msgs_generate_messages_lisp
[3.993s] [  0%] Built target _champ_msgs_generate_messages_check_deps_PointArray
[3.994s] [35m[1mScanning dependencies of target geometry_msgs_generate_messages_lisp[0m
[4.008s] [35m[1mScanning dependencies of target geometry_msgs_generate_messages_eus[0m
[4.012s] [35m[1mScanning dependencies of target geometry_msgs_generate_messages_cpp[0m
[4.020s] [  0%] Built target geometry_msgs_generate_messages_lisp
[4.021s] [35m[1mScanning dependencies of target std_msgs_generate_messages_eus[0m
[4.037s] [  0%] Built target geometry_msgs_generate_messages_cpp
[4.039s] [  0%] Built target std_msgs_generate_messages_eus
[4.040s] [  0%] Built target geometry_msgs_generate_messages_eus
[4.058s] [35m[1mScanning dependencies of target std_msgs_generate_messages_cpp[0m
[4.058s] [35m[1mScanning dependencies of target champ_msgs_generate_messages_nodejs[0m
[4.060s] [35m[1mScanning dependencies of target champ_msgs_generate_messages_py[0m
[4.062s] [35m[1mScanning dependencies of target champ_msgs_generate_messages_lisp[0m
[4.077s] [  0%] Built target std_msgs_generate_messages_cpp
[4.084s] [  2%] [34m[1mGenerating Javascript code from champ_msgs/Contacts.msg[0m
[4.091s] [  4%] [34m[1mGenerating Lisp code from champ_msgs/Contacts.msg[0m
[4.091s] [  6%] [34m[1mGenerating Python from MSG champ_msgs/Contacts[0m
[4.108s] [35m[1mScanning dependencies of target champ_msgs_generate_messages_eus[0m
[4.150s] [  8%] [34m[1mGenerating EusLisp code from champ_msgs/Contacts.msg[0m
[4.155s] [ 10%] [34m[1mGenerating Javascript code from champ_msgs/Velocities.msg[0m
[4.166s] [ 12%] [34m[1mGenerating Lisp code from champ_msgs/Velocities.msg[0m
[4.236s] [ 14%] [34m[1mGenerating Javascript code from champ_msgs/Imu.msg[0m
[4.249s] [ 17%] [34m[1mGenerating Lisp code from champ_msgs/Imu.msg[0m
[4.271s] [ 19%] [34m[1mGenerating EusLisp code from champ_msgs/Velocities.msg[0m
[4.334s] [ 21%] [34m[1mGenerating Javascript code from champ_msgs/Pose.msg[0m
[4.339s] [ 23%] [34m[1mGenerating Lisp code from champ_msgs/Pose.msg[0m
[4.423s] [ 25%] [34m[1mGenerating Javascript code from champ_msgs/PID.msg[0m
[4.428s] [ 27%] [34m[1mGenerating EusLisp code from champ_msgs/Imu.msg[0m
[4.433s] [ 29%] [34m[1mGenerating Lisp code from champ_msgs/PID.msg[0m
[4.486s] [ 31%] [34m[1mGenerating Javascript code from champ_msgs/Joints.msg[0m
[4.499s] [ 34%] [34m[1mGenerating Lisp code from champ_msgs/Joints.msg[0m
[4.544s] [ 36%] [34m[1mGenerating EusLisp code from champ_msgs/Pose.msg[0m
[4.563s] [ 38%] [34m[1mGenerating Javascript code from champ_msgs/ContactsStamped.msg[0m
[4.577s] [ 40%] [34m[1mGenerating Lisp code from champ_msgs/ContactsStamped.msg[0m
[4.635s] [ 42%] [34m[1mGenerating Javascript code from champ_msgs/PointArray.msg[0m
[4.649s] [ 44%] [34m[1mGenerating Lisp code from champ_msgs/PointArray.msg[0m
[4.659s] [ 46%] [34m[1mGenerating EusLisp code from champ_msgs/PID.msg[0m
[4.715s] [ 48%] [34m[1mGenerating Javascript code from champ_msgs/Point.msg[0m
[4.715s] [ 51%] [34m[1mGenerating Lisp code from champ_msgs/Point.msg[0m
[4.783s] [ 51%] Built target champ_msgs_generate_messages_nodejs
[4.788s] [ 51%] Built target champ_msgs_generate_messages_lisp
[4.798s] [ 53%] [34m[1mGenerating EusLisp code from champ_msgs/Joints.msg[0m
[4.801s] [ 55%] [34m[1mGenerating EusLisp code from champ_msgs/ContactsStamped.msg[0m
[4.810s] [ 57%] [34m[1mGenerating Python from MSG champ_msgs/Velocities[0m
[4.905s] [ 59%] [34m[1mGenerating EusLisp code from champ_msgs/PointArray.msg[0m
[4.949s] [ 61%] [34m[1mGenerating EusLisp code from champ_msgs/Point.msg[0m
[5.018s] [ 63%] [34m[1mGenerating EusLisp manifest code for champ_msgs[0m
[5.057s] [35m[1mScanning dependencies of target champ_msgs_generate_messages_cpp[0m
[5.074s] [ 65%] [34m[1mGenerating C++ code from champ_msgs/Contacts.msg[0m
[5.412s] [ 68%] [34m[1mGenerating C++ code from champ_msgs/Velocities.msg[0m
[5.660s] [ 70%] [34m[1mGenerating C++ code from champ_msgs/Imu.msg[0m
[5.970s] [ 72%] [34m[1mGenerating C++ code from champ_msgs/Pose.msg[0m
[6.139s] [ 72%] Built target champ_msgs_generate_messages_eus
[6.153s] [ 74%] [34m[1mGenerating C++ code from champ_msgs/PID.msg[0m
[6.266s] [ 76%] [34m[1mGenerating C++ code from champ_msgs/Joints.msg[0m
[6.399s] [ 78%] [34m[1mGenerating C++ code from champ_msgs/ContactsStamped.msg[0m
[6.531s] [ 80%] [34m[1mGenerating C++ code from champ_msgs/PointArray.msg[0m
[6.654s] [ 82%] [34m[1mGenerating C++ code from champ_msgs/Point.msg[0m
[6.779s] [ 85%] [34m[1mGenerating Python from MSG champ_msgs/Imu[0m
[6.924s] [ 85%] Built target champ_msgs_generate_messages_cpp
[6.939s] [ 87%] [34m[1mGenerating Python from MSG champ_msgs/Pose[0m
[8.213s] [ 95%] [34m[1mGenerating Python from MSG champ_msgs/PointArray[0m
[8.213s] [ 95%] [34m[1mGenerating Python from MSG champ_msgs/ContactsStamped[0m
[8.214s] [ 95%] [34m[1mGenerating Python from MSG champ_msgs/Joints[0m
[8.214s] [ 95%] [34m[1mGenerating Python from MSG champ_msgs/PID[0m
[8.429s] [ 97%] [34m[1mGenerating Python from MSG champ_msgs/Point[0m
[8.566s] [100%] [34m[1mGenerating Python msg __init__.py for champ_msgs[0m
[8.698s] [100%] Built target champ_msgs_generate_messages_py
[8.708s] [35m[1mScanning dependencies of target champ_msgs_generate_messages[0m
[8.718s] [100%] Built target champ_msgs_generate_messages
[8.730s] Invoked command in '/home/ubuntu/environment/aws-robomaker-mini-pupper-application/simulation_ws/build/champ_msgs' returned '0': /usr/bin/cmake --build /home/ubuntu/environment/aws-robomaker-mini-pupper-application/simulation_ws/build/champ_msgs -- -j4 -l4
[8.775s] Invoking command in '/home/ubuntu/environment/aws-robomaker-mini-pupper-application/simulation_ws/build/champ_msgs': /usr/bin/cmake --build /home/ubuntu/environment/aws-robomaker-mini-pupper-application/simulation_ws/build/champ_msgs --target tests -- -j4 -l4
[8.827s] [35m[1mScanning dependencies of target tests[0m
[8.836s] Built target tests
[8.847s] Invoked command in '/home/ubuntu/environment/aws-robomaker-mini-pupper-application/simulation_ws/build/champ_msgs' returned '0': /usr/bin/cmake --build /home/ubuntu/environment/aws-robomaker-mini-pupper-application/simulation_ws/build/champ_msgs --target tests -- -j4 -l4
[8.893s] Invoking command in '/home/ubuntu/environment/aws-robomaker-mini-pupper-application/simulation_ws/build/champ_msgs': /usr/bin/cmake --build /home/ubuntu/environment/aws-robomaker-mini-pupper-application/simulation_ws/build/champ_msgs --target install -- -j4 -l4
[8.956s] [  0%] Built target geometry_msgs_generate_messages_py
[8.956s] [  0%] Built target std_msgs_generate_messages_py
[8.995s] [  0%] Built target _champ_msgs_generate_messages_check_deps_Point
[9.009s] [  0%] Built target _champ_msgs_generate_messages_check_deps_PID
[9.020s] [  0%] Built target _champ_msgs_generate_messages_check_deps_ContactsStamped
[9.025s] [  0%] Built target _champ_msgs_generate_messages_check_deps_Imu
[9.059s] [  0%] Built target _champ_msgs_generate_messages_check_deps_Contacts
[9.088s] [  0%] Built target _champ_msgs_generate_messages_check_deps_Velocities
[9.090s] [  0%] Built target _champ_msgs_generate_messages_check_deps_Pose
[9.097s] [  0%] Built target _champ_msgs_generate_messages_check_deps_Joints
[9.120s] [  0%] Built target std_msgs_generate_messages_nodejs
[9.122s] [  0%] Built target geometry_msgs_generate_messages_nodejs
[9.128s] [  0%] Built target std_msgs_generate_messages_lisp
[9.132s] [  0%] Built target _champ_msgs_generate_messages_check_deps_PointArray
[9.152s] [  0%] Built target geometry_msgs_generate_messages_lisp
[9.159s] [  0%] Built target geometry_msgs_generate_messages_eus
[9.162s] [  0%] Built target std_msgs_generate_messages_eus
[9.162s] [  0%] Built target geometry_msgs_generate_messages_cpp
[9.186s] [  0%] Built target std_msgs_generate_messages_cpp
[9.191s] [ 21%] Built target champ_msgs_generate_messages_py
[9.194s] [ 40%] Built target champ_msgs_generate_messages_lisp
[9.202s] [ 59%] Built target champ_msgs_generate_messages_nodejs
[9.213s] [ 80%] Built target champ_msgs_generate_messages_eus
[9.219s] [100%] Built target champ_msgs_generate_messages_cpp
[9.242s] [100%] Built target champ_msgs_generate_messages
[9.262s] [36mInstall the project...[0m
[9.270s] -- Install configuration: ""
[9.270s] -- Installing: /home/ubuntu/environment/aws-robomaker-mini-pupper-application/simulation_ws/install/champ_msgs/share/champ_msgs/msg/Velocities.msg
[9.271s] -- Installing: /home/ubuntu/environment/aws-robomaker-mini-pupper-application/simulation_ws/install/champ_msgs/share/champ_msgs/msg/PID.msg
[9.271s] -- Installing: /home/ubuntu/environment/aws-robomaker-mini-pupper-application/simulation_ws/install/champ_msgs/share/champ_msgs/msg/Imu.msg
[9.271s] -- Installing: /home/ubuntu/environment/aws-robomaker-mini-pupper-application/simulation_ws/install/champ_msgs/share/champ_msgs/msg/Point.msg
[9.271s] -- Installing: /home/ubuntu/environment/aws-robomaker-mini-pupper-application/simulation_ws/install/champ_msgs/share/champ_msgs/msg/PointArray.msg
[9.271s] -- Installing: /home/ubuntu/environment/aws-robomaker-mini-pupper-application/simulation_ws/install/champ_msgs/share/champ_msgs/msg/Joints.msg
[9.272s] -- Installing: /home/ubuntu/environment/aws-robomaker-mini-pupper-application/simulation_ws/install/champ_msgs/share/champ_msgs/msg/Contacts.msg
[9.272s] -- Installing: /home/ubuntu/environment/aws-robomaker-mini-pupper-application/simulation_ws/install/champ_msgs/share/champ_msgs/msg/ContactsStamped.msg
[9.272s] -- Installing: /home/ubuntu/environment/aws-robomaker-mini-pupper-application/simulation_ws/install/champ_msgs/share/champ_msgs/msg/Pose.msg
[9.272s] -- Installing: /home/ubuntu/environment/aws-robomaker-mini-pupper-application/simulation_ws/install/champ_msgs/share/champ_msgs/cmake/champ_msgs-msg-paths.cmake
[9.272s] -- Installing: /home/ubuntu/environment/aws-robomaker-mini-pupper-application/simulation_ws/install/champ_msgs/include/champ_msgs
[9.273s] -- Installing: /home/ubuntu/environment/aws-robomaker-mini-pupper-application/simulation_ws/install/champ_msgs/include/champ_msgs/Imu.h
[9.273s] -- Installing: /home/ubuntu/environment/aws-robomaker-mini-pupper-application/simulation_ws/install/champ_msgs/include/champ_msgs/Velocities.h
[9.273s] -- Installing: /home/ubuntu/environment/aws-robomaker-mini-pupper-application/simulation_ws/install/champ_msgs/include/champ_msgs/Point.h
[9.273s] -- Installing: /home/ubuntu/environment/aws-robomaker-mini-pupper-application/simulation_ws/install/champ_msgs/include/champ_msgs/ContactsStamped.h
[9.273s] -- Installing: /home/ubuntu/environment/aws-robomaker-mini-pupper-application/simulation_ws/install/champ_msgs/include/champ_msgs/PointArray.h
[9.274s] -- Installing: /home/ubuntu/environment/aws-robomaker-mini-pupper-application/simulation_ws/install/champ_msgs/include/champ_msgs/PID.h
[9.274s] -- Installing: /home/ubuntu/environment/aws-robomaker-mini-pupper-application/simulation_ws/install/champ_msgs/include/champ_msgs/Pose.h
[9.274s] -- Installing: /home/ubuntu/environment/aws-robomaker-mini-pupper-application/simulation_ws/install/champ_msgs/include/champ_msgs/Contacts.h
[9.274s] -- Installing: /home/ubuntu/environment/aws-robomaker-mini-pupper-application/simulation_ws/install/champ_msgs/include/champ_msgs/Joints.h
[9.274s] -- Installing: /home/ubuntu/environment/aws-robomaker-mini-pupper-application/simulation_ws/install/champ_msgs/share/roseus/ros/champ_msgs
[9.274s] -- Installing: /home/ubuntu/environment/aws-robomaker-mini-pupper-application/simulation_ws/install/champ_msgs/share/roseus/ros/champ_msgs/manifest.l
[9.275s] -- Installing: /home/ubuntu/environment/aws-robomaker-mini-pupper-application/simulation_ws/install/champ_msgs/share/roseus/ros/champ_msgs/msg
[9.275s] -- Installing: /home/ubuntu/environment/aws-robomaker-mini-pupper-application/simulation_ws/install/champ_msgs/share/roseus/ros/champ_msgs/msg/ContactsStamped.l
[9.275s] -- Installing: /home/ubuntu/environment/aws-robomaker-mini-pupper-application/simulation_ws/install/champ_msgs/share/roseus/ros/champ_msgs/msg/Joints.l
[9.275s] -- Installing: /home/ubuntu/environment/aws-robomaker-mini-pupper-application/simulation_ws/install/champ_msgs/share/roseus/ros/champ_msgs/msg/Point.l
[9.275s] -- Installing: /home/ubuntu/environment/aws-robomaker-mini-pupper-application/simulation_ws/install/champ_msgs/share/roseus/ros/champ_msgs/msg/PointArray.l
[9.276s] -- Installing: /home/ubuntu/environment/aws-robomaker-mini-pupper-application/simulation_ws/install/champ_msgs/share/roseus/ros/champ_msgs/msg/Pose.l
[9.276s] -- Installing: /home/ubuntu/environment/aws-robomaker-mini-pupper-application/simulation_ws/install/champ_msgs/share/roseus/ros/champ_msgs/msg/Velocities.l
[9.276s] -- Installing: /home/ubuntu/environment/aws-robomaker-mini-pupper-application/simulation_ws/install/champ_msgs/share/roseus/ros/champ_msgs/msg/Contacts.l
[9.276s] -- Installing: /home/ubuntu/environment/aws-robomaker-mini-pupper-application/simulation_ws/install/champ_msgs/share/roseus/ros/champ_msgs/msg/Imu.l
[9.276s] -- Installing: /home/ubuntu/environment/aws-robomaker-mini-pupper-application/simulation_ws/install/champ_msgs/share/roseus/ros/champ_msgs/msg/PID.l
[9.276s] -- Installing: /home/ubuntu/environment/aws-robomaker-mini-pupper-application/simulation_ws/install/champ_msgs/share/common-lisp/ros/champ_msgs
[9.277s] -- Installing: /home/ubuntu/environment/aws-robomaker-mini-pupper-application/simulation_ws/install/champ_msgs/share/common-lisp/ros/champ_msgs/msg
[9.277s] -- Installing: /home/ubuntu/environment/aws-robomaker-mini-pupper-application/simulation_ws/install/champ_msgs/share/common-lisp/ros/champ_msgs/msg/_package_Contacts.lisp
[9.277s] -- Installing: /home/ubuntu/environment/aws-robomaker-mini-pupper-application/simulation_ws/install/champ_msgs/share/common-lisp/ros/champ_msgs/msg/_package.lisp
[9.277s] -- Installing: /home/ubuntu/environment/aws-robomaker-mini-pupper-application/simulation_ws/install/champ_msgs/share/common-lisp/ros/champ_msgs/msg/Imu.lisp
[9.277s] -- Installing: /home/ubuntu/environment/aws-robomaker-mini-pupper-application/simulation_ws/install/champ_msgs/share/common-lisp/ros/champ_msgs/msg/_package_Imu.lisp
[9.277s] -- Installing: /home/ubuntu/environment/aws-robomaker-mini-pupper-application/simulation_ws/install/champ_msgs/share/common-lisp/ros/champ_msgs/msg/_package_Point.lisp
[9.278s] -- Installing: /home/ubuntu/environment/aws-robomaker-mini-pupper-application/simulation_ws/install/champ_msgs/share/common-lisp/ros/champ_msgs/msg/_package_PID.lisp
[9.278s] -- Installing: /home/ubuntu/environment/aws-robomaker-mini-pupper-application/simulation_ws/install/champ_msgs/share/common-lisp/ros/champ_msgs/msg/ContactsStamped.lisp
[9.278s] -- Installing: /home/ubuntu/environment/aws-robomaker-mini-pupper-application/simulation_ws/install/champ_msgs/share/common-lisp/ros/champ_msgs/msg/PID.lisp
[9.278s] -- Installing: /home/ubuntu/environment/aws-robomaker-mini-pupper-application/simulation_ws/install/champ_msgs/share/common-lisp/ros/champ_msgs/msg/Pose.lisp
[9.278s] -- Installing: /home/ubuntu/environment/aws-robomaker-mini-pupper-application/simulation_ws/install/champ_msgs/share/common-lisp/ros/champ_msgs/msg/Contacts.lisp
[9.279s] -- Installing: /home/ubuntu/environment/aws-robomaker-mini-pupper-application/simulation_ws/install/champ_msgs/share/common-lisp/ros/champ_msgs/msg/_package_Pose.lisp
[9.279s] -- Installing: /home/ubuntu/environment/aws-robomaker-mini-pupper-application/simulation_ws/install/champ_msgs/share/common-lisp/ros/champ_msgs/msg/champ_msgs-msg.asd
[9.279s] -- Installing: /home/ubuntu/environment/aws-robomaker-mini-pupper-application/simulation_ws/install/champ_msgs/share/common-lisp/ros/champ_msgs/msg/Velocities.lisp
[9.279s] -- Installing: /home/ubuntu/environment/aws-robomaker-mini-pupper-application/simulation_ws/install/champ_msgs/share/common-lisp/ros/champ_msgs/msg/Point.lisp
[9.279s] -- Installing: /home/ubuntu/environment/aws-robomaker-mini-pupper-application/simulation_ws/install/champ_msgs/share/common-lisp/ros/champ_msgs/msg/Joints.lisp
[9.279s] -- Installing: /home/ubuntu/environment/aws-robomaker-mini-pupper-application/simulation_ws/install/champ_msgs/share/common-lisp/ros/champ_msgs/msg/_package_Velocities.lisp
[9.279s] -- Installing: /home/ubuntu/environment/aws-robomaker-mini-pupper-application/simulation_ws/install/champ_msgs/share/common-lisp/ros/champ_msgs/msg/_package_PointArray.lisp
[9.280s] -- Installing: /home/ubuntu/environment/aws-robomaker-mini-pupper-application/simulation_ws/install/champ_msgs/share/common-lisp/ros/champ_msgs/msg/_package_Joints.lisp
[9.280s] -- Installing: /home/ubuntu/environment/aws-robomaker-mini-pupper-application/simulation_ws/install/champ_msgs/share/common-lisp/ros/champ_msgs/msg/_package_ContactsStamped.lisp
[9.280s] -- Installing: /home/ubuntu/environment/aws-robomaker-mini-pupper-application/simulation_ws/install/champ_msgs/share/common-lisp/ros/champ_msgs/msg/PointArray.lisp
[9.280s] -- Installing: /home/ubuntu/environment/aws-robomaker-mini-pupper-application/simulation_ws/install/champ_msgs/share/gennodejs/ros/champ_msgs
[9.280s] -- Installing: /home/ubuntu/environment/aws-robomaker-mini-pupper-application/simulation_ws/install/champ_msgs/share/gennodejs/ros/champ_msgs/_index.js
[9.281s] -- Installing: /home/ubuntu/environment/aws-robomaker-mini-pupper-application/simulation_ws/install/champ_msgs/share/gennodejs/ros/champ_msgs/msg
[9.281s] -- Installing: /home/ubuntu/environment/aws-robomaker-mini-pupper-application/simulation_ws/install/champ_msgs/share/gennodejs/ros/champ_msgs/msg/Point.js
[9.281s] -- Installing: /home/ubuntu/environment/aws-robomaker-mini-pupper-application/simulation_ws/install/champ_msgs/share/gennodejs/ros/champ_msgs/msg/ContactsStamped.js
[9.281s] -- Installing: /home/ubuntu/environment/aws-robomaker-mini-pupper-application/simulation_ws/install/champ_msgs/share/gennodejs/ros/champ_msgs/msg/PointArray.js
[9.281s] -- Installing: /home/ubuntu/environment/aws-robomaker-mini-pupper-application/simulation_ws/install/champ_msgs/share/gennodejs/ros/champ_msgs/msg/_index.js
[9.281s] -- Installing: /home/ubuntu/environment/aws-robomaker-mini-pupper-application/simulation_ws/install/champ_msgs/share/gennodejs/ros/champ_msgs/msg/Pose.js
[9.282s] -- Installing: /home/ubuntu/environment/aws-robomaker-mini-pupper-application/simulation_ws/install/champ_msgs/share/gennodejs/ros/champ_msgs/msg/Joints.js
[9.282s] -- Installing: /home/ubuntu/environment/aws-robomaker-mini-pupper-application/simulation_ws/install/champ_msgs/share/gennodejs/ros/champ_msgs/msg/Contacts.js
[9.282s] -- Installing: /home/ubuntu/environment/aws-robomaker-mini-pupper-application/simulation_ws/install/champ_msgs/share/gennodejs/ros/champ_msgs/msg/Velocities.js
[9.282s] -- Installing: /home/ubuntu/environment/aws-robomaker-mini-pupper-application/simulation_ws/install/champ_msgs/share/gennodejs/ros/champ_msgs/msg/PID.js
[9.282s] -- Installing: /home/ubuntu/environment/aws-robomaker-mini-pupper-application/simulation_ws/install/champ_msgs/share/gennodejs/ros/champ_msgs/msg/Imu.js
[9.299s] Listing /home/ubuntu/environment/aws-robomaker-mini-pupper-application/simulation_ws/build/champ_msgs/devel/lib/python2.7/dist-packages/champ_msgs ...
[9.299s] Compiling /home/ubuntu/environment/aws-robomaker-mini-pupper-application/simulation_ws/build/champ_msgs/devel/lib/python2.7/dist-packages/champ_msgs/__init__.py ...
[9.300s] Listing /home/ubuntu/environment/aws-robomaker-mini-pupper-application/simulation_ws/build/champ_msgs/devel/lib/python2.7/dist-packages/champ_msgs/msg ...
[9.300s] Compiling /home/ubuntu/environment/aws-robomaker-mini-pupper-application/simulation_ws/build/champ_msgs/devel/lib/python2.7/dist-packages/champ_msgs/msg/_Contacts.py ...
[9.300s] Compiling /home/ubuntu/environment/aws-robomaker-mini-pupper-application/simulation_ws/build/champ_msgs/devel/lib/python2.7/dist-packages/champ_msgs/msg/_ContactsStamped.py ...
[9.300s] Compiling /home/ubuntu/environment/aws-robomaker-mini-pupper-application/simulation_ws/build/champ_msgs/devel/lib/python2.7/dist-packages/champ_msgs/msg/_Imu.py ...
[9.300s] Compiling /home/ubuntu/environment/aws-robomaker-mini-pupper-application/simulation_ws/build/champ_msgs/devel/lib/python2.7/dist-packages/champ_msgs/msg/_Joints.py ...
[9.301s] Compiling /home/ubuntu/environment/aws-robomaker-mini-pupper-application/simulation_ws/build/champ_msgs/devel/lib/python2.7/dist-packages/champ_msgs/msg/_PID.py ...
[9.301s] Compiling /home/ubuntu/environment/aws-robomaker-mini-pupper-application/simulation_ws/build/champ_msgs/devel/lib/python2.7/dist-packages/champ_msgs/msg/_Point.py ...
[9.301s] Compiling /home/ubuntu/environment/aws-robomaker-mini-pupper-application/simulation_ws/build/champ_msgs/devel/lib/python2.7/dist-packages/champ_msgs/msg/_PointArray.py ...
[9.301s] Compiling /home/ubuntu/environment/aws-robomaker-mini-pupper-application/simulation_ws/build/champ_msgs/devel/lib/python2.7/dist-packages/champ_msgs/msg/_Pose.py ...
[9.301s] Compiling /home/ubuntu/environment/aws-robomaker-mini-pupper-application/simulation_ws/build/champ_msgs/devel/lib/python2.7/dist-packages/champ_msgs/msg/_Velocities.py ...
[9.301s] Compiling /home/ubuntu/environment/aws-robomaker-mini-pupper-application/simulation_ws/build/champ_msgs/devel/lib/python2.7/dist-packages/champ_msgs/msg/__init__.py ...
[9.302s] -- Installing: /home/ubuntu/environment/aws-robomaker-mini-pupper-application/simulation_ws/install/champ_msgs/lib/python2.7/dist-packages/champ_msgs
[9.302s] -- Installing: /home/ubuntu/environment/aws-robomaker-mini-pupper-application/simulation_ws/install/champ_msgs/lib/python2.7/dist-packages/champ_msgs/__init__.pyc
[9.302s] -- Installing: /home/ubuntu/environment/aws-robomaker-mini-pupper-application/simulation_ws/install/champ_msgs/lib/python2.7/dist-packages/champ_msgs/msg
[9.302s] -- Installing: /home/ubuntu/environment/aws-robomaker-mini-pupper-application/simulation_ws/install/champ_msgs/lib/python2.7/dist-packages/champ_msgs/msg/_ContactsStamped.pyc
[9.302s] -- Installing: /home/ubuntu/environment/aws-robomaker-mini-pupper-application/simulation_ws/install/champ_msgs/lib/python2.7/dist-packages/champ_msgs/msg/_Imu.pyc
[9.302s] -- Installing: /home/ubuntu/environment/aws-robomaker-mini-pupper-application/simulation_ws/install/champ_msgs/lib/python2.7/dist-packages/champ_msgs/msg/_PointArray.py
[9.303s] -- Installing: /home/ubuntu/environment/aws-robomaker-mini-pupper-application/simulation_ws/install/champ_msgs/lib/python2.7/dist-packages/champ_msgs/msg/__init__.pyc
[9.303s] -- Installing: /home/ubuntu/environment/aws-robomaker-mini-pupper-application/simulation_ws/install/champ_msgs/lib/python2.7/dist-packages/champ_msgs/msg/_PID.py
[9.303s] -- Installing: /home/ubuntu/environment/aws-robomaker-mini-pupper-application/simulation_ws/install/champ_msgs/lib/python2.7/dist-packages/champ_msgs/msg/_Joints.py
[9.303s] -- Installing: /home/ubuntu/environment/aws-robomaker-mini-pupper-application/simulation_ws/install/champ_msgs/lib/python2.7/dist-packages/champ_msgs/msg/_Joints.pyc
[9.303s] -- Installing: /home/ubuntu/environment/aws-robomaker-mini-pupper-application/simulation_ws/install/champ_msgs/lib/python2.7/dist-packages/champ_msgs/msg/_Velocities.pyc
[9.303s] -- Installing: /home/ubuntu/environment/aws-robomaker-mini-pupper-application/simulation_ws/install/champ_msgs/lib/python2.7/dist-packages/champ_msgs/msg/_Contacts.py
[9.304s] -- Installing: /home/ubuntu/environment/aws-robomaker-mini-pupper-application/simulation_ws/install/champ_msgs/lib/python2.7/dist-packages/champ_msgs/msg/_PointArray.pyc
[9.304s] -- Installing: /home/ubuntu/environment/aws-robomaker-mini-pupper-application/simulation_ws/install/champ_msgs/lib/python2.7/dist-packages/champ_msgs/msg/_Imu.py
[9.304s] -- Installing: /home/ubuntu/environment/aws-robomaker-mini-pupper-application/simulation_ws/install/champ_msgs/lib/python2.7/dist-packages/champ_msgs/msg/_ContactsStamped.py
[9.304s] -- Installing: /home/ubuntu/environment/aws-robomaker-mini-pupper-application/simulation_ws/install/champ_msgs/lib/python2.7/dist-packages/champ_msgs/msg/_Point.py
[9.304s] -- Installing: /home/ubuntu/environment/aws-robomaker-mini-pupper-application/simulation_ws/install/champ_msgs/lib/python2.7/dist-packages/champ_msgs/msg/_Pose.pyc
[9.305s] -- Installing: /home/ubuntu/environment/aws-robomaker-mini-pupper-application/simulation_ws/install/champ_msgs/lib/python2.7/dist-packages/champ_msgs/msg/_PID.pyc
[9.305s] -- Installing: /home/ubuntu/environment/aws-robomaker-mini-pupper-application/simulation_ws/install/champ_msgs/lib/python2.7/dist-packages/champ_msgs/msg/_Pose.py
[9.305s] -- Installing: /home/ubuntu/environment/aws-robomaker-mini-pupper-application/simulation_ws/install/champ_msgs/lib/python2.7/dist-packages/champ_msgs/msg/__init__.py
[9.305s] -- Installing: /home/ubuntu/environment/aws-robomaker-mini-pupper-application/simulation_ws/install/champ_msgs/lib/python2.7/dist-packages/champ_msgs/msg/_Contacts.pyc
[9.305s] -- Installing: /home/ubuntu/environment/aws-robomaker-mini-pupper-application/simulation_ws/install/champ_msgs/lib/python2.7/dist-packages/champ_msgs/msg/_Point.pyc
[9.305s] -- Installing: /home/ubuntu/environment/aws-robomaker-mini-pupper-application/simulation_ws/install/champ_msgs/lib/python2.7/dist-packages/champ_msgs/msg/_Velocities.py
[9.305s] -- Installing: /home/ubuntu/environment/aws-robomaker-mini-pupper-application/simulation_ws/install/champ_msgs/lib/python2.7/dist-packages/champ_msgs/__init__.py
[9.305s] -- Installing: /home/ubuntu/environment/aws-robomaker-mini-pupper-application/simulation_ws/install/champ_msgs/lib/pkgconfig/champ_msgs.pc
[9.306s] -- Installing: /home/ubuntu/environment/aws-robomaker-mini-pupper-application/simulation_ws/install/champ_msgs/share/champ_msgs/cmake/champ_msgs-msg-extras.cmake
[9.306s] -- Installing: /home/ubuntu/environment/aws-robomaker-mini-pupper-application/simulation_ws/install/champ_msgs/share/champ_msgs/cmake/champ_msgsConfig.cmake
[9.306s] -- Installing: /home/ubuntu/environment/aws-robomaker-mini-pupper-application/simulation_ws/install/champ_msgs/share/champ_msgs/cmake/champ_msgsConfig-version.cmake
[9.306s] -- Installing: /home/ubuntu/environment/aws-robomaker-mini-pupper-application/simulation_ws/install/champ_msgs/share/champ_msgs/package.xml
[9.309s] Invoked command in '/home/ubuntu/environment/aws-robomaker-mini-pupper-application/simulation_ws/build/champ_msgs' returned '0': /usr/bin/cmake --build /home/ubuntu/environment/aws-robomaker-mini-pupper-application/simulation_ws/build/champ_msgs --target install -- -j4 -l4
