[0.037s] Invoking command in '/home/ubuntu/environment/aws-robomaker-mini-pupper-application/robot_ws/build/mini_pupper_navigation': /usr/bin/cmake /home/ubuntu/environment/aws-robomaker-mini-pupper-application/robot_ws/src/mini_pupper_navigation -DCATKIN_INSTALL_INTO_PREFIX_ROOT=0 -DCMAKE_INSTALL_PREFIX=/home/ubuntu/environment/aws-robomaker-mini-pupper-application/robot_ws/install/mini_pupper_navigation
[9.457s] -- The C compiler identification is GNU 7.5.0
[14.419s] -- The CXX compiler identification is GNU 7.5.0
[14.429s] -- Check for working C compiler: /usr/bin/cc
[14.499s] -- Check for working C compiler: /usr/bin/cc -- works
[14.500s] -- Detecting C compiler ABI info
[14.569s] -- Detecting C compiler ABI info - done
[14.579s] -- Detecting C compile features
[14.965s] -- Detecting C compile features - done
[14.970s] -- Check for working CXX compiler: /usr/bin/c++
[15.047s] -- Check for working CXX compiler: /usr/bin/c++ -- works
[15.047s] -- Detecting CXX compiler ABI info
[15.126s] -- Detecting CXX compiler ABI info - done
[15.135s] -- Detecting CXX compile features
[15.479s] -- Detecting CXX compile features - done
[15.482s] -- Using CATKIN_DEVEL_PREFIX: /home/ubuntu/environment/aws-robomaker-mini-pupper-application/robot_ws/build/mini_pupper_navigation/devel
[15.482s] -- Using CMAKE_PREFIX_PATH: /opt/ros/melodic
[15.483s] -- This workspace overlays: /opt/ros/melodic
[15.751s] -- Found PythonInterp: /usr/bin/python2 (found suitable version "2.7.17", minimum required is "2") 
[15.751s] -- Using PYTHON_EXECUTABLE: /usr/bin/python2
[15.752s] -- Using Debian Python package layout
[15.752s] -- Using empy: /usr/bin/empy
[15.913s] -- Using CATKIN_ENABLE_TESTING: ON
[15.913s] -- Call enable_testing()
[15.916s] -- Using CATKIN_TEST_RESULTS_DIR: /home/ubuntu/environment/aws-robomaker-mini-pupper-application/robot_ws/build/mini_pupper_navigation/test_results
[15.936s] -- Found gtest sources under '/usr/src/googletest': gtests will be built
[15.936s] -- Found gmock sources under '/usr/src/googletest': gmock will be built
[16.127s] -- Found PythonInterp: /usr/bin/python2 (found version "2.7.17") 
[16.130s] -- Looking for pthread.h
[16.703s] -- Looking for pthread.h - found
[16.704s] -- Looking for pthread_create
[16.774s] -- Looking for pthread_create - not found
[16.774s] -- Looking for pthread_create in pthreads
[16.832s] -- Looking for pthread_create in pthreads - not found
[16.832s] -- Looking for pthread_create in pthread
[16.899s] -- Looking for pthread_create in pthread - found
[16.900s] -- Found Threads: TRUE  
[16.905s] -- Using Python nosetests: /usr/bin/nosetests-2.7
[17.691s] -- catkin 0.7.29
[17.692s] -- BUILD_SHARED_LIBS is on
[17.860s] -- Using these message generators: gencpp;geneus;genlisp;gennodejs;genpy
[18.209s] -- Configuring done
[18.234s] -- Generating done
[18.241s] -- Build files have been written to: /home/ubuntu/environment/aws-robomaker-mini-pupper-application/robot_ws/build/mini_pupper_navigation
[18.245s] Invoked command in '/home/ubuntu/environment/aws-robomaker-mini-pupper-application/robot_ws/build/mini_pupper_navigation' returned '0': /usr/bin/cmake /home/ubuntu/environment/aws-robomaker-mini-pupper-application/robot_ws/src/mini_pupper_navigation -DCATKIN_INSTALL_INTO_PREFIX_ROOT=0 -DCMAKE_INSTALL_PREFIX=/home/ubuntu/environment/aws-robomaker-mini-pupper-application/robot_ws/install/mini_pupper_navigation
[18.249s] Invoking command in '/home/ubuntu/environment/aws-robomaker-mini-pupper-application/robot_ws/build/mini_pupper_navigation': /usr/bin/cmake --build /home/ubuntu/environment/aws-robomaker-mini-pupper-application/robot_ws/build/mini_pupper_navigation -- -j4 -l4
[18.290s] Invoked command in '/home/ubuntu/environment/aws-robomaker-mini-pupper-application/robot_ws/build/mini_pupper_navigation' returned '0': /usr/bin/cmake --build /home/ubuntu/environment/aws-robomaker-mini-pupper-application/robot_ws/build/mini_pupper_navigation -- -j4 -l4
[18.347s] Invoking command in '/home/ubuntu/environment/aws-robomaker-mini-pupper-application/robot_ws/build/mini_pupper_navigation': /usr/bin/cmake --build /home/ubuntu/environment/aws-robomaker-mini-pupper-application/robot_ws/build/mini_pupper_navigation --target tests -- -j4 -l4
[18.400s] [35m[1mScanning dependencies of target tests[0m
[18.410s] Built target tests
[18.421s] Invoked command in '/home/ubuntu/environment/aws-robomaker-mini-pupper-application/robot_ws/build/mini_pupper_navigation' returned '0': /usr/bin/cmake --build /home/ubuntu/environment/aws-robomaker-mini-pupper-application/robot_ws/build/mini_pupper_navigation --target tests -- -j4 -l4
[18.487s] Invoking command in '/home/ubuntu/environment/aws-robomaker-mini-pupper-application/robot_ws/build/mini_pupper_navigation': /usr/bin/cmake --build /home/ubuntu/environment/aws-robomaker-mini-pupper-application/robot_ws/build/mini_pupper_navigation --target install -- -j4 -l4
[18.535s] [36mInstall the project...[0m
[18.544s] -- Install configuration: ""
[18.544s] -- Installing: /home/ubuntu/environment/aws-robomaker-mini-pupper-application/robot_ws/install/mini_pupper_navigation/lib/pkgconfig/mini_pupper_navigation.pc
[18.544s] -- Installing: /home/ubuntu/environment/aws-robomaker-mini-pupper-application/robot_ws/install/mini_pupper_navigation/share/mini_pupper_navigation/cmake/mini_pupper_navigationConfig.cmake
[18.544s] -- Installing: /home/ubuntu/environment/aws-robomaker-mini-pupper-application/robot_ws/install/mini_pupper_navigation/share/mini_pupper_navigation/cmake/mini_pupper_navigationConfig-version.cmake
[18.545s] -- Installing: /home/ubuntu/environment/aws-robomaker-mini-pupper-application/robot_ws/install/mini_pupper_navigation/share/mini_pupper_navigation/package.xml
[18.545s] -- Installing: /home/ubuntu/environment/aws-robomaker-mini-pupper-application/robot_ws/install/mini_pupper_navigation/share/mini_pupper_navigation/launch
[18.545s] -- Installing: /home/ubuntu/environment/aws-robomaker-mini-pupper-application/robot_ws/install/mini_pupper_navigation/share/mini_pupper_navigation/launch/deploy_rotate.launch
[18.545s] -- Installing: /home/ubuntu/environment/aws-robomaker-mini-pupper-application/robot_ws/install/mini_pupper_navigation/share/mini_pupper_navigation/launch/include
[18.546s] -- Installing: /home/ubuntu/environment/aws-robomaker-mini-pupper-application/robot_ws/install/mini_pupper_navigation/share/mini_pupper_navigation/launch/include/move_base.launch
[18.546s] -- Installing: /home/ubuntu/environment/aws-robomaker-mini-pupper-application/robot_ws/install/mini_pupper_navigation/share/mini_pupper_navigation/launch/navigate.launch
[18.547s] -- Installing: /home/ubuntu/environment/aws-robomaker-mini-pupper-application/robot_ws/install/mini_pupper_navigation/share/mini_pupper_navigation/launch/rotate.launch
[18.547s] -- Installing: /home/ubuntu/environment/aws-robomaker-mini-pupper-application/robot_ws/install/mini_pupper_navigation/share/mini_pupper_navigation/maps
[18.547s] -- Installing: /home/ubuntu/environment/aws-robomaker-mini-pupper-application/robot_ws/install/mini_pupper_navigation/share/mini_pupper_navigation/maps/map.pbstream
[18.576s] -- Installing: /home/ubuntu/environment/aws-robomaker-mini-pupper-application/robot_ws/install/mini_pupper_navigation/share/mini_pupper_navigation/maps/map.yaml
[18.576s] -- Installing: /home/ubuntu/environment/aws-robomaker-mini-pupper-application/robot_ws/install/mini_pupper_navigation/share/mini_pupper_navigation/maps/map.pgm
[18.579s] -- Installing: /home/ubuntu/environment/aws-robomaker-mini-pupper-application/robot_ws/install/mini_pupper_navigation/share/mini_pupper_navigation/rviz
[18.579s] -- Installing: /home/ubuntu/environment/aws-robomaker-mini-pupper-application/robot_ws/install/mini_pupper_navigation/share/mini_pupper_navigation/rviz/navigate.rviz
[18.580s] -- Installing: /home/ubuntu/environment/aws-robomaker-mini-pupper-application/robot_ws/install/mini_pupper_navigation/share/mini_pupper_navigation/config
[18.580s] -- Installing: /home/ubuntu/environment/aws-robomaker-mini-pupper-application/robot_ws/install/mini_pupper_navigation/share/mini_pupper_navigation/config/joints
[18.580s] -- Installing: /home/ubuntu/environment/aws-robomaker-mini-pupper-application/robot_ws/install/mini_pupper_navigation/share/mini_pupper_navigation/config/joints/joints.yaml
[18.581s] -- Installing: /home/ubuntu/environment/aws-robomaker-mini-pupper-application/robot_ws/install/mini_pupper_navigation/share/mini_pupper_navigation/config/ros_control
[18.581s] -- Installing: /home/ubuntu/environment/aws-robomaker-mini-pupper-application/robot_ws/install/mini_pupper_navigation/share/mini_pupper_navigation/config/ros_control/ros_control.yaml
[18.581s] -- Installing: /home/ubuntu/environment/aws-robomaker-mini-pupper-application/robot_ws/install/mini_pupper_navigation/share/mini_pupper_navigation/config/cartographer
[18.581s] -- Installing: /home/ubuntu/environment/aws-robomaker-mini-pupper-application/robot_ws/install/mini_pupper_navigation/share/mini_pupper_navigation/config/cartographer/nav.lua
[18.582s] -- Installing: /home/ubuntu/environment/aws-robomaker-mini-pupper-application/robot_ws/install/mini_pupper_navigation/share/mini_pupper_navigation/config/cartographer/slam.lua
[18.582s] -- Installing: /home/ubuntu/environment/aws-robomaker-mini-pupper-application/robot_ws/install/mini_pupper_navigation/share/mini_pupper_navigation/config/gait
[18.582s] -- Installing: /home/ubuntu/environment/aws-robomaker-mini-pupper-application/robot_ws/install/mini_pupper_navigation/share/mini_pupper_navigation/config/gait/gait.yaml
[18.583s] -- Installing: /home/ubuntu/environment/aws-robomaker-mini-pupper-application/robot_ws/install/mini_pupper_navigation/share/mini_pupper_navigation/config/links
[18.583s] -- Installing: /home/ubuntu/environment/aws-robomaker-mini-pupper-application/robot_ws/install/mini_pupper_navigation/share/mini_pupper_navigation/config/links/links.yaml
[18.583s] -- Installing: /home/ubuntu/environment/aws-robomaker-mini-pupper-application/robot_ws/install/mini_pupper_navigation/share/mini_pupper_navigation/config/move_base
[18.584s] -- Installing: /home/ubuntu/environment/aws-robomaker-mini-pupper-application/robot_ws/install/mini_pupper_navigation/share/mini_pupper_navigation/config/move_base/local_costmap_params.yaml
[18.584s] -- Installing: /home/ubuntu/environment/aws-robomaker-mini-pupper-application/robot_ws/install/mini_pupper_navigation/share/mini_pupper_navigation/config/move_base/base_local_planner_holonomic_params.yaml
[18.584s] -- Installing: /home/ubuntu/environment/aws-robomaker-mini-pupper-application/robot_ws/install/mini_pupper_navigation/share/mini_pupper_navigation/config/move_base/move_base_params.yaml
[18.585s] -- Installing: /home/ubuntu/environment/aws-robomaker-mini-pupper-application/robot_ws/install/mini_pupper_navigation/share/mini_pupper_navigation/config/move_base/costmap_common_params.yaml
[18.585s] -- Installing: /home/ubuntu/environment/aws-robomaker-mini-pupper-application/robot_ws/install/mini_pupper_navigation/share/mini_pupper_navigation/config/move_base/global_costmap_params.yaml
[18.590s] Invoked command in '/home/ubuntu/environment/aws-robomaker-mini-pupper-application/robot_ws/build/mini_pupper_navigation' returned '0': /usr/bin/cmake --build /home/ubuntu/environment/aws-robomaker-mini-pupper-application/robot_ws/build/mini_pupper_navigation --target install -- -j4 -l4
