[0.057s] Invoking command in '/home/ubuntu/environment/aws-robomaker-mini-pupper-application/simulation_ws/build/champ_description': /usr/bin/cmake /home/ubuntu/environment/aws-robomaker-mini-pupper-application/simulation_ws/src/champ/champ_description -Wno-dev -DCATKIN_INSTALL_INTO_PREFIX_ROOT=0 -DCMAKE_INSTALL_PREFIX=/home/ubuntu/environment/aws-robomaker-mini-pupper-application/simulation_ws/install/champ_description
[0.153s] -- The C compiler identification is GNU 7.5.0
[0.251s] -- The CXX compiler identification is GNU 7.5.0
[0.259s] -- Check for working C compiler: /usr/bin/cc
[0.362s] -- Check for working C compiler: /usr/bin/cc -- works
[0.363s] -- Detecting C compiler ABI info
[0.471s] -- Detecting C compiler ABI info - done
[0.489s] -- Detecting C compile features
[0.817s] -- Detecting C compile features - done
[0.822s] -- Check for working CXX compiler: /usr/bin/c++
[0.943s] -- Check for working CXX compiler: /usr/bin/c++ -- works
[0.944s] -- Detecting CXX compiler ABI info
[1.077s] -- Detecting CXX compiler ABI info - done
[1.095s] -- Detecting CXX compile features
[1.652s] -- Detecting CXX compile features - done
[1.654s] -- Using CATKIN_DEVEL_PREFIX: /home/ubuntu/environment/aws-robomaker-mini-pupper-application/simulation_ws/build/champ_description/devel
[1.654s] -- Using CMAKE_PREFIX_PATH: /opt/ros/melodic
[1.654s] -- This workspace overlays: /opt/ros/melodic
[1.677s] -- Found PythonInterp: /usr/bin/python2 (found suitable version "2.7.17", minimum required is "2") 
[1.677s] -- Using PYTHON_EXECUTABLE: /usr/bin/python2
[1.678s] -- Using Debian Python package layout
[1.679s] -- Using empy: /usr/bin/empy
[1.931s] -- Using CATKIN_ENABLE_TESTING: ON
[1.931s] -- Call enable_testing()
[1.937s] -- Using CATKIN_TEST_RESULTS_DIR: /home/ubuntu/environment/aws-robomaker-mini-pupper-application/simulation_ws/build/champ_description/test_results
[1.967s] -- Found gtest sources under '/usr/src/googletest': gtests will be built
[1.967s] -- Found gmock sources under '/usr/src/googletest': gmock will be built
[1.987s] -- Found PythonInterp: /usr/bin/python2 (found version "2.7.17") 
[1.989s] -- Looking for pthread.h
[2.101s] -- Looking for pthread.h - found
[2.102s] -- Looking for pthread_create
[2.220s] -- Looking for pthread_create - not found
[2.220s] -- Looking for pthread_create in pthreads
[2.309s] -- Looking for pthread_create in pthreads - not found
[2.310s] -- Looking for pthread_create in pthread
[2.420s] -- Looking for pthread_create in pthread - found
[2.422s] -- Found Threads: TRUE  
[2.431s] -- Using Python nosetests: /usr/bin/nosetests-2.7
[2.505s] -- catkin 0.7.29
[2.505s] -- BUILD_SHARED_LIBS is on
[2.852s] -- Configuring done
[2.878s] -- Generating done
[2.879s] -- Build files have been written to: /home/ubuntu/environment/aws-robomaker-mini-pupper-application/simulation_ws/build/champ_description
[2.883s] Invoked command in '/home/ubuntu/environment/aws-robomaker-mini-pupper-application/simulation_ws/build/champ_description' returned '0': /usr/bin/cmake /home/ubuntu/environment/aws-robomaker-mini-pupper-application/simulation_ws/src/champ/champ_description -Wno-dev -DCATKIN_INSTALL_INTO_PREFIX_ROOT=0 -DCMAKE_INSTALL_PREFIX=/home/ubuntu/environment/aws-robomaker-mini-pupper-application/simulation_ws/install/champ_description
[2.887s] Invoking command in '/home/ubuntu/environment/aws-robomaker-mini-pupper-application/simulation_ws/build/champ_description': /usr/bin/cmake --build /home/ubuntu/environment/aws-robomaker-mini-pupper-application/simulation_ws/build/champ_description -- -j4 -l4
[2.956s] Invoked command in '/home/ubuntu/environment/aws-robomaker-mini-pupper-application/simulation_ws/build/champ_description' returned '0': /usr/bin/cmake --build /home/ubuntu/environment/aws-robomaker-mini-pupper-application/simulation_ws/build/champ_description -- -j4 -l4
[3.018s] Invoking command in '/home/ubuntu/environment/aws-robomaker-mini-pupper-application/simulation_ws/build/champ_description': /usr/bin/cmake --build /home/ubuntu/environment/aws-robomaker-mini-pupper-application/simulation_ws/build/champ_description --target tests -- -j4 -l4
[3.103s] [35m[1mScanning dependencies of target tests[0m
[3.120s] Built target tests
[3.140s] Invoked command in '/home/ubuntu/environment/aws-robomaker-mini-pupper-application/simulation_ws/build/champ_description' returned '0': /usr/bin/cmake --build /home/ubuntu/environment/aws-robomaker-mini-pupper-application/simulation_ws/build/champ_description --target tests -- -j4 -l4
[3.195s] Invoking command in '/home/ubuntu/environment/aws-robomaker-mini-pupper-application/simulation_ws/build/champ_description': /usr/bin/cmake --build /home/ubuntu/environment/aws-robomaker-mini-pupper-application/simulation_ws/build/champ_description --target install -- -j4 -l4
[3.273s] [36mInstall the project...[0m
[3.287s] -- Install configuration: ""
[3.288s] -- Installing: /home/ubuntu/environment/aws-robomaker-mini-pupper-application/simulation_ws/install/champ_description/lib/pkgconfig/champ_description.pc
[3.288s] -- Installing: /home/ubuntu/environment/aws-robomaker-mini-pupper-application/simulation_ws/install/champ_description/share/champ_description/cmake/champ_descriptionConfig.cmake
[3.288s] -- Installing: /home/ubuntu/environment/aws-robomaker-mini-pupper-application/simulation_ws/install/champ_description/share/champ_description/cmake/champ_descriptionConfig-version.cmake
[3.289s] -- Installing: /home/ubuntu/environment/aws-robomaker-mini-pupper-application/simulation_ws/install/champ_description/share/champ_description/package.xml
[3.290s] -- Installing: /home/ubuntu/environment/aws-robomaker-mini-pupper-application/simulation_ws/install/champ_description/share/champ_description/meshes
[3.290s] -- Installing: /home/ubuntu/environment/aws-robomaker-mini-pupper-application/simulation_ws/install/champ_description/share/champ_description/meshes/lower_leg.stl
[3.291s] -- Installing: /home/ubuntu/environment/aws-robomaker-mini-pupper-application/simulation_ws/install/champ_description/share/champ_description/meshes/hip.stl
[3.292s] -- Installing: /home/ubuntu/environment/aws-robomaker-mini-pupper-application/simulation_ws/install/champ_description/share/champ_description/meshes/upper_leg.stl
[3.292s] -- Installing: /home/ubuntu/environment/aws-robomaker-mini-pupper-application/simulation_ws/install/champ_description/share/champ_description/meshes/arm
[3.293s] -- Installing: /home/ubuntu/environment/aws-robomaker-mini-pupper-application/simulation_ws/install/champ_description/share/champ_description/meshes/arm/upper_arm.stl
[3.294s] -- Installing: /home/ubuntu/environment/aws-robomaker-mini-pupper-application/simulation_ws/install/champ_description/share/champ_description/meshes/arm/lower_arm.stl
[3.297s] -- Installing: /home/ubuntu/environment/aws-robomaker-mini-pupper-application/simulation_ws/install/champ_description/share/champ_description/meshes/arm/base.stl
[3.302s] -- Installing: /home/ubuntu/environment/aws-robomaker-mini-pupper-application/simulation_ws/install/champ_description/share/champ_description/meshes/arm/wrist1.stl
[3.304s] -- Installing: /home/ubuntu/environment/aws-robomaker-mini-pupper-application/simulation_ws/install/champ_description/share/champ_description/meshes/arm/wrist2.stl
[3.305s] -- Installing: /home/ubuntu/environment/aws-robomaker-mini-pupper-application/simulation_ws/install/champ_description/share/champ_description/meshes/base.stl
[3.306s] -- Installing: /home/ubuntu/environment/aws-robomaker-mini-pupper-application/simulation_ws/install/champ_description/share/champ_description/launch
[3.310s] -- Installing: /home/ubuntu/environment/aws-robomaker-mini-pupper-application/simulation_ws/install/champ_description/share/champ_description/launch/description.launch
[3.311s] -- Installing: /home/ubuntu/environment/aws-robomaker-mini-pupper-application/simulation_ws/install/champ_description/share/champ_description/launch/view_urdf.launch
[3.311s] -- Installing: /home/ubuntu/environment/aws-robomaker-mini-pupper-application/simulation_ws/install/champ_description/share/champ_description/urdf
[3.311s] -- Installing: /home/ubuntu/environment/aws-robomaker-mini-pupper-application/simulation_ws/install/champ_description/share/champ_description/urdf/champ_arm.urdf
[3.328s] -- Installing: /home/ubuntu/environment/aws-robomaker-mini-pupper-application/simulation_ws/install/champ_description/share/champ_description/urdf/gen_urdf
[3.328s] -- Installing: /home/ubuntu/environment/aws-robomaker-mini-pupper-application/simulation_ws/install/champ_description/share/champ_description/urdf/properties.urdf.xacro
[3.328s] -- Installing: /home/ubuntu/environment/aws-robomaker-mini-pupper-application/simulation_ws/install/champ_description/share/champ_description/urdf/leg.urdf.xacro
[3.330s] -- Installing: /home/ubuntu/environment/aws-robomaker-mini-pupper-application/simulation_ws/install/champ_description/share/champ_description/urdf/accessories.urdf.xacro
[3.330s] -- Installing: /home/ubuntu/environment/aws-robomaker-mini-pupper-application/simulation_ws/install/champ_description/share/champ_description/urdf/champ_velodyne.urdf
[3.330s] -- Installing: /home/ubuntu/environment/aws-robomaker-mini-pupper-application/simulation_ws/install/champ_description/share/champ_description/urdf/champ.urdf.xacro
[3.330s] -- Installing: /home/ubuntu/environment/aws-robomaker-mini-pupper-application/simulation_ws/install/champ_description/share/champ_description/urdf/champ.urdf
[3.331s] -- Installing: /home/ubuntu/environment/aws-robomaker-mini-pupper-application/simulation_ws/install/champ_description/share/champ_description/rviz
[3.331s] -- Installing: /home/ubuntu/environment/aws-robomaker-mini-pupper-application/simulation_ws/install/champ_description/share/champ_description/rviz/urdf_viewer.rviz
[3.331s] Invoked command in '/home/ubuntu/environment/aws-robomaker-mini-pupper-application/simulation_ws/build/champ_description' returned '0': /usr/bin/cmake --build /home/ubuntu/environment/aws-robomaker-mini-pupper-application/simulation_ws/build/champ_description --target install -- -j4 -l4
