-- The C compiler identification is GNU 7.5.0
-- The CXX compiler identification is GNU 7.5.0
-- Check for working C compiler: /usr/bin/cc
-- Check for working C compiler: /usr/bin/cc -- works
-- Detecting C compiler ABI info
-- Detecting C compiler ABI info - done
-- Detecting C compile features
-- Detecting C compile features - done
-- Check for working CXX compiler: /usr/bin/c++
-- Check for working CXX compiler: /usr/bin/c++ -- works
-- Detecting CXX compiler ABI info
-- Detecting CXX compiler ABI info - done
-- Detecting CXX compile features
-- Detecting CXX compile features - done
-- Using CATKIN_DEVEL_PREFIX: /home/ubuntu/environment/aws-robomaker-mini-pupper-application/simulation_ws/build/mini_pupper_description/devel
-- Using CMAKE_PREFIX_PATH: /opt/ros/melodic
-- This workspace overlays: /opt/ros/melodic
-- Found PythonInterp: /usr/bin/python2 (found suitable version "2.7.17", minimum required is "2") 
-- Using PYTHON_EXECUTABLE: /usr/bin/python2
-- Using Debian Python package layout
-- Using empy: /usr/bin/empy
-- Using CATKIN_ENABLE_TESTING: ON
-- Call enable_testing()
-- Using CATKIN_TEST_RESULTS_DIR: /home/ubuntu/environment/aws-robomaker-mini-pupper-application/simulation_ws/build/mini_pupper_description/test_results
-- Found gtest sources under '/usr/src/googletest': gtests will be built
-- Found gmock sources under '/usr/src/googletest': gmock will be built
-- Found PythonInterp: /usr/bin/python2 (found version "2.7.17") 
-- Looking for pthread.h
-- Looking for pthread.h - found
-- Looking for pthread_create
-- Looking for pthread_create - not found
-- Looking for pthread_create in pthreads
-- Looking for pthread_create in pthreads - not found
-- Looking for pthread_create in pthread
-- Looking for pthread_create in pthread - found
-- Found Threads: TRUE  
-- Using Python nosetests: /usr/bin/nosetests-2.7
-- catkin 0.7.29
-- BUILD_SHARED_LIBS is on
-- Configuring done
-- Generating done
-- Build files have been written to: /home/ubuntu/environment/aws-robomaker-mini-pupper-application/simulation_ws/build/mini_pupper_description
[35m[1mScanning dependencies of target tests[0m
Built target tests
[36mInstall the project...[0m
-- Install configuration: ""
-- Installing: /home/ubuntu/environment/aws-robomaker-mini-pupper-application/simulation_ws/install/mini_pupper_description/lib/pkgconfig/mini_pupper_description.pc
-- Installing: /home/ubuntu/environment/aws-robomaker-mini-pupper-application/simulation_ws/install/mini_pupper_description/share/mini_pupper_description/cmake/mini_pupper_descriptionConfig.cmake
-- Installing: /home/ubuntu/environment/aws-robomaker-mini-pupper-application/simulation_ws/install/mini_pupper_description/share/mini_pupper_description/cmake/mini_pupper_descriptionConfig-version.cmake
-- Installing: /home/ubuntu/environment/aws-robomaker-mini-pupper-application/simulation_ws/install/mini_pupper_description/share/mini_pupper_description/package.xml
-- Installing: /home/ubuntu/environment/aws-robomaker-mini-pupper-application/simulation_ws/install/mini_pupper_description/share/mini_pupper_description/config
-- Installing: /home/ubuntu/environment/aws-robomaker-mini-pupper-application/simulation_ws/install/mini_pupper_description/share/mini_pupper_description/config/joint_names_mini_pupper_description.yaml
-- Installing: /home/ubuntu/environment/aws-robomaker-mini-pupper-application/simulation_ws/install/mini_pupper_description/share/mini_pupper_description/launch
-- Installing: /home/ubuntu/environment/aws-robomaker-mini-pupper-application/simulation_ws/install/mini_pupper_description/share/mini_pupper_description/launch/gazebo.launch
-- Installing: /home/ubuntu/environment/aws-robomaker-mini-pupper-application/simulation_ws/install/mini_pupper_description/share/mini_pupper_description/launch/display.launch
-- Installing: /home/ubuntu/environment/aws-robomaker-mini-pupper-application/simulation_ws/install/mini_pupper_description/share/mini_pupper_description/meshes
-- Installing: /home/ubuntu/environment/aws-robomaker-mini-pupper-application/simulation_ws/install/mini_pupper_description/share/mini_pupper_description/meshes/lffoot.STL
-- Installing: /home/ubuntu/environment/aws-robomaker-mini-pupper-application/simulation_ws/install/mini_pupper_description/share/mini_pupper_description/meshes/rf2.STL
-- Installing: /home/ubuntu/environment/aws-robomaker-mini-pupper-application/simulation_ws/install/mini_pupper_description/share/mini_pupper_description/meshes/lf2.STL
-- Installing: /home/ubuntu/environment/aws-robomaker-mini-pupper-application/simulation_ws/install/mini_pupper_description/share/mini_pupper_description/meshes/lb2.STL
-- Installing: /home/ubuntu/environment/aws-robomaker-mini-pupper-application/simulation_ws/install/mini_pupper_description/share/mini_pupper_description/meshes/lpb1.STL
-- Installing: /home/ubuntu/environment/aws-robomaker-mini-pupper-application/simulation_ws/install/mini_pupper_description/share/mini_pupper_description/meshes/lpf1.STL
-- Installing: /home/ubuntu/environment/aws-robomaker-mini-pupper-application/simulation_ws/install/mini_pupper_description/share/mini_pupper_description/meshes/rpf1.STL
-- Installing: /home/ubuntu/environment/aws-robomaker-mini-pupper-application/simulation_ws/install/mini_pupper_description/share/mini_pupper_description/meshes/lpf2.STL
-- Installing: /home/ubuntu/environment/aws-robomaker-mini-pupper-application/simulation_ws/install/mini_pupper_description/share/mini_pupper_description/meshes/rf1.STL
-- Installing: /home/ubuntu/environment/aws-robomaker-mini-pupper-application/simulation_ws/install/mini_pupper_description/share/mini_pupper_description/meshes/rffoot.STL
-- Installing: /home/ubuntu/environment/aws-robomaker-mini-pupper-application/simulation_ws/install/mini_pupper_description/share/mini_pupper_description/meshes/lidar.STL
-- Installing: /home/ubuntu/environment/aws-robomaker-mini-pupper-application/simulation_ws/install/mini_pupper_description/share/mini_pupper_description/meshes/lf1.STL
-- Installing: /home/ubuntu/environment/aws-robomaker-mini-pupper-application/simulation_ws/install/mini_pupper_description/share/mini_pupper_description/meshes/rpf2.STL
-- Installing: /home/ubuntu/environment/aws-robomaker-mini-pupper-application/simulation_ws/install/mini_pupper_description/share/mini_pupper_description/meshes/lpb2.STL
-- Installing: /home/ubuntu/environment/aws-robomaker-mini-pupper-application/simulation_ws/install/mini_pupper_description/share/mini_pupper_description/meshes/lb3.STL
-- Installing: /home/ubuntu/environment/aws-robomaker-mini-pupper-application/simulation_ws/install/mini_pupper_description/share/mini_pupper_description/meshes/rb2.STL
-- Installing: /home/ubuntu/environment/aws-robomaker-mini-pupper-application/simulation_ws/install/mini_pupper_description/share/mini_pupper_description/meshes/lbfoot.STL
-- Installing: /home/ubuntu/environment/aws-robomaker-mini-pupper-application/simulation_ws/install/mini_pupper_description/share/mini_pupper_description/meshes/rpb2.STL
-- Installing: /home/ubuntu/environment/aws-robomaker-mini-pupper-application/simulation_ws/install/mini_pupper_description/share/mini_pupper_description/meshes/yellow_plate.STL
-- Installing: /home/ubuntu/environment/aws-robomaker-mini-pupper-application/simulation_ws/install/mini_pupper_description/share/mini_pupper_description/meshes/rpb1.STL
-- Installing: /home/ubuntu/environment/aws-robomaker-mini-pupper-application/simulation_ws/install/mini_pupper_description/share/mini_pupper_description/meshes/lb1.STL
-- Installing: /home/ubuntu/environment/aws-robomaker-mini-pupper-application/simulation_ws/install/mini_pupper_description/share/mini_pupper_description/meshes/lf3.STL
-- Installing: /home/ubuntu/environment/aws-robomaker-mini-pupper-application/simulation_ws/install/mini_pupper_description/share/mini_pupper_description/meshes/rf3.STL
-- Installing: /home/ubuntu/environment/aws-robomaker-mini-pupper-application/simulation_ws/install/mini_pupper_description/share/mini_pupper_description/meshes/rb1.STL
-- Installing: /home/ubuntu/environment/aws-robomaker-mini-pupper-application/simulation_ws/install/mini_pupper_description/share/mini_pupper_description/meshes/base_link.STL
-- Installing: /home/ubuntu/environment/aws-robomaker-mini-pupper-application/simulation_ws/install/mini_pupper_description/share/mini_pupper_description/meshes/rb3.STL
-- Installing: /home/ubuntu/environment/aws-robomaker-mini-pupper-application/simulation_ws/install/mini_pupper_description/share/mini_pupper_description/meshes/d435.dae
-- Installing: /home/ubuntu/environment/aws-robomaker-mini-pupper-application/simulation_ws/install/mini_pupper_description/share/mini_pupper_description/meshes/rbfoot.STL
-- Installing: /home/ubuntu/environment/aws-robomaker-mini-pupper-application/simulation_ws/install/mini_pupper_description/share/mini_pupper_description/urdf
-- Installing: /home/ubuntu/environment/aws-robomaker-mini-pupper-application/simulation_ws/install/mini_pupper_description/share/mini_pupper_description/urdf/mini_pupper_description.urdf.xacro
-- Installing: /home/ubuntu/environment/aws-robomaker-mini-pupper-application/simulation_ws/install/mini_pupper_description/share/mini_pupper_description/urdf/_materials.urdf.xacro
-- Installing: /home/ubuntu/environment/aws-robomaker-mini-pupper-application/simulation_ws/install/mini_pupper_description/share/mini_pupper_description/urdf/_usb_plug.urdf.xacro
-- Installing: /home/ubuntu/environment/aws-robomaker-mini-pupper-application/simulation_ws/install/mini_pupper_description/share/mini_pupper_description/urdf/mini_pupper_description.urdf
-- Installing: /home/ubuntu/environment/aws-robomaker-mini-pupper-application/simulation_ws/install/mini_pupper_description/share/mini_pupper_description/urdf/_d435.urdf.xacro
-- Installing: /home/ubuntu/environment/aws-robomaker-mini-pupper-application/simulation_ws/install/mini_pupper_description/share/mini_pupper_description/urdf/mini_pupper_description.csv
