[0.022s] Invoking command in '/home/ubuntu/environment/aws-robomaker-mini-pupper-application/simulation_ws/build/mini_pupper_description': /usr/bin/cmake /home/ubuntu/environment/aws-robomaker-mini-pupper-application/simulation_ws/src/minipupper_ros/mini_pupper_description -Wno-dev -DCATKIN_INSTALL_INTO_PREFIX_ROOT=0 -DCMAKE_INSTALL_PREFIX=/home/ubuntu/environment/aws-robomaker-mini-pupper-application/simulation_ws/install/mini_pupper_description
[0.158s] -- The C compiler identification is GNU 7.5.0
[0.289s] -- The CXX compiler identification is GNU 7.5.0
[0.299s] -- Check for working C compiler: /usr/bin/cc
[0.409s] -- Check for working C compiler: /usr/bin/cc -- works
[0.410s] -- Detecting C compiler ABI info
[0.588s] -- Detecting C compiler ABI info - done
[0.606s] -- Detecting C compile features
[1.062s] -- Detecting C compile features - done
[1.067s] -- Check for working CXX compiler: /usr/bin/c++
[1.230s] -- Check for working CXX compiler: /usr/bin/c++ -- works
[1.231s] -- Detecting CXX compiler ABI info
[1.401s] -- Detecting CXX compiler ABI info - done
[1.415s] -- Detecting CXX compile features
[2.175s] -- Detecting CXX compile features - done
[2.194s] -- Using CATKIN_DEVEL_PREFIX: /home/ubuntu/environment/aws-robomaker-mini-pupper-application/simulation_ws/build/mini_pupper_description/devel
[2.194s] -- Using CMAKE_PREFIX_PATH: /opt/ros/melodic
[2.195s] -- This workspace overlays: /opt/ros/melodic
[2.246s] -- Found PythonInterp: /usr/bin/python2 (found suitable version "2.7.17", minimum required is "2") 
[2.246s] -- Using PYTHON_EXECUTABLE: /usr/bin/python2
[2.247s] -- Using Debian Python package layout
[2.247s] -- Using empy: /usr/bin/empy
[2.586s] -- Using CATKIN_ENABLE_TESTING: ON
[2.587s] -- Call enable_testing()
[2.589s] -- Using CATKIN_TEST_RESULTS_DIR: /home/ubuntu/environment/aws-robomaker-mini-pupper-application/simulation_ws/build/mini_pupper_description/test_results
[2.618s] -- Found gtest sources under '/usr/src/googletest': gtests will be built
[2.619s] -- Found gmock sources under '/usr/src/googletest': gmock will be built
[2.638s] -- Found PythonInterp: /usr/bin/python2 (found version "2.7.17") 
[2.640s] -- Looking for pthread.h
[2.773s] -- Looking for pthread.h - found
[2.774s] -- Looking for pthread_create
[2.933s] -- Looking for pthread_create - not found
[2.934s] -- Looking for pthread_create in pthreads
[3.025s] -- Looking for pthread_create in pthreads - not found
[3.025s] -- Looking for pthread_create in pthread
[3.138s] -- Looking for pthread_create in pthread - found
[3.139s] -- Found Threads: TRUE  
[3.146s] -- Using Python nosetests: /usr/bin/nosetests-2.7
[3.217s] -- catkin 0.7.29
[3.217s] -- BUILD_SHARED_LIBS is on
[3.528s] -- Configuring done
[3.544s] -- Generating done
[3.546s] -- Build files have been written to: /home/ubuntu/environment/aws-robomaker-mini-pupper-application/simulation_ws/build/mini_pupper_description
[3.551s] Invoked command in '/home/ubuntu/environment/aws-robomaker-mini-pupper-application/simulation_ws/build/mini_pupper_description' returned '0': /usr/bin/cmake /home/ubuntu/environment/aws-robomaker-mini-pupper-application/simulation_ws/src/minipupper_ros/mini_pupper_description -Wno-dev -DCATKIN_INSTALL_INTO_PREFIX_ROOT=0 -DCMAKE_INSTALL_PREFIX=/home/ubuntu/environment/aws-robomaker-mini-pupper-application/simulation_ws/install/mini_pupper_description
[3.555s] Invoking command in '/home/ubuntu/environment/aws-robomaker-mini-pupper-application/simulation_ws/build/mini_pupper_description': /usr/bin/cmake --build /home/ubuntu/environment/aws-robomaker-mini-pupper-application/simulation_ws/build/mini_pupper_description -- -j4 -l4
[3.600s] Invoked command in '/home/ubuntu/environment/aws-robomaker-mini-pupper-application/simulation_ws/build/mini_pupper_description' returned '0': /usr/bin/cmake --build /home/ubuntu/environment/aws-robomaker-mini-pupper-application/simulation_ws/build/mini_pupper_description -- -j4 -l4
[3.636s] Invoking command in '/home/ubuntu/environment/aws-robomaker-mini-pupper-application/simulation_ws/build/mini_pupper_description': /usr/bin/cmake --build /home/ubuntu/environment/aws-robomaker-mini-pupper-application/simulation_ws/build/mini_pupper_description --target tests -- -j4 -l4
[3.695s] [35m[1mScanning dependencies of target tests[0m
[3.709s] Built target tests
[3.724s] Invoked command in '/home/ubuntu/environment/aws-robomaker-mini-pupper-application/simulation_ws/build/mini_pupper_description' returned '0': /usr/bin/cmake --build /home/ubuntu/environment/aws-robomaker-mini-pupper-application/simulation_ws/build/mini_pupper_description --target tests -- -j4 -l4
[3.756s] Invoking command in '/home/ubuntu/environment/aws-robomaker-mini-pupper-application/simulation_ws/build/mini_pupper_description': /usr/bin/cmake --build /home/ubuntu/environment/aws-robomaker-mini-pupper-application/simulation_ws/build/mini_pupper_description --target install -- -j4 -l4
[3.809s] [36mInstall the project...[0m
[3.821s] -- Install configuration: ""
[3.822s] -- Installing: /home/ubuntu/environment/aws-robomaker-mini-pupper-application/simulation_ws/install/mini_pupper_description/lib/pkgconfig/mini_pupper_description.pc
[3.822s] -- Installing: /home/ubuntu/environment/aws-robomaker-mini-pupper-application/simulation_ws/install/mini_pupper_description/share/mini_pupper_description/cmake/mini_pupper_descriptionConfig.cmake
[3.822s] -- Installing: /home/ubuntu/environment/aws-robomaker-mini-pupper-application/simulation_ws/install/mini_pupper_description/share/mini_pupper_description/cmake/mini_pupper_descriptionConfig-version.cmake
[3.822s] -- Installing: /home/ubuntu/environment/aws-robomaker-mini-pupper-application/simulation_ws/install/mini_pupper_description/share/mini_pupper_description/package.xml
[3.822s] -- Installing: /home/ubuntu/environment/aws-robomaker-mini-pupper-application/simulation_ws/install/mini_pupper_description/share/mini_pupper_description/config
[3.823s] -- Installing: /home/ubuntu/environment/aws-robomaker-mini-pupper-application/simulation_ws/install/mini_pupper_description/share/mini_pupper_description/config/joint_names_mini_pupper_description.yaml
[3.823s] -- Installing: /home/ubuntu/environment/aws-robomaker-mini-pupper-application/simulation_ws/install/mini_pupper_description/share/mini_pupper_description/launch
[3.823s] -- Installing: /home/ubuntu/environment/aws-robomaker-mini-pupper-application/simulation_ws/install/mini_pupper_description/share/mini_pupper_description/launch/gazebo.launch
[3.823s] -- Installing: /home/ubuntu/environment/aws-robomaker-mini-pupper-application/simulation_ws/install/mini_pupper_description/share/mini_pupper_description/launch/display.launch
[3.824s] -- Installing: /home/ubuntu/environment/aws-robomaker-mini-pupper-application/simulation_ws/install/mini_pupper_description/share/mini_pupper_description/meshes
[3.824s] -- Installing: /home/ubuntu/environment/aws-robomaker-mini-pupper-application/simulation_ws/install/mini_pupper_description/share/mini_pupper_description/meshes/lffoot.STL
[3.825s] -- Installing: /home/ubuntu/environment/aws-robomaker-mini-pupper-application/simulation_ws/install/mini_pupper_description/share/mini_pupper_description/meshes/rf2.STL
[3.826s] -- Installing: /home/ubuntu/environment/aws-robomaker-mini-pupper-application/simulation_ws/install/mini_pupper_description/share/mini_pupper_description/meshes/lf2.STL
[3.827s] -- Installing: /home/ubuntu/environment/aws-robomaker-mini-pupper-application/simulation_ws/install/mini_pupper_description/share/mini_pupper_description/meshes/lb2.STL
[3.828s] -- Installing: /home/ubuntu/environment/aws-robomaker-mini-pupper-application/simulation_ws/install/mini_pupper_description/share/mini_pupper_description/meshes/lpb1.STL
[3.830s] -- Installing: /home/ubuntu/environment/aws-robomaker-mini-pupper-application/simulation_ws/install/mini_pupper_description/share/mini_pupper_description/meshes/lpf1.STL
[3.831s] -- Installing: /home/ubuntu/environment/aws-robomaker-mini-pupper-application/simulation_ws/install/mini_pupper_description/share/mini_pupper_description/meshes/rpf1.STL
[3.832s] -- Installing: /home/ubuntu/environment/aws-robomaker-mini-pupper-application/simulation_ws/install/mini_pupper_description/share/mini_pupper_description/meshes/lpf2.STL
[3.833s] -- Installing: /home/ubuntu/environment/aws-robomaker-mini-pupper-application/simulation_ws/install/mini_pupper_description/share/mini_pupper_description/meshes/rf1.STL
[3.835s] -- Installing: /home/ubuntu/environment/aws-robomaker-mini-pupper-application/simulation_ws/install/mini_pupper_description/share/mini_pupper_description/meshes/rffoot.STL
[3.836s] -- Installing: /home/ubuntu/environment/aws-robomaker-mini-pupper-application/simulation_ws/install/mini_pupper_description/share/mini_pupper_description/meshes/lidar.STL
[3.837s] -- Installing: /home/ubuntu/environment/aws-robomaker-mini-pupper-application/simulation_ws/install/mini_pupper_description/share/mini_pupper_description/meshes/lf1.STL
[3.839s] -- Installing: /home/ubuntu/environment/aws-robomaker-mini-pupper-application/simulation_ws/install/mini_pupper_description/share/mini_pupper_description/meshes/rpf2.STL
[3.840s] -- Installing: /home/ubuntu/environment/aws-robomaker-mini-pupper-application/simulation_ws/install/mini_pupper_description/share/mini_pupper_description/meshes/lpb2.STL
[3.841s] -- Installing: /home/ubuntu/environment/aws-robomaker-mini-pupper-application/simulation_ws/install/mini_pupper_description/share/mini_pupper_description/meshes/lb3.STL
[3.845s] -- Installing: /home/ubuntu/environment/aws-robomaker-mini-pupper-application/simulation_ws/install/mini_pupper_description/share/mini_pupper_description/meshes/rb2.STL
[3.846s] -- Installing: /home/ubuntu/environment/aws-robomaker-mini-pupper-application/simulation_ws/install/mini_pupper_description/share/mini_pupper_description/meshes/lbfoot.STL
[3.858s] -- Installing: /home/ubuntu/environment/aws-robomaker-mini-pupper-application/simulation_ws/install/mini_pupper_description/share/mini_pupper_description/meshes/rpb2.STL
[3.863s] -- Installing: /home/ubuntu/environment/aws-robomaker-mini-pupper-application/simulation_ws/install/mini_pupper_description/share/mini_pupper_description/meshes/yellow_plate.STL
[3.863s] -- Installing: /home/ubuntu/environment/aws-robomaker-mini-pupper-application/simulation_ws/install/mini_pupper_description/share/mini_pupper_description/meshes/rpb1.STL
[3.863s] -- Installing: /home/ubuntu/environment/aws-robomaker-mini-pupper-application/simulation_ws/install/mini_pupper_description/share/mini_pupper_description/meshes/lb1.STL
[3.863s] -- Installing: /home/ubuntu/environment/aws-robomaker-mini-pupper-application/simulation_ws/install/mini_pupper_description/share/mini_pupper_description/meshes/lf3.STL
[3.864s] -- Installing: /home/ubuntu/environment/aws-robomaker-mini-pupper-application/simulation_ws/install/mini_pupper_description/share/mini_pupper_description/meshes/rf3.STL
[3.864s] -- Installing: /home/ubuntu/environment/aws-robomaker-mini-pupper-application/simulation_ws/install/mini_pupper_description/share/mini_pupper_description/meshes/rb1.STL
[3.865s] -- Installing: /home/ubuntu/environment/aws-robomaker-mini-pupper-application/simulation_ws/install/mini_pupper_description/share/mini_pupper_description/meshes/base_link.STL
[3.879s] -- Installing: /home/ubuntu/environment/aws-robomaker-mini-pupper-application/simulation_ws/install/mini_pupper_description/share/mini_pupper_description/meshes/rb3.STL
[3.881s] -- Installing: /home/ubuntu/environment/aws-robomaker-mini-pupper-application/simulation_ws/install/mini_pupper_description/share/mini_pupper_description/meshes/d435.dae
[3.947s] -- Installing: /home/ubuntu/environment/aws-robomaker-mini-pupper-application/simulation_ws/install/mini_pupper_description/share/mini_pupper_description/meshes/rbfoot.STL
[3.947s] -- Installing: /home/ubuntu/environment/aws-robomaker-mini-pupper-application/simulation_ws/install/mini_pupper_description/share/mini_pupper_description/urdf
[3.947s] -- Installing: /home/ubuntu/environment/aws-robomaker-mini-pupper-application/simulation_ws/install/mini_pupper_description/share/mini_pupper_description/urdf/mini_pupper_description.urdf.xacro
[3.947s] -- Installing: /home/ubuntu/environment/aws-robomaker-mini-pupper-application/simulation_ws/install/mini_pupper_description/share/mini_pupper_description/urdf/_materials.urdf.xacro
[3.947s] -- Installing: /home/ubuntu/environment/aws-robomaker-mini-pupper-application/simulation_ws/install/mini_pupper_description/share/mini_pupper_description/urdf/_usb_plug.urdf.xacro
[3.948s] -- Installing: /home/ubuntu/environment/aws-robomaker-mini-pupper-application/simulation_ws/install/mini_pupper_description/share/mini_pupper_description/urdf/mini_pupper_description.urdf
[3.948s] -- Installing: /home/ubuntu/environment/aws-robomaker-mini-pupper-application/simulation_ws/install/mini_pupper_description/share/mini_pupper_description/urdf/_d435.urdf.xacro
[3.948s] -- Installing: /home/ubuntu/environment/aws-robomaker-mini-pupper-application/simulation_ws/install/mini_pupper_description/share/mini_pupper_description/urdf/mini_pupper_description.csv
[3.965s] Invoked command in '/home/ubuntu/environment/aws-robomaker-mini-pupper-application/simulation_ws/build/mini_pupper_description' returned '0': /usr/bin/cmake --build /home/ubuntu/environment/aws-robomaker-mini-pupper-application/simulation_ws/build/mini_pupper_description --target install -- -j4 -l4
