Determining if the pthread_create exist failed with the following output:
Change Dir: /home/ubuntu/environment/aws-robomaker-mini-pupper-application/simulation_ws/build/champ_msgs/CMakeFiles/CMakeTmp

Run Build Command:"/usr/bin/make" "cmTC_5820c/fast"
/usr/bin/make -f CMakeFiles/cmTC_5820c.dir/build.make CMakeFiles/cmTC_5820c.dir/build
make[1]: Entering directory '/home/ubuntu/environment/aws-robomaker-mini-pupper-application/simulation_ws/build/champ_msgs/CMakeFiles/CMakeTmp'
Building C object CMakeFiles/cmTC_5820c.dir/CheckSymbolExists.c.o
/usr/bin/cc    -o CMakeFiles/cmTC_5820c.dir/CheckSymbolExists.c.o   -c /home/ubuntu/environment/aws-robomaker-mini-pupper-application/simulation_ws/build/champ_msgs/CMakeFiles/CMakeTmp/CheckSymbolExists.c
Linking C executable cmTC_5820c
/usr/bin/cmake -E cmake_link_script CMakeFiles/cmTC_5820c.dir/link.txt --verbose=1
/usr/bin/cc      -rdynamic CMakeFiles/cmTC_5820c.dir/CheckSymbolExists.c.o  -o cmTC_5820c 
CMakeFiles/cmTC_5820c.dir/CheckSymbolExists.c.o: In function `main':
CheckSymbolExists.c:(.text+0x1b): undefined reference to `pthread_create'
collect2: error: ld returned 1 exit status
CMakeFiles/cmTC_5820c.dir/build.make:97: recipe for target 'cmTC_5820c' failed
make[1]: *** [cmTC_5820c] Error 1
make[1]: Leaving directory '/home/ubuntu/environment/aws-robomaker-mini-pupper-application/simulation_ws/build/champ_msgs/CMakeFiles/CMakeTmp'
Makefile:126: recipe for target 'cmTC_5820c/fast' failed
make: *** [cmTC_5820c/fast] Error 2

File /home/ubuntu/environment/aws-robomaker-mini-pupper-application/simulation_ws/build/champ_msgs/CMakeFiles/CMakeTmp/CheckSymbolExists.c:
/* */
#include <pthread.h>

int main(int argc, char** argv)
{
  (void)argv;
#ifndef pthread_create
  return ((int*)(&pthread_create))[argc];
#else
  (void)argc;
  return 0;
#endif
}

Determining if the function pthread_create exists in the pthreads failed with the following output:
Change Dir: /home/ubuntu/environment/aws-robomaker-mini-pupper-application/simulation_ws/build/champ_msgs/CMakeFiles/CMakeTmp

Run Build Command:"/usr/bin/make" "cmTC_6d906/fast"
/usr/bin/make -f CMakeFiles/cmTC_6d906.dir/build.make CMakeFiles/cmTC_6d906.dir/build
make[1]: Entering directory '/home/ubuntu/environment/aws-robomaker-mini-pupper-application/simulation_ws/build/champ_msgs/CMakeFiles/CMakeTmp'
Building C object CMakeFiles/cmTC_6d906.dir/CheckFunctionExists.c.o
/usr/bin/cc   -DCHECK_FUNCTION_EXISTS=pthread_create   -o CMakeFiles/cmTC_6d906.dir/CheckFunctionExists.c.o   -c /usr/share/cmake-3.10/Modules/CheckFunctionExists.c
Linking C executable cmTC_6d906
/usr/bin/cmake -E cmake_link_script CMakeFiles/cmTC_6d906.dir/link.txt --verbose=1
/usr/bin/cc  -DCHECK_FUNCTION_EXISTS=pthread_create    -rdynamic CMakeFiles/cmTC_6d906.dir/CheckFunctionExists.c.o  -o cmTC_6d906 -lpthreads 
/usr/bin/ld: cannot find -lpthreads
collect2: error: ld returned 1 exit status
CMakeFiles/cmTC_6d906.dir/build.make:97: recipe for target 'cmTC_6d906' failed
make[1]: *** [cmTC_6d906] Error 1
make[1]: Leaving directory '/home/ubuntu/environment/aws-robomaker-mini-pupper-application/simulation_ws/build/champ_msgs/CMakeFiles/CMakeTmp'
Makefile:126: recipe for target 'cmTC_6d906/fast' failed
make: *** [cmTC_6d906/fast] Error 2


