Determining if the pthread_create exist failed with the following output:
Change Dir: /home/ubuntu/environment/aws-robomaker-mini-pupper-application/simulation_ws/build/yocs_velocity_smoother/CMakeFiles/CMakeTmp

Run Build Command:"/usr/bin/make" "cmTC_f4e5c/fast"
/usr/bin/make -f CMakeFiles/cmTC_f4e5c.dir/build.make CMakeFiles/cmTC_f4e5c.dir/build
make[1]: Entering directory '/home/ubuntu/environment/aws-robomaker-mini-pupper-application/simulation_ws/build/yocs_velocity_smoother/CMakeFiles/CMakeTmp'
Building C object CMakeFiles/cmTC_f4e5c.dir/CheckSymbolExists.c.o
/usr/bin/cc    -o CMakeFiles/cmTC_f4e5c.dir/CheckSymbolExists.c.o   -c /home/ubuntu/environment/aws-robomaker-mini-pupper-application/simulation_ws/build/yocs_velocity_smoother/CMakeFiles/CMakeTmp/CheckSymbolExists.c
Linking C executable cmTC_f4e5c
/usr/bin/cmake -E cmake_link_script CMakeFiles/cmTC_f4e5c.dir/link.txt --verbose=1
/usr/bin/cc      -rdynamic CMakeFiles/cmTC_f4e5c.dir/CheckSymbolExists.c.o  -o cmTC_f4e5c 
CMakeFiles/cmTC_f4e5c.dir/CheckSymbolExists.c.o: In function `main':
CheckSymbolExists.c:(.text+0x1b): undefined reference to `pthread_create'
collect2: error: ld returned 1 exit status
CMakeFiles/cmTC_f4e5c.dir/build.make:97: recipe for target 'cmTC_f4e5c' failed
make[1]: *** [cmTC_f4e5c] Error 1
make[1]: Leaving directory '/home/ubuntu/environment/aws-robomaker-mini-pupper-application/simulation_ws/build/yocs_velocity_smoother/CMakeFiles/CMakeTmp'
Makefile:126: recipe for target 'cmTC_f4e5c/fast' failed
make: *** [cmTC_f4e5c/fast] Error 2

File /home/ubuntu/environment/aws-robomaker-mini-pupper-application/simulation_ws/build/yocs_velocity_smoother/CMakeFiles/CMakeTmp/CheckSymbolExists.c:
/* */
#include <pthread.h>

int main(int argc, char** argv)
{
  (void)argv;
#ifndef pthread_create
  return ((int*)(&pthread_create))[argc];
#else
  (void)argc;
  return 0;
#endif
}

Determining if the function pthread_create exists in the pthreads failed with the following output:
Change Dir: /home/ubuntu/environment/aws-robomaker-mini-pupper-application/simulation_ws/build/yocs_velocity_smoother/CMakeFiles/CMakeTmp

Run Build Command:"/usr/bin/make" "cmTC_dfd6a/fast"
/usr/bin/make -f CMakeFiles/cmTC_dfd6a.dir/build.make CMakeFiles/cmTC_dfd6a.dir/build
make[1]: Entering directory '/home/ubuntu/environment/aws-robomaker-mini-pupper-application/simulation_ws/build/yocs_velocity_smoother/CMakeFiles/CMakeTmp'
Building C object CMakeFiles/cmTC_dfd6a.dir/CheckFunctionExists.c.o
/usr/bin/cc   -DCHECK_FUNCTION_EXISTS=pthread_create   -o CMakeFiles/cmTC_dfd6a.dir/CheckFunctionExists.c.o   -c /usr/share/cmake-3.10/Modules/CheckFunctionExists.c
Linking C executable cmTC_dfd6a
/usr/bin/cmake -E cmake_link_script CMakeFiles/cmTC_dfd6a.dir/link.txt --verbose=1
/usr/bin/cc  -DCHECK_FUNCTION_EXISTS=pthread_create    -rdynamic CMakeFiles/cmTC_dfd6a.dir/CheckFunctionExists.c.o  -o cmTC_dfd6a -lpthreads 
/usr/bin/ld: cannot find -lpthreads
collect2: error: ld returned 1 exit status
CMakeFiles/cmTC_dfd6a.dir/build.make:97: recipe for target 'cmTC_dfd6a' failed
make[1]: *** [cmTC_dfd6a] Error 1
make[1]: Leaving directory '/home/ubuntu/environment/aws-robomaker-mini-pupper-application/simulation_ws/build/yocs_velocity_smoother/CMakeFiles/CMakeTmp'
Makefile:126: recipe for target 'cmTC_dfd6a/fast' failed
make: *** [cmTC_dfd6a/fast] Error 2


